[2014-04-11 07:33:26] __rvm_make
__rvm_make () 
{ 
    \make "$@" || return $?
}
current path: /home/sekai_cms/.rvm/src/ruby-2.1.1
PATH=/sbin:/bin:/usr/sbin:/usr/bin:/usr/games:/usr/local/sbin:/usr/local/bin:/home/sekai_cms/bin:/usr/local/heroku/heroku-client/bin/:/home/sekai_cms/.rvm/bin
command(3): __rvm_make -j2 -B
++ /scripts/functions/support : __rvm_make()  281 > make -j2 -B
	CC = cc
	LD = ld
	LDSHARED = cc -shared
	CFLAGS = -O3 -fno-fast-math -ggdb3 -Wall -Wextra -Wno-unused-parameter -Wno-parentheses -Wno-long-long -Wno-missing-field-initializers -Wunused-variable -Wpointer-arith -Wwrite-strings -Wdeclaration-after-statement -Wshorten-64-to-32 -Wimplicit-function-declaration -Wdivision-by-zero -Wextra-tokens -ansi -std=iso9899:199409  -fPIC 
	XCFLAGS = -D_FORTIFY_SOURCE=2 -fstack-protector -fno-strict-overflow -fvisibility=hidden -DRUBY_EXPORT
	CPPFLAGS = -I/usr/local/include   -I. -I.ext/include/x86_64-freebsd10.0 -I./include -I.
	DLDFLAGS = -Wl,-soname,showflags -L/usr/local/lib  -Wl,-R/usr/local/lib  -fstack-protector  
	SOLIBS = -lexecinfo -lthr -lgmp -lcrypt -lm  
FreeBSD clang version 3.3 (tags/RELEASE_33/final 183502) 20130610
Target: x86_64-unknown-freebsd10.0
Thread model: posix
compiling main.c
compiling dmydln.c
compiling miniinit.c
compiling miniprelude.c
copying dummy probes.h
compiling array.c
compiling bignum.c
compiling class.c
compiling compar.c
compiling complex.c
compiling dir.c
compiling dln_find.c
compiling encoding.c
compiling enum.c
compiling enumerator.c
compiling error.c
compiling eval.c
compiling load.c
compiling proc.c
compiling file.c
compiling gc.c
compiling hash.c
compiling inits.c
compiling io.c
compiling marshal.c
compiling math.c
compiling node.c
compiling numeric.c
compiling object.c
compiling pack.c
compiling parse.c
compiling process.c
compiling random.c
compiling range.c
compiling rational.c
compiling re.c
compiling regcomp.c
compiling regenc.c
compiling regerror.c
compiling regexec.c
compiling regparse.c
compiling regsyntax.c
compiling ruby.c
compiling safe.c
compiling signal.c
compiling sprintf.c
compiling st.c
compiling strftime.c
compiling string.c
compiling struct.c
compiling time.c
compiling transcode.c
compiling util.c
compiling variable.c
compiling version.c
compiling compile.c
compiling debug.c
compiling iseq.c
compiling vm.c
vm.c:2336:13: warning: implicit conversion loses integer precision: 'size_t' (aka 'unsigned long') to 'int' [-Wshorten-64-to-32]
    int n = backtrace(trace, MAX_NATIVE_TRACE);
        ~   ^~~~~~~~~~~~~~~~~~~~~~~~~~~~~~~~~~
1 warning generated.
compiling vm_dump.c
compiling vm_backtrace.c
compiling vm_trace.c
compiling thread.c
compiling cont.c
compiling ./enc/ascii.c
compiling ./enc/us_ascii.c
compiling ./enc/unicode.c
compiling ./enc/utf_8.c
compiling newline.c
compiling ./missing/close.c
compiling addr2line.c
compiling dmyext.c
linking miniruby
cc: warning: argument unused during compilation: '-ansi'
rbconfig.rb updated
generating enc.mk
compiling dln.c
compiling localeinit.c
creating verconf.h
compiling loadpath.c
generating prelude.c
compiling prelude.c
linking static-library libruby-static.a
verifying static-library libruby-static.a
cc: warning: argument unused during compilation: '-ansi'
linking shared-library libruby.so.21
generating encdb.h
encdb.h unchanged
making enc
compiling ./enc/encdb.c
linking encoding encdb.so
compiling ./enc/big5.c
linking encoding big5.so
compiling ./enc/cp949.c
linking encoding cp949.so
compiling ./enc/emacs_mule.c
linking encoding emacs_mule.so
compiling ./enc/euc_jp.c
linking encoding euc_jp.so
compiling ./enc/euc_kr.c
linking encoding euc_kr.so
compiling ./enc/euc_tw.c
linking encoding euc_tw.so
compiling ./enc/gb2312.c
linking encoding gb2312.so
compiling ./enc/gb18030.c
linking encoding gb18030.so
compiling ./enc/gbk.c
linking encoding gbk.so
compiling ./enc/iso_8859_1.c
linking encoding iso_8859_1.so
compiling ./enc/iso_8859_2.c
linking encoding iso_8859_2.so
compiling ./enc/iso_8859_3.c
linking encoding iso_8859_3.so
compiling ./enc/iso_8859_4.c
linking encoding iso_8859_4.so
compiling ./enc/iso_8859_5.c
linking encoding iso_8859_5.so
compiling ./enc/iso_8859_6.c
linking encoding iso_8859_6.so
compiling ./enc/iso_8859_7.c
linking encoding iso_8859_7.so
compiling ./enc/iso_8859_8.c
linking encoding iso_8859_8.so
compiling ./enc/iso_8859_9.c
linking encoding iso_8859_9.so
compiling ./enc/iso_8859_10.c
linking encoding iso_8859_10.so
compiling ./enc/iso_8859_11.c
linking encoding iso_8859_11.so
compiling ./enc/iso_8859_13.c
linking encoding iso_8859_13.so
compiling ./enc/iso_8859_14.c
linking encoding iso_8859_14.so
compiling ./enc/iso_8859_15.c
linking encoding iso_8859_15.so
compiling ./enc/iso_8859_16.c
linking encoding iso_8859_16.so
compiling ./enc/koi8_r.c
linking encoding koi8_r.so
compiling ./enc/koi8_u.c
linking encoding koi8_u.so
compiling ./enc/shift_jis.c
linking encoding shift_jis.so
compiling ./enc/utf_16be.c
linking encoding utf_16be.so
compiling ./enc/utf_16le.c
linking encoding utf_16le.so
compiling ./enc/utf_32be.c
linking encoding utf_32be.so
compiling ./enc/utf_32le.c
linking encoding utf_32le.so
compiling ./enc/windows_31j.c
linking encoding windows_31j.so
compiling ./enc/windows_1251.c
linking encoding windows_1251.so
`enc' is up to date.
making srcs under enc
generating transdb.h
transdb.h unchanged
making ./enc/trans
`./enc/trans' is up to date.
making encs
compiling ./enc/trans/transdb.c
linking transcoder transdb.so
compiling ./enc/trans/big5.c
linking transcoder big5.so
compiling ./enc/trans/chinese.c
linking transcoder chinese.so
compiling ./enc/trans/emoji.c
linking transcoder emoji.so
compiling ./enc/trans/emoji_iso2022_kddi.c
linking transcoder emoji_iso2022_kddi.so
compiling ./enc/trans/emoji_sjis_docomo.c
linking transcoder emoji_sjis_docomo.so
compiling ./enc/trans/emoji_sjis_kddi.c
linking transcoder emoji_sjis_kddi.so
compiling ./enc/trans/emoji_sjis_softbank.c
linking transcoder emoji_sjis_softbank.so
compiling ./enc/trans/escape.c
linking transcoder escape.so
compiling ./enc/trans/gb18030.c
linking transcoder gb18030.so
compiling ./enc/trans/gbk.c
linking transcoder gbk.so
compiling ./enc/trans/iso2022.c
linking transcoder iso2022.so
compiling ./enc/trans/japanese.c
linking transcoder japanese.so
compiling ./enc/trans/japanese_euc.c
linking transcoder japanese_euc.so
compiling ./enc/trans/japanese_sjis.c
linking transcoder japanese_sjis.so
compiling ./enc/trans/korean.c
linking transcoder korean.so
compiling ./enc/trans/single_byte.c
linking transcoder single_byte.so
compiling ./enc/trans/utf8_mac.c
linking transcoder utf8_mac.so
compiling ./enc/trans/utf_16_32.c
linking transcoder utf_16_32.so
generating makefile exts.mk
configuring -test-/array/resize
configuring -test-/bignum
configuring -test-/bug-3571
configuring -test-/bug-3662
configuring -test-/bug-5832
configuring -test-/bug_reporter
configuring -test-/class
configuring -test-/debug
configuring -test-/exception
configuring -test-/fatal
configuring -test-/file
configuring -test-/funcall
configuring -test-/iter
configuring -test-/load/dot.dot
configuring -test-/marshal/compat
configuring -test-/marshal/usr
configuring -test-/method
configuring -test-/num2int
configuring -test-/old_thread_select
configuring -test-/path_to_class
configuring -test-/postponed_job
configuring -test-/printf
configuring -test-/rational
configuring -test-/recursion
configuring -test-/st/numhash
configuring -test-/st/update
configuring -test-/string
configuring -test-/symbol
configuring -test-/tracepoint
configuring -test-/typeddata
configuring -test-/wait_for_single_fd
configuring -test-/win32/dln
Failed to configure -test-/win32/dln. It will not be installed.
configuring -test-/win32/fd_setsize
Failed to configure -test-/win32/fd_setsize. It will not be installed.
configuring bigdecimal
configuring continuation
configuring coverage
configuring date
configuring dbm
header: ndbm.h
library: libc
configuring digest
configuring digest/bubblebabble
configuring digest/md5
configuring digest/rmd160
configuring digest/sha1
configuring digest/sha2
configuring dl
configuring dl/callback
configuring etc
configuring fcntl
configuring fiber
configuring fiddle
configuring gdbm
configuring io/console
configuring io/nonblock
configuring io/wait
configuring json
configuring json/generator
configuring json/parser
configuring mathn/complex
configuring mathn/rational
configuring nkf
configuring objspace
configuring openssl
configuring pathname
configuring psych
configuring pty
configuring racc/cparse
configuring rbconfig/sizeof
configuring readline
configuring ripper
configuring sdbm
configuring socket
configuring stringio
configuring strscan
configuring syslog
configuring thread
configuring tk
...........
check struct members..
check libraries....
Use ActiveTcl libraries (if available).
Search tclConfig.sh and tkConfig.sh..............................
Fail to find [tclConfig.sh, tkConfig.sh]
Use X11 libraries (or use TK_XINCLUDES/TK_XLIBSW information on tkConfig.sh).

Search tcl.h..
Search tk.h..Search Tcl library........
Warning:: cannot find Tcl library. tcltklib will not be compiled (tcltklib is disabled on your Ruby. That is, Ruby/Tk will not work). Please check configure options.

Can't find proper Tcl/Tk libraries. So, can't make tcltklib.so which is required by Ruby/Tk.
If you have Tcl/Tk libraries on your environment, you may be able to use them with configure options (see ext/tk/README.tcltklib).
At present, Tcl/Tk8.6 is not supported. Although you can try to use Tcl/Tk8.6 with configure options, it will not work correctly. I recommend you to use Tcl/Tk8.5 or 8.4.
Failed to configure tk. It will not be installed.
configuring tk/tkutil
Failed to configure tk/tkutil. It will not be installed.
configuring win32
Failed to configure win32. It will not be installed.
configuring win32ole
Failed to configure win32ole. It will not be installed.
configuring zlib
compiling resize.c
linking shared-object -test-/array/resize.so
installing default resize libraries
compiling str2big.c
compiling mul.c
compiling big2str.c
compiling bigzero.c
compiling intpack.c
compiling div.c
compiling init.c
linking shared-object -test-/bignum.so
installing default bignum libraries
compiling bug.c
linking shared-object -test-/bug-3571/bug.so
installing default bug libraries
compiling bug.c
linking shared-object -test-/bug-3662/bug.so
installing default bug libraries
compiling bug.c
linking shared-object -test-/bug-5832/bug.so
installing default bug libraries
compiling bug_reporter.c
linking shared-object -test-/bug_reporter/bug_reporter.so
installing default bug_reporter libraries
compiling init.c
compiling class2name.c
linking shared-object -test-/class.so
installing default class libraries
compiling inspector.c
compiling profile_frames.c
compiling init.c
linking shared-object -test-/debug.so
installing default debug libraries
compiling dataerror.c
compiling ensured.c
compiling init.c
compiling enc_raise.c
linking shared-object -test-/exception.so
installing default exception libraries
compiling rb_fatal.c
linking shared-object -test-/fatal/rb_fatal.so
installing default rb_fatal libraries
compiling stat.c
compiling init.c
linking shared-object -test-/file.so
installing default file libraries
compiling passing_block.c
linking shared-object -test-/funcall/funcall.so
installing default funcall libraries
compiling yield.c
compiling init.c
compiling break.c
linking shared-object -test-/iter.so
installing default iter libraries
compiling dot.dot.c
linking shared-object -test-/load/dot.dot/dot.dot.so
installing default dot.dot libraries
compiling usrcompat.c
linking shared-object -test-/marshal/compat.so
installing default compat libraries
compiling usrmarshal.c
linking shared-object -test-/marshal/usr.so
installing default usr libraries
compiling arity.c
compiling init.c
linking shared-object -test-/method.so
installing default method libraries
compiling num2int.c
linking shared-object -test-/num2int/num2int.so
installing default num2int libraries
compiling old_thread_select.c
linking shared-object -test-/old_thread_select/old_thread_select.so
installing default old_thread_select libraries
compiling path_to_class.c
linking shared-object -test-/path_to_class/path_to_class.so
installing default path_to_class libraries
compiling postponed_job.c
linking shared-object -test-/postponed_job.so
installing default postponed_job libraries
compiling printf.c
linking shared-object -test-/printf.so
installing default printf libraries
compiling rat.c
linking shared-object -test-/rational.so
installing default rational libraries
compiling recursion.c
linking shared-object -test-/recursion.so
installing default recursion libraries
compiling numhash.c
linking shared-object -test-/st/numhash.so
installing default numhash libraries
compiling update.c
linking shared-object -test-/st/update.so
installing default update libraries
compiling cstr.c
compiling ellipsize.c
compiling enc_associate.c
compiling set_len.c
compiling coderange.c
compiling qsort.c
compiling modify.c
compiling normalize.c
compiling init.c
compiling enc_str_buf_cat.c
linking shared-object -test-/string/string.so
installing default string libraries
compiling intern.c
compiling type.c
compiling init.c
linking shared-object -test-/symbol.so
installing default symbol libraries
compiling tracepoint.c
compiling gc_hook.c
linking shared-object -test-/tracepoint.so
installing default tracepoint libraries
compiling typeddata.c
linking shared-object -test-/typeddata/typeddata.so
installing default typeddata libraries
compiling wait_for_single_fd.c
linking shared-object -test-/wait_for_single_fd/wait_for_single_fd.so
installing default wait_for_single_fd libraries
compiling bigdecimal.c
linking shared-object bigdecimal.so
installing default bigdecimal libraries
compiling continuation.c
linking shared-object continuation.so
installing default continuation libraries
compiling coverage.c
linking shared-object coverage.so
installing default coverage libraries
compiling date_strftime.c
compiling date_strptime.c
compiling date_parse.c
compiling date_core.c
linking shared-object date_core.so
installing default date_core libraries
compiling dbm.c
linking shared-object dbm.so
installing default dbm libraries
compiling digest.c
linking shared-object digest.so
installing digest libraries
installing default digest libraries
compiling bubblebabble.c
linking shared-object digest/bubblebabble.so
installing default bubblebabble libraries
compiling md5init.c
compiling md5ossl.c
linking shared-object digest/md5.so
installing default md5 libraries
compiling rmd160init.c
compiling rmd160.c
linking shared-object digest/rmd160.so
installing default rmd160 libraries
compiling sha1init.c
compiling sha1ossl.c
linking shared-object digest/sha1.so
installing default sha1 libraries
compiling sha2init.c
compiling sha2ossl.c
linking shared-object digest/sha2.so
installing default sha2 libraries
compiling handle.c
compiling dl.c
compiling cptr.c
cptr.c:391:10: warning: unused variable 'str' [-Wunused-variable]
    char str[1024];
         ^
1 warning generated.
compiling cfunc.c
linking shared-object dl.so
installing dl libraries
installing default dl libraries
compiling callback.c
compiling callback-0.c
compiling callback-1.c
compiling callback-2.c
compiling callback-3.c
compiling callback-4.c
compiling callback-5.c
compiling callback-6.c
compiling callback-7.c
compiling callback-8.c
linking shared-object dl/callback.so
installing default callback libraries
compiling etc.c
linking shared-object etc.so
installing default etc libraries
compiling fcntl.c
linking shared-object fcntl.so
installing default fcntl libraries
compiling fiber.c
linking shared-object fiber.so
installing default fiber libraries
compiling conversions.c
compiling handle.c
compiling closure.c
compiling fiddle.c
compiling function.c
compiling pointer.c
linking shared-object fiddle.so
installing default fiddle libraries
compiling gdbm.c
linking shared-object gdbm.so
installing default gdbm libraries
compiling console.c
linking shared-object io/console.so
installing default console libraries
compiling nonblock.c
linking shared-object io/nonblock.so
installing default nonblock libraries
compiling wait.c
linking shared-object io/wait.so
installing default wait libraries
installing default libraries
compiling generator.c
linking shared-object json/ext/generator.so
installing default generator libraries
compiling parser.c
linking shared-object json/ext/parser.so
installing default parser libraries
compiling complex.c
linking shared-object mathn/complex.so
installing default complex libraries
compiling rational.c
linking shared-object mathn/rational.so
installing default rational libraries
compiling nkf.c
linking shared-object nkf.so
installing default nkf libraries
compiling object_tracing.c
compiling objspace.c
compiling objspace_dump.c
linking shared-object objspace.so
installing default objspace libraries
compiling ossl_ssl_session.c
compiling ossl_ocsp.c
compiling ossl_x509req.c
compiling ossl_ns_spki.c
compiling ossl_x509revoked.c
compiling ossl_pkcs12.c
compiling ossl_pkcs5.c
compiling ossl_pkcs7.c
compiling ossl_pkey_ec.c
compiling ossl_bn.c
compiling ossl_config.c
compiling ossl.c
compiling ossl_bio.c
compiling ossl_pkey.c
compiling ossl_ssl.c
compiling ossl_digest.c
compiling ossl_x509attr.c
compiling ossl_x509ext.c
compiling ossl_x509store.c
compiling ossl_x509.c
compiling ossl_cipher.c
compiling ossl_hmac.c
compiling ossl_pkey_dh.c
compiling ossl_asn1.c
compiling ossl_x509name.c
compiling openssl_missing.c
compiling ossl_engine.c
compiling ossl_rand.c
compiling ossl_pkey_dsa.c
compiling ossl_pkey_rsa.c
compiling ossl_x509crl.c
compiling ossl_x509cert.c
linking shared-object openssl.so
installing default openssl libraries
compiling pathname.c
linking shared-object pathname.so
installing default pathname libraries
compiling psych_to_ruby.c
compiling psych.c
compiling psych_parser.c
compiling psych_emitter.c
compiling psych_yaml_tree.c
linking shared-object psych.so
installing default psych libraries
compiling pty.c
linking shared-object pty.so
installing default pty libraries
compiling cparse.c
linking shared-object racc/cparse.so
installing default cparse libraries
compiling sizes.c
linking shared-object rbconfig/sizeof.so
installing default sizeof libraries
compiling readline.c
readline.c:1977:26: error: use of undeclared identifier 'Function'
    rl_pre_input_hook = (Function *)readline_pre_input_hook;
                         ^
readline.c:1977:36: error: expected expression
    rl_pre_input_hook = (Function *)readline_pre_input_hook;
                                   ^
2 errors generated.
*** Error code 1

Stop.
make[2]: stopped in /usr/home/sekai_cms/.rvm/src/ruby-2.1.1/ext/readline
*** Error code 1

Stop.
make[1]: stopped in /usr/home/sekai_cms/.rvm/src/ruby-2.1.1
*** Error code 1

Stop.
make: stopped in /usr/home/sekai_cms/.rvm/src/ruby-2.1.1
++ /scripts/functions/support : __rvm_make()  281 > return 1
