This file contains any messages produced by compilers while
running configure, to aid debugging if configure makes a mistake.

It was created by readline configure 5.2, which was
generated by GNU Autoconf 2.69.  Invocation command line was

  $ ./configure --disable-dependency-tracking --prefix=/home/sekai_cms/.rvm/usr --disable-static --enable-shared

## --------- ##
## Platform. ##
## --------- ##

hostname = EVA01
uname -m = amd64
uname -r = 10.0-RELEASE
uname -s = FreeBSD
uname -v = FreeBSD 10.0-RELEASE #0 r260789: Thu Jan 16 22:34:59 UTC 2014     root@snap.freebsd.org:/usr/obj/usr/src/sys/GENERIC 

/usr/bin/uname -p = amd64
/bin/uname -X     = unknown

/bin/arch              = unknown
/usr/bin/arch -k       = unknown
/usr/convex/getsysinfo = unknown
/usr/bin/hostinfo      = unknown
/bin/machine           = unknown
/usr/bin/oslevel       = unknown
/bin/universe          = unknown

PATH: /sbin
PATH: /bin
PATH: /usr/sbin
PATH: /usr/games
PATH: /usr/local/sbin
PATH: /usr/local/bin
PATH: /home/sekai_cms/bin
PATH: /home/sekai_cms/.rvm/bin
PATH: /usr/bin


## ----------- ##
## Core tests. ##
## ----------- ##

configure:2252: checking build system type
configure:2266: result: x86_64-unknown-freebsd
configure:2286: checking host system type
configure:2299: result: x86_64-unknown-freebsd
configure:2404: checking whether make sets $(MAKE)
configure:2426: result: yes
configure:2483: checking for gcc
configure:2513: result: no
configure:2576: checking for cc
configure:2597: found /usr/bin/cc
configure:2620: result: cc
configure:2739: checking for C compiler version
configure:2748: cc --version >&5
FreeBSD clang version 3.3 (tags/RELEASE_33/final 183502) 20130610
Target: x86_64-unknown-freebsd10.0
Thread model: posix
configure:2759: $? = 0
configure:2748: cc -v >&5
FreeBSD clang version 3.3 (tags/RELEASE_33/final 183502) 20130610
Target: x86_64-unknown-freebsd10.0
Thread model: posix
configure:2759: $? = 0
configure:2748: cc -V >&5
cc: error: argument to '-V' is missing (expected 1 value)
cc: error: no input files
configure:2759: $? = 1
configure:2748: cc -qversion >&5
cc: error: no input files
configure:2759: $? = 1
configure:2779: checking whether the C compiler works
configure:2801: cc -I/usr/local/include -I/home/sekai_cms/.rvm/usr/include  -L/usr/local/lib -Wl,-rpath,/usr/local/lib -L/home/sekai_cms/.rvm/usr/lib -Wl,-rpath,/home/sekai_cms/.rvm/usr/lib conftest.c  >&5
configure:2805: $? = 0
configure:2853: result: yes
configure:2856: checking for C compiler default output file name
configure:2858: result: a.out
configure:2864: checking for suffix of executables
configure:2871: cc -o conftest -I/usr/local/include -I/home/sekai_cms/.rvm/usr/include  -L/usr/local/lib -Wl,-rpath,/usr/local/lib -L/home/sekai_cms/.rvm/usr/lib -Wl,-rpath,/home/sekai_cms/.rvm/usr/lib conftest.c  >&5
configure:2875: $? = 0
configure:2897: result: 
configure:2919: checking whether we are cross compiling
configure:2927: cc -o conftest -I/usr/local/include -I/home/sekai_cms/.rvm/usr/include  -L/usr/local/lib -Wl,-rpath,/usr/local/lib -L/home/sekai_cms/.rvm/usr/lib -Wl,-rpath,/home/sekai_cms/.rvm/usr/lib conftest.c  >&5
configure:2931: $? = 0
configure:2938: ./conftest
configure:2942: $? = 0
configure:2957: result: no
configure:2962: checking for suffix of object files
configure:2984: cc -c -I/usr/local/include -I/home/sekai_cms/.rvm/usr/include  conftest.c >&5
configure:2988: $? = 0
configure:3009: result: o
configure:3013: checking whether we are using the GNU C compiler
configure:3032: cc -c -I/usr/local/include -I/home/sekai_cms/.rvm/usr/include  conftest.c >&5
configure:3032: $? = 0
configure:3041: result: yes
configure:3050: checking whether cc accepts -g
configure:3070: cc -c -g  conftest.c >&5
configure:3070: $? = 0
configure:3111: result: yes
configure:3128: checking for cc option to accept ISO C89
configure:3191: cc  -c -I/usr/local/include -I/home/sekai_cms/.rvm/usr/include  conftest.c >&5
configure:3191: $? = 0
configure:3204: result: none needed
configure:3230: checking how to run the C preprocessor
configure:3261: cc -E  conftest.c
configure:3261: $? = 0
configure:3275: cc -E  conftest.c
conftest.c:9:10: fatal error: 'ac_nonexistent.h' file not found
#include <ac_nonexistent.h>
         ^
1 error generated.
configure:3275: $? = 1
configure: failed program was:
| /* confdefs.h */
| #define PACKAGE_NAME "readline"
| #define PACKAGE_TARNAME "readline"
| #define PACKAGE_VERSION "5.2"
| #define PACKAGE_STRING "readline 5.2"
| #define PACKAGE_BUGREPORT "bug-readline@gnu.org"
| #define PACKAGE_URL ""
| /* end confdefs.h.  */
| #include <ac_nonexistent.h>
configure:3300: result: cc -E
configure:3320: cc -E  conftest.c
configure:3320: $? = 0
configure:3334: cc -E  conftest.c
conftest.c:9:10: fatal error: 'ac_nonexistent.h' file not found
#include <ac_nonexistent.h>
         ^
1 error generated.
configure:3334: $? = 1
configure: failed program was:
| /* confdefs.h */
| #define PACKAGE_NAME "readline"
| #define PACKAGE_TARNAME "readline"
| #define PACKAGE_VERSION "5.2"
| #define PACKAGE_STRING "readline 5.2"
| #define PACKAGE_BUGREPORT "bug-readline@gnu.org"
| #define PACKAGE_URL ""
| /* end confdefs.h.  */
| #include <ac_nonexistent.h>
configure:3363: checking for grep that handles long lines and -e
configure:3421: result: /usr/bin/grep
configure:3426: checking for egrep
configure:3488: result: /usr/bin/grep -E
configure:3493: checking for ANSI C header files
configure:3513: cc -c -I/usr/local/include -I/home/sekai_cms/.rvm/usr/include  conftest.c >&5
configure:3513: $? = 0
configure:3586: cc -o conftest -I/usr/local/include -I/home/sekai_cms/.rvm/usr/include  -L/usr/local/lib -Wl,-rpath,/usr/local/lib -L/home/sekai_cms/.rvm/usr/lib -Wl,-rpath,/home/sekai_cms/.rvm/usr/lib conftest.c  >&5
configure:3586: $? = 0
configure:3586: ./conftest
configure:3586: $? = 0
configure:3597: result: yes
configure:3610: checking for sys/types.h
configure:3610: cc -c -I/usr/local/include -I/home/sekai_cms/.rvm/usr/include  conftest.c >&5
configure:3610: $? = 0
configure:3610: result: yes
configure:3610: checking for sys/stat.h
configure:3610: cc -c -I/usr/local/include -I/home/sekai_cms/.rvm/usr/include  conftest.c >&5
configure:3610: $? = 0
configure:3610: result: yes
configure:3610: checking for stdlib.h
configure:3610: cc -c -I/usr/local/include -I/home/sekai_cms/.rvm/usr/include  conftest.c >&5
configure:3610: $? = 0
configure:3610: result: yes
configure:3610: checking for string.h
configure:3610: cc -c -I/usr/local/include -I/home/sekai_cms/.rvm/usr/include  conftest.c >&5
configure:3610: $? = 0
configure:3610: result: yes
configure:3610: checking for memory.h
configure:3610: cc -c -I/usr/local/include -I/home/sekai_cms/.rvm/usr/include  conftest.c >&5
configure:3610: $? = 0
configure:3610: result: yes
configure:3610: checking for strings.h
configure:3610: cc -c -I/usr/local/include -I/home/sekai_cms/.rvm/usr/include  conftest.c >&5
configure:3610: $? = 0
configure:3610: result: yes
configure:3610: checking for inttypes.h
configure:3610: cc -c -I/usr/local/include -I/home/sekai_cms/.rvm/usr/include  conftest.c >&5
configure:3610: $? = 0
configure:3610: result: yes
configure:3610: checking for stdint.h
configure:3610: cc -c -I/usr/local/include -I/home/sekai_cms/.rvm/usr/include  conftest.c >&5
configure:3610: $? = 0
configure:3610: result: yes
configure:3610: checking for unistd.h
configure:3610: cc -c -I/usr/local/include -I/home/sekai_cms/.rvm/usr/include  conftest.c >&5
configure:3610: $? = 0
configure:3610: result: yes
configure:3623: checking minix/config.h usability
configure:3623: cc -c -I/usr/local/include -I/home/sekai_cms/.rvm/usr/include  conftest.c >&5
conftest.c:52:10: fatal error: 'minix/config.h' file not found
#include <minix/config.h>
         ^
1 error generated.
configure:3623: $? = 1
configure: failed program was:
| /* confdefs.h */
| #define PACKAGE_NAME "readline"
| #define PACKAGE_TARNAME "readline"
| #define PACKAGE_VERSION "5.2"
| #define PACKAGE_STRING "readline 5.2"
| #define PACKAGE_BUGREPORT "bug-readline@gnu.org"
| #define PACKAGE_URL ""
| #define STDC_HEADERS 1
| #define HAVE_SYS_TYPES_H 1
| #define HAVE_SYS_STAT_H 1
| #define HAVE_STDLIB_H 1
| #define HAVE_STRING_H 1
| #define HAVE_MEMORY_H 1
| #define HAVE_STRINGS_H 1
| #define HAVE_INTTYPES_H 1
| #define HAVE_STDINT_H 1
| #define HAVE_UNISTD_H 1
| /* end confdefs.h.  */
| #include <stdio.h>
| #ifdef HAVE_SYS_TYPES_H
| # include <sys/types.h>
| #endif
| #ifdef HAVE_SYS_STAT_H
| # include <sys/stat.h>
| #endif
| #ifdef STDC_HEADERS
| # include <stdlib.h>
| # include <stddef.h>
| #else
| # ifdef HAVE_STDLIB_H
| #  include <stdlib.h>
| # endif
| #endif
| #ifdef HAVE_STRING_H
| # if !defined STDC_HEADERS && defined HAVE_MEMORY_H
| #  include <memory.h>
| # endif
| # include <string.h>
| #endif
| #ifdef HAVE_STRINGS_H
| # include <strings.h>
| #endif
| #ifdef HAVE_INTTYPES_H
| # include <inttypes.h>
| #endif
| #ifdef HAVE_STDINT_H
| # include <stdint.h>
| #endif
| #ifdef HAVE_UNISTD_H
| # include <unistd.h>
| #endif
| #include <minix/config.h>
configure:3623: result: no
configure:3623: checking minix/config.h presence
configure:3623: cc -E  conftest.c
conftest.c:19:10: fatal error: 'minix/config.h' file not found
#include <minix/config.h>
         ^
1 error generated.
configure:3623: $? = 1
configure: failed program was:
| /* confdefs.h */
| #define PACKAGE_NAME "readline"
| #define PACKAGE_TARNAME "readline"
| #define PACKAGE_VERSION "5.2"
| #define PACKAGE_STRING "readline 5.2"
| #define PACKAGE_BUGREPORT "bug-readline@gnu.org"
| #define PACKAGE_URL ""
| #define STDC_HEADERS 1
| #define HAVE_SYS_TYPES_H 1
| #define HAVE_SYS_STAT_H 1
| #define HAVE_STDLIB_H 1
| #define HAVE_STRING_H 1
| #define HAVE_MEMORY_H 1
| #define HAVE_STRINGS_H 1
| #define HAVE_INTTYPES_H 1
| #define HAVE_STDINT_H 1
| #define HAVE_UNISTD_H 1
| /* end confdefs.h.  */
| #include <minix/config.h>
configure:3623: result: no
configure:3623: checking for minix/config.h
configure:3623: result: no
configure:3644: checking whether it is safe to define __EXTENSIONS__
configure:3662: cc -c -I/usr/local/include -I/home/sekai_cms/.rvm/usr/include  conftest.c >&5
configure:3662: $? = 0
configure:3669: result: yes
configure:3689: checking whether cc needs -traditional
conftest.c:24:10: fatal error: 'sgtty.h' file not found
#include <sgtty.h>
         ^
1 error generated.
conftest.c:24:10: fatal error: 'termio.h' file not found
#include <termio.h>
         ^
1 error generated.
configure:3723: result: no
configure:3744: checking for a BSD-compatible install
configure:3812: result: /usr/bin/install -c
configure:3825: checking for ar
configure:3841: found /usr/bin/ar
configure:3853: result: ar
configure:3905: checking for ranlib
configure:3921: found /usr/bin/ranlib
configure:3932: result: ranlib
configure:3958: checking for an ANSI C-conforming const
configure:4024: cc -c -I/usr/local/include -I/home/sekai_cms/.rvm/usr/include  conftest.c >&5
configure:4024: $? = 0
configure:4031: result: yes
configure:4039: checking for function prototypes
configure:4042: result: yes
configure:4055: checking whether char is unsigned
configure:4074: cc -c -I/usr/local/include -I/home/sekai_cms/.rvm/usr/include  conftest.c >&5
configure:4074: $? = 0
configure:4081: result: no
configure:4089: checking return type of signal handlers
configure:4107: cc -c -I/usr/local/include -I/home/sekai_cms/.rvm/usr/include  conftest.c >&5
conftest.c:32:8: error: indirection requires pointer operand ('void' invalid)
return *(signal (0, 0)) (0) == 1;
       ^~~~~~~~~~~~~~~~~~~~
1 error generated.
configure:4107: $? = 1
configure: failed program was:
| /* confdefs.h */
| #define PACKAGE_NAME "readline"
| #define PACKAGE_TARNAME "readline"
| #define PACKAGE_VERSION "5.2"
| #define PACKAGE_STRING "readline 5.2"
| #define PACKAGE_BUGREPORT "bug-readline@gnu.org"
| #define PACKAGE_URL ""
| #define STDC_HEADERS 1
| #define HAVE_SYS_TYPES_H 1
| #define HAVE_SYS_STAT_H 1
| #define HAVE_STDLIB_H 1
| #define HAVE_STRING_H 1
| #define HAVE_MEMORY_H 1
| #define HAVE_STRINGS_H 1
| #define HAVE_INTTYPES_H 1
| #define HAVE_STDINT_H 1
| #define HAVE_UNISTD_H 1
| #define __EXTENSIONS__ 1
| #define _ALL_SOURCE 1
| #define _GNU_SOURCE 1
| #define _POSIX_PTHREAD_SEMANTICS 1
| #define _TANDEM_SOURCE 1
| #define PROTOTYPES 1
| #define __PROTOTYPES 1
| /* end confdefs.h.  */
| #include <sys/types.h>
| #include <signal.h>
| 
| int
| main ()
| {
| return *(signal (0, 0)) (0) == 1;
|   ;
|   return 0;
| }
configure:4114: result: void
configure:4123: checking for size_t
configure:4123: cc -c -I/usr/local/include -I/home/sekai_cms/.rvm/usr/include  conftest.c >&5
configure:4123: $? = 0
configure:4123: cc -c -I/usr/local/include -I/home/sekai_cms/.rvm/usr/include  conftest.c >&5
conftest.c:63:21: error: expected expression
if (sizeof ((size_t)))
                    ^
1 error generated.
configure:4123: $? = 1
configure: failed program was:
| /* confdefs.h */
| #define PACKAGE_NAME "readline"
| #define PACKAGE_TARNAME "readline"
| #define PACKAGE_VERSION "5.2"
| #define PACKAGE_STRING "readline 5.2"
| #define PACKAGE_BUGREPORT "bug-readline@gnu.org"
| #define PACKAGE_URL ""
| #define STDC_HEADERS 1
| #define HAVE_SYS_TYPES_H 1
| #define HAVE_SYS_STAT_H 1
| #define HAVE_STDLIB_H 1
| #define HAVE_STRING_H 1
| #define HAVE_MEMORY_H 1
| #define HAVE_STRINGS_H 1
| #define HAVE_INTTYPES_H 1
| #define HAVE_STDINT_H 1
| #define HAVE_UNISTD_H 1
| #define __EXTENSIONS__ 1
| #define _ALL_SOURCE 1
| #define _GNU_SOURCE 1
| #define _POSIX_PTHREAD_SEMANTICS 1
| #define _TANDEM_SOURCE 1
| #define PROTOTYPES 1
| #define __PROTOTYPES 1
| #define RETSIGTYPE void
| /* end confdefs.h.  */
| #include <stdio.h>
| #ifdef HAVE_SYS_TYPES_H
| # include <sys/types.h>
| #endif
| #ifdef HAVE_SYS_STAT_H
| # include <sys/stat.h>
| #endif
| #ifdef STDC_HEADERS
| # include <stdlib.h>
| # include <stddef.h>
| #else
| # ifdef HAVE_STDLIB_H
| #  include <stdlib.h>
| # endif
| #endif
| #ifdef HAVE_STRING_H
| # if !defined STDC_HEADERS && defined HAVE_MEMORY_H
| #  include <memory.h>
| # endif
| # include <string.h>
| #endif
| #ifdef HAVE_STRINGS_H
| # include <strings.h>
| #endif
| #ifdef HAVE_INTTYPES_H
| # include <inttypes.h>
| #endif
| #ifdef HAVE_STDINT_H
| # include <stdint.h>
| #endif
| #ifdef HAVE_UNISTD_H
| # include <unistd.h>
| #endif
| int
| main ()
| {
| if (sizeof ((size_t)))
| 	    return 0;
|   ;
|   return 0;
| }
configure:4123: result: yes
configure:4134: checking for ssize_t
configure:4134: cc -c -I/usr/local/include -I/home/sekai_cms/.rvm/usr/include  conftest.c >&5
configure:4134: $? = 0
configure:4134: cc -c -I/usr/local/include -I/home/sekai_cms/.rvm/usr/include  conftest.c >&5
conftest.c:63:22: error: expected expression
if (sizeof ((ssize_t)))
                     ^
1 error generated.
configure:4134: $? = 1
configure: failed program was:
| /* confdefs.h */
| #define PACKAGE_NAME "readline"
| #define PACKAGE_TARNAME "readline"
| #define PACKAGE_VERSION "5.2"
| #define PACKAGE_STRING "readline 5.2"
| #define PACKAGE_BUGREPORT "bug-readline@gnu.org"
| #define PACKAGE_URL ""
| #define STDC_HEADERS 1
| #define HAVE_SYS_TYPES_H 1
| #define HAVE_SYS_STAT_H 1
| #define HAVE_STDLIB_H 1
| #define HAVE_STRING_H 1
| #define HAVE_MEMORY_H 1
| #define HAVE_STRINGS_H 1
| #define HAVE_INTTYPES_H 1
| #define HAVE_STDINT_H 1
| #define HAVE_UNISTD_H 1
| #define __EXTENSIONS__ 1
| #define _ALL_SOURCE 1
| #define _GNU_SOURCE 1
| #define _POSIX_PTHREAD_SEMANTICS 1
| #define _TANDEM_SOURCE 1
| #define PROTOTYPES 1
| #define __PROTOTYPES 1
| #define RETSIGTYPE void
| /* end confdefs.h.  */
| #include <stdio.h>
| #ifdef HAVE_SYS_TYPES_H
| # include <sys/types.h>
| #endif
| #ifdef HAVE_SYS_STAT_H
| # include <sys/stat.h>
| #endif
| #ifdef STDC_HEADERS
| # include <stdlib.h>
| # include <stddef.h>
| #else
| # ifdef HAVE_STDLIB_H
| #  include <stdlib.h>
| # endif
| #endif
| #ifdef HAVE_STRING_H
| # if !defined STDC_HEADERS && defined HAVE_MEMORY_H
| #  include <memory.h>
| # endif
| # include <string.h>
| #endif
| #ifdef HAVE_STRINGS_H
| # include <strings.h>
| #endif
| #ifdef HAVE_INTTYPES_H
| # include <inttypes.h>
| #endif
| #ifdef HAVE_STDINT_H
| # include <stdint.h>
| #endif
| #ifdef HAVE_UNISTD_H
| # include <unistd.h>
| #endif
| int
| main ()
| {
| if (sizeof ((ssize_t)))
| 	    return 0;
|   ;
|   return 0;
| }
configure:4134: result: yes
configure:4146: checking for ANSI C header files
configure:4250: result: yes
configure:4259: checking whether stat file-mode macros are broken
configure:4286: cc -c -I/usr/local/include -I/home/sekai_cms/.rvm/usr/include  conftest.c >&5
configure:4286: $? = 0
configure:4293: result: no
configure:4304: checking for dirent.h that defines DIR
configure:4323: cc -c -I/usr/local/include -I/home/sekai_cms/.rvm/usr/include  conftest.c >&5
configure:4323: $? = 0
configure:4331: result: yes
configure:4344: checking for library containing opendir
configure:4375: cc -o conftest -I/usr/local/include -I/home/sekai_cms/.rvm/usr/include  -L/usr/local/lib -Wl,-rpath,/usr/local/lib -L/home/sekai_cms/.rvm/usr/lib -Wl,-rpath,/home/sekai_cms/.rvm/usr/lib conftest.c  >&5
configure:4375: $? = 0
configure:4392: result: none required
configure:4463: checking for fcntl
configure:4463: cc -o conftest -I/usr/local/include -I/home/sekai_cms/.rvm/usr/include  -L/usr/local/lib -Wl,-rpath,/usr/local/lib -L/home/sekai_cms/.rvm/usr/lib -Wl,-rpath,/home/sekai_cms/.rvm/usr/lib conftest.c  >&5
configure:4463: $? = 0
configure:4463: result: yes
configure:4463: checking for kill
configure:4463: cc -o conftest -I/usr/local/include -I/home/sekai_cms/.rvm/usr/include  -L/usr/local/lib -Wl,-rpath,/usr/local/lib -L/home/sekai_cms/.rvm/usr/lib -Wl,-rpath,/home/sekai_cms/.rvm/usr/lib conftest.c  >&5
configure:4463: $? = 0
configure:4463: result: yes
configure:4463: checking for lstat
configure:4463: cc -o conftest -I/usr/local/include -I/home/sekai_cms/.rvm/usr/include  -L/usr/local/lib -Wl,-rpath,/usr/local/lib -L/home/sekai_cms/.rvm/usr/lib -Wl,-rpath,/home/sekai_cms/.rvm/usr/lib conftest.c  >&5
configure:4463: $? = 0
configure:4463: result: yes
configure:4476: checking for memmove
configure:4476: cc -o conftest -I/usr/local/include -I/home/sekai_cms/.rvm/usr/include  -L/usr/local/lib -Wl,-rpath,/usr/local/lib -L/home/sekai_cms/.rvm/usr/lib -Wl,-rpath,/home/sekai_cms/.rvm/usr/lib conftest.c  >&5
conftest.c:55:6: warning: incompatible redeclaration of library function 'memmove' [-Wincompatible-library-redeclaration]
char memmove ();
     ^
conftest.c:55:6: note: 'memmove' is a builtin with type 'void *(void *, const void *, unsigned long)'
1 warning generated.
configure:4476: $? = 0
configure:4476: result: yes
configure:4476: checking for putenv
configure:4476: cc -o conftest -I/usr/local/include -I/home/sekai_cms/.rvm/usr/include  -L/usr/local/lib -Wl,-rpath,/usr/local/lib -L/home/sekai_cms/.rvm/usr/lib -Wl,-rpath,/home/sekai_cms/.rvm/usr/lib conftest.c  >&5
configure:4476: $? = 0
configure:4476: result: yes
configure:4476: checking for select
configure:4476: cc -o conftest -I/usr/local/include -I/home/sekai_cms/.rvm/usr/include  -L/usr/local/lib -Wl,-rpath,/usr/local/lib -L/home/sekai_cms/.rvm/usr/lib -Wl,-rpath,/home/sekai_cms/.rvm/usr/lib conftest.c  >&5
configure:4476: $? = 0
configure:4476: result: yes
configure:4476: checking for setenv
configure:4476: cc -o conftest -I/usr/local/include -I/home/sekai_cms/.rvm/usr/include  -L/usr/local/lib -Wl,-rpath,/usr/local/lib -L/home/sekai_cms/.rvm/usr/lib -Wl,-rpath,/home/sekai_cms/.rvm/usr/lib conftest.c  >&5
configure:4476: $? = 0
configure:4476: result: yes
configure:4476: checking for setlocale
configure:4476: cc -o conftest -I/usr/local/include -I/home/sekai_cms/.rvm/usr/include  -L/usr/local/lib -Wl,-rpath,/usr/local/lib -L/home/sekai_cms/.rvm/usr/lib -Wl,-rpath,/home/sekai_cms/.rvm/usr/lib conftest.c  >&5
configure:4476: $? = 0
configure:4476: result: yes
configure:4476: checking for strcasecmp
configure:4476: cc -o conftest -I/usr/local/include -I/home/sekai_cms/.rvm/usr/include  -L/usr/local/lib -Wl,-rpath,/usr/local/lib -L/home/sekai_cms/.rvm/usr/lib -Wl,-rpath,/home/sekai_cms/.rvm/usr/lib conftest.c  >&5
conftest.c:60:6: warning: incompatible redeclaration of library function 'strcasecmp' [-Wincompatible-library-redeclaration]
char strcasecmp ();
     ^
conftest.c:60:6: note: 'strcasecmp' is a builtin with type 'int (const char *, const char *)'
1 warning generated.
configure:4476: $? = 0
configure:4476: result: yes
configure:4476: checking for strpbrk
configure:4476: cc -o conftest -I/usr/local/include -I/home/sekai_cms/.rvm/usr/include  -L/usr/local/lib -Wl,-rpath,/usr/local/lib -L/home/sekai_cms/.rvm/usr/lib -Wl,-rpath,/home/sekai_cms/.rvm/usr/lib conftest.c  >&5
conftest.c:61:6: warning: incompatible redeclaration of library function 'strpbrk' [-Wincompatible-library-redeclaration]
char strpbrk ();
     ^
conftest.c:61:6: note: 'strpbrk' is a builtin with type 'char *(const char *, const char *)'
1 warning generated.
configure:4476: $? = 0
configure:4476: result: yes
configure:4476: checking for tcgetattr
configure:4476: cc -o conftest -I/usr/local/include -I/home/sekai_cms/.rvm/usr/include  -L/usr/local/lib -Wl,-rpath,/usr/local/lib -L/home/sekai_cms/.rvm/usr/lib -Wl,-rpath,/home/sekai_cms/.rvm/usr/lib conftest.c  >&5
configure:4476: $? = 0
configure:4476: result: yes
configure:4476: checking for vsnprintf
configure:4476: cc -o conftest -I/usr/local/include -I/home/sekai_cms/.rvm/usr/include  -L/usr/local/lib -Wl,-rpath,/usr/local/lib -L/home/sekai_cms/.rvm/usr/lib -Wl,-rpath,/home/sekai_cms/.rvm/usr/lib conftest.c  >&5
conftest.c:63:6: warning: incompatible redeclaration of library function 'vsnprintf' [-Wincompatible-library-redeclaration]
char vsnprintf ();
     ^
conftest.c:63:6: note: 'vsnprintf' is a builtin with type 'int (char *, unsigned long, const char *, __va_list_tag *)'
1 warning generated.
configure:4476: $? = 0
configure:4476: result: yes
configure:4488: checking for isascii
configure:4488: cc -o conftest -I/usr/local/include -I/home/sekai_cms/.rvm/usr/include  -L/usr/local/lib -Wl,-rpath,/usr/local/lib -L/home/sekai_cms/.rvm/usr/lib -Wl,-rpath,/home/sekai_cms/.rvm/usr/lib conftest.c  >&5
configure:4488: $? = 0
configure:4488: result: yes
configure:4488: checking for isxdigit
configure:4488: cc -o conftest -I/usr/local/include -I/home/sekai_cms/.rvm/usr/include  -L/usr/local/lib -Wl,-rpath,/usr/local/lib -L/home/sekai_cms/.rvm/usr/lib -Wl,-rpath,/home/sekai_cms/.rvm/usr/lib conftest.c  >&5
configure:4488: $? = 0
configure:4488: result: yes
configure:4500: checking for getpwent
configure:4500: cc -o conftest -I/usr/local/include -I/home/sekai_cms/.rvm/usr/include  -L/usr/local/lib -Wl,-rpath,/usr/local/lib -L/home/sekai_cms/.rvm/usr/lib -Wl,-rpath,/home/sekai_cms/.rvm/usr/lib conftest.c  >&5
configure:4500: $? = 0
configure:4500: result: yes
configure:4500: checking for getpwnam
configure:4500: cc -o conftest -I/usr/local/include -I/home/sekai_cms/.rvm/usr/include  -L/usr/local/lib -Wl,-rpath,/usr/local/lib -L/home/sekai_cms/.rvm/usr/lib -Wl,-rpath,/home/sekai_cms/.rvm/usr/lib conftest.c  >&5
configure:4500: $? = 0
configure:4500: result: yes
configure:4500: checking for getpwuid
configure:4500: cc -o conftest -I/usr/local/include -I/home/sekai_cms/.rvm/usr/include  -L/usr/local/lib -Wl,-rpath,/usr/local/lib -L/home/sekai_cms/.rvm/usr/lib -Wl,-rpath,/home/sekai_cms/.rvm/usr/lib conftest.c  >&5
configure:4500: $? = 0
configure:4500: result: yes
configure:4510: checking for working strcoll
configure:4531: cc -o conftest -I/usr/local/include -I/home/sekai_cms/.rvm/usr/include  -L/usr/local/lib -Wl,-rpath,/usr/local/lib -L/home/sekai_cms/.rvm/usr/lib -Wl,-rpath,/home/sekai_cms/.rvm/usr/lib conftest.c  >&5
configure:4531: $? = 0
configure:4531: ./conftest
configure:4531: $? = 0
configure:4541: result: yes
configure:4554: checking fcntl.h usability
configure:4554: cc -c -I/usr/local/include -I/home/sekai_cms/.rvm/usr/include  conftest.c >&5
configure:4554: $? = 0
configure:4554: result: yes
configure:4554: checking fcntl.h presence
configure:4554: cc -E  conftest.c
configure:4554: $? = 0
configure:4554: result: yes
configure:4554: checking for fcntl.h
configure:4554: result: yes
configure:4554: checking for unistd.h
configure:4554: result: yes
configure:4554: checking for stdlib.h
configure:4554: result: yes
configure:4554: checking varargs.h usability
configure:4554: cc -c -I/usr/local/include -I/home/sekai_cms/.rvm/usr/include  conftest.c >&5
In file included from conftest.c:83:
/usr/include/varargs.h:34:2: error: "<varargs.h> is obsolete with this version of GCC."
#error "<varargs.h> is obsolete with this version of GCC."
 ^
/usr/include/varargs.h:35:2: error: "Change your code to use <stdarg.h> instead."
#error "Change your code to use <stdarg.h> instead."
 ^
2 errors generated.
configure:4554: $? = 1
configure: failed program was:
| /* confdefs.h */
| #define PACKAGE_NAME "readline"
| #define PACKAGE_TARNAME "readline"
| #define PACKAGE_VERSION "5.2"
| #define PACKAGE_STRING "readline 5.2"
| #define PACKAGE_BUGREPORT "bug-readline@gnu.org"
| #define PACKAGE_URL ""
| #define STDC_HEADERS 1
| #define HAVE_SYS_TYPES_H 1
| #define HAVE_SYS_STAT_H 1
| #define HAVE_STDLIB_H 1
| #define HAVE_STRING_H 1
| #define HAVE_MEMORY_H 1
| #define HAVE_STRINGS_H 1
| #define HAVE_INTTYPES_H 1
| #define HAVE_STDINT_H 1
| #define HAVE_UNISTD_H 1
| #define __EXTENSIONS__ 1
| #define _ALL_SOURCE 1
| #define _GNU_SOURCE 1
| #define _POSIX_PTHREAD_SEMANTICS 1
| #define _TANDEM_SOURCE 1
| #define PROTOTYPES 1
| #define __PROTOTYPES 1
| #define RETSIGTYPE void
| #define STDC_HEADERS 1
| #define HAVE_DIRENT_H 1
| #define HAVE_FCNTL 1
| #define HAVE_KILL 1
| #define HAVE_LSTAT 1
| #define HAVE_MEMMOVE 1
| #define HAVE_PUTENV 1
| #define HAVE_SELECT 1
| #define HAVE_SETENV 1
| #define HAVE_SETLOCALE 1
| #define HAVE_STRCASECMP 1
| #define HAVE_STRPBRK 1
| #define HAVE_TCGETATTR 1
| #define HAVE_VSNPRINTF 1
| #define HAVE_ISASCII 1
| #define HAVE_ISXDIGIT 1
| #define HAVE_GETPWENT 1
| #define HAVE_GETPWNAM 1
| #define HAVE_GETPWUID 1
| #define HAVE_STRCOLL 1
| #define HAVE_FCNTL_H 1
| #define HAVE_UNISTD_H 1
| #define HAVE_STDLIB_H 1
| /* end confdefs.h.  */
| #include <stdio.h>
| #ifdef HAVE_SYS_TYPES_H
| # include <sys/types.h>
| #endif
| #ifdef HAVE_SYS_STAT_H
| # include <sys/stat.h>
| #endif
| #ifdef STDC_HEADERS
| # include <stdlib.h>
| # include <stddef.h>
| #else
| # ifdef HAVE_STDLIB_H
| #  include <stdlib.h>
| # endif
| #endif
| #ifdef HAVE_STRING_H
| # if !defined STDC_HEADERS && defined HAVE_MEMORY_H
| #  include <memory.h>
| # endif
| # include <string.h>
| #endif
| #ifdef HAVE_STRINGS_H
| # include <strings.h>
| #endif
| #ifdef HAVE_INTTYPES_H
| # include <inttypes.h>
| #endif
| #ifdef HAVE_STDINT_H
| # include <stdint.h>
| #endif
| #ifdef HAVE_UNISTD_H
| # include <unistd.h>
| #endif
| #include <varargs.h>
configure:4554: result: no
configure:4554: checking varargs.h presence
configure:4554: cc -E  conftest.c
In file included from conftest.c:50:
/usr/include/varargs.h:34:2: error: "<varargs.h> is obsolete with this version of GCC."
#error "<varargs.h> is obsolete with this version of GCC."
 ^
/usr/include/varargs.h:35:2: error: "Change your code to use <stdarg.h> instead."
#error "Change your code to use <stdarg.h> instead."
 ^
2 errors generated.
configure:4554: $? = 1
configure: failed program was:
| /* confdefs.h */
| #define PACKAGE_NAME "readline"
| #define PACKAGE_TARNAME "readline"
| #define PACKAGE_VERSION "5.2"
| #define PACKAGE_STRING "readline 5.2"
| #define PACKAGE_BUGREPORT "bug-readline@gnu.org"
| #define PACKAGE_URL ""
| #define STDC_HEADERS 1
| #define HAVE_SYS_TYPES_H 1
| #define HAVE_SYS_STAT_H 1
| #define HAVE_STDLIB_H 1
| #define HAVE_STRING_H 1
| #define HAVE_MEMORY_H 1
| #define HAVE_STRINGS_H 1
| #define HAVE_INTTYPES_H 1
| #define HAVE_STDINT_H 1
| #define HAVE_UNISTD_H 1
| #define __EXTENSIONS__ 1
| #define _ALL_SOURCE 1
| #define _GNU_SOURCE 1
| #define _POSIX_PTHREAD_SEMANTICS 1
| #define _TANDEM_SOURCE 1
| #define PROTOTYPES 1
| #define __PROTOTYPES 1
| #define RETSIGTYPE void
| #define STDC_HEADERS 1
| #define HAVE_DIRENT_H 1
| #define HAVE_FCNTL 1
| #define HAVE_KILL 1
| #define HAVE_LSTAT 1
| #define HAVE_MEMMOVE 1
| #define HAVE_PUTENV 1
| #define HAVE_SELECT 1
| #define HAVE_SETENV 1
| #define HAVE_SETLOCALE 1
| #define HAVE_STRCASECMP 1
| #define HAVE_STRPBRK 1
| #define HAVE_TCGETATTR 1
| #define HAVE_VSNPRINTF 1
| #define HAVE_ISASCII 1
| #define HAVE_ISXDIGIT 1
| #define HAVE_GETPWENT 1
| #define HAVE_GETPWNAM 1
| #define HAVE_GETPWUID 1
| #define HAVE_STRCOLL 1
| #define HAVE_FCNTL_H 1
| #define HAVE_UNISTD_H 1
| #define HAVE_STDLIB_H 1
| /* end confdefs.h.  */
| #include <varargs.h>
configure:4554: result: no
configure:4554: checking for varargs.h
configure:4554: result: no
configure:4554: checking stdarg.h usability
configure:4554: cc -c -I/usr/local/include -I/home/sekai_cms/.rvm/usr/include  conftest.c >&5
configure:4554: $? = 0
configure:4554: result: yes
configure:4554: checking stdarg.h presence
configure:4554: cc -E  conftest.c
configure:4554: $? = 0
configure:4554: result: yes
configure:4554: checking for stdarg.h
configure:4554: result: yes
configure:4554: checking for string.h
configure:4554: result: yes
configure:4554: checking for strings.h
configure:4554: result: yes
configure:4554: checking limits.h usability
configure:4554: cc -c -I/usr/local/include -I/home/sekai_cms/.rvm/usr/include  conftest.c >&5
configure:4554: $? = 0
configure:4554: result: yes
configure:4554: checking limits.h presence
configure:4554: cc -E  conftest.c
configure:4554: $? = 0
configure:4554: result: yes
configure:4554: checking for limits.h
configure:4554: result: yes
configure:4554: checking locale.h usability
configure:4554: cc -c -I/usr/local/include -I/home/sekai_cms/.rvm/usr/include  conftest.c >&5
configure:4554: $? = 0
configure:4554: result: yes
configure:4554: checking locale.h presence
configure:4554: cc -E  conftest.c
configure:4554: $? = 0
configure:4554: result: yes
configure:4554: checking for locale.h
configure:4554: result: yes
configure:4554: checking pwd.h usability
configure:4554: cc -c -I/usr/local/include -I/home/sekai_cms/.rvm/usr/include  conftest.c >&5
configure:4554: $? = 0
configure:4554: result: yes
configure:4554: checking pwd.h presence
configure:4554: cc -E  conftest.c
configure:4554: $? = 0
configure:4554: result: yes
configure:4554: checking for pwd.h
configure:4554: result: yes
configure:4554: checking for memory.h
configure:4554: result: yes
configure:4554: checking termcap.h usability
configure:4554: cc -c -I/usr/local/include -I/home/sekai_cms/.rvm/usr/include  conftest.c >&5
configure:4554: $? = 0
configure:4554: result: yes
configure:4554: checking termcap.h presence
configure:4554: cc -E  conftest.c
configure:4554: $? = 0
configure:4554: result: yes
configure:4554: checking for termcap.h
configure:4554: result: yes
configure:4554: checking termios.h usability
configure:4554: cc -c -I/usr/local/include -I/home/sekai_cms/.rvm/usr/include  conftest.c >&5
configure:4554: $? = 0
configure:4554: result: yes
configure:4554: checking termios.h presence
configure:4554: cc -E  conftest.c
configure:4554: $? = 0
configure:4554: result: yes
configure:4554: checking for termios.h
configure:4554: result: yes
configure:4554: checking termio.h usability
configure:4554: cc -c -I/usr/local/include -I/home/sekai_cms/.rvm/usr/include  conftest.c >&5
conftest.c:92:10: fatal error: 'termio.h' file not found
#include <termio.h>
         ^
1 error generated.
configure:4554: $? = 1
configure: failed program was:
| /* confdefs.h */
| #define PACKAGE_NAME "readline"
| #define PACKAGE_TARNAME "readline"
| #define PACKAGE_VERSION "5.2"
| #define PACKAGE_STRING "readline 5.2"
| #define PACKAGE_BUGREPORT "bug-readline@gnu.org"
| #define PACKAGE_URL ""
| #define STDC_HEADERS 1
| #define HAVE_SYS_TYPES_H 1
| #define HAVE_SYS_STAT_H 1
| #define HAVE_STDLIB_H 1
| #define HAVE_STRING_H 1
| #define HAVE_MEMORY_H 1
| #define HAVE_STRINGS_H 1
| #define HAVE_INTTYPES_H 1
| #define HAVE_STDINT_H 1
| #define HAVE_UNISTD_H 1
| #define __EXTENSIONS__ 1
| #define _ALL_SOURCE 1
| #define _GNU_SOURCE 1
| #define _POSIX_PTHREAD_SEMANTICS 1
| #define _TANDEM_SOURCE 1
| #define PROTOTYPES 1
| #define __PROTOTYPES 1
| #define RETSIGTYPE void
| #define STDC_HEADERS 1
| #define HAVE_DIRENT_H 1
| #define HAVE_FCNTL 1
| #define HAVE_KILL 1
| #define HAVE_LSTAT 1
| #define HAVE_MEMMOVE 1
| #define HAVE_PUTENV 1
| #define HAVE_SELECT 1
| #define HAVE_SETENV 1
| #define HAVE_SETLOCALE 1
| #define HAVE_STRCASECMP 1
| #define HAVE_STRPBRK 1
| #define HAVE_TCGETATTR 1
| #define HAVE_VSNPRINTF 1
| #define HAVE_ISASCII 1
| #define HAVE_ISXDIGIT 1
| #define HAVE_GETPWENT 1
| #define HAVE_GETPWNAM 1
| #define HAVE_GETPWUID 1
| #define HAVE_STRCOLL 1
| #define HAVE_FCNTL_H 1
| #define HAVE_UNISTD_H 1
| #define HAVE_STDLIB_H 1
| #define HAVE_STDARG_H 1
| #define HAVE_STRING_H 1
| #define HAVE_STRINGS_H 1
| #define HAVE_LIMITS_H 1
| #define HAVE_LOCALE_H 1
| #define HAVE_PWD_H 1
| #define HAVE_MEMORY_H 1
| #define HAVE_TERMCAP_H 1
| #define HAVE_TERMIOS_H 1
| /* end confdefs.h.  */
| #include <stdio.h>
| #ifdef HAVE_SYS_TYPES_H
| # include <sys/types.h>
| #endif
| #ifdef HAVE_SYS_STAT_H
| # include <sys/stat.h>
| #endif
| #ifdef STDC_HEADERS
| # include <stdlib.h>
| # include <stddef.h>
| #else
| # ifdef HAVE_STDLIB_H
| #  include <stdlib.h>
| # endif
| #endif
| #ifdef HAVE_STRING_H
| # if !defined STDC_HEADERS && defined HAVE_MEMORY_H
| #  include <memory.h>
| # endif
| # include <string.h>
| #endif
| #ifdef HAVE_STRINGS_H
| # include <strings.h>
| #endif
| #ifdef HAVE_INTTYPES_H
| # include <inttypes.h>
| #endif
| #ifdef HAVE_STDINT_H
| # include <stdint.h>
| #endif
| #ifdef HAVE_UNISTD_H
| # include <unistd.h>
| #endif
| #include <termio.h>
configure:4554: result: no
configure:4554: checking termio.h presence
configure:4554: cc -E  conftest.c
conftest.c:59:10: fatal error: 'termio.h' file not found
#include <termio.h>
         ^
1 error generated.
configure:4554: $? = 1
configure: failed program was:
| /* confdefs.h */
| #define PACKAGE_NAME "readline"
| #define PACKAGE_TARNAME "readline"
| #define PACKAGE_VERSION "5.2"
| #define PACKAGE_STRING "readline 5.2"
| #define PACKAGE_BUGREPORT "bug-readline@gnu.org"
| #define PACKAGE_URL ""
| #define STDC_HEADERS 1
| #define HAVE_SYS_TYPES_H 1
| #define HAVE_SYS_STAT_H 1
| #define HAVE_STDLIB_H 1
| #define HAVE_STRING_H 1
| #define HAVE_MEMORY_H 1
| #define HAVE_STRINGS_H 1
| #define HAVE_INTTYPES_H 1
| #define HAVE_STDINT_H 1
| #define HAVE_UNISTD_H 1
| #define __EXTENSIONS__ 1
| #define _ALL_SOURCE 1
| #define _GNU_SOURCE 1
| #define _POSIX_PTHREAD_SEMANTICS 1
| #define _TANDEM_SOURCE 1
| #define PROTOTYPES 1
| #define __PROTOTYPES 1
| #define RETSIGTYPE void
| #define STDC_HEADERS 1
| #define HAVE_DIRENT_H 1
| #define HAVE_FCNTL 1
| #define HAVE_KILL 1
| #define HAVE_LSTAT 1
| #define HAVE_MEMMOVE 1
| #define HAVE_PUTENV 1
| #define HAVE_SELECT 1
| #define HAVE_SETENV 1
| #define HAVE_SETLOCALE 1
| #define HAVE_STRCASECMP 1
| #define HAVE_STRPBRK 1
| #define HAVE_TCGETATTR 1
| #define HAVE_VSNPRINTF 1
| #define HAVE_ISASCII 1
| #define HAVE_ISXDIGIT 1
| #define HAVE_GETPWENT 1
| #define HAVE_GETPWNAM 1
| #define HAVE_GETPWUID 1
| #define HAVE_STRCOLL 1
| #define HAVE_FCNTL_H 1
| #define HAVE_UNISTD_H 1
| #define HAVE_STDLIB_H 1
| #define HAVE_STDARG_H 1
| #define HAVE_STRING_H 1
| #define HAVE_STRINGS_H 1
| #define HAVE_LIMITS_H 1
| #define HAVE_LOCALE_H 1
| #define HAVE_PWD_H 1
| #define HAVE_MEMORY_H 1
| #define HAVE_TERMCAP_H 1
| #define HAVE_TERMIOS_H 1
| /* end confdefs.h.  */
| #include <termio.h>
configure:4554: result: no
configure:4554: checking for termio.h
configure:4554: result: no
configure:4567: checking sys/pte.h usability
configure:4567: cc -c -I/usr/local/include -I/home/sekai_cms/.rvm/usr/include  conftest.c >&5
conftest.c:92:10: fatal error: 'sys/pte.h' file not found
#include <sys/pte.h>
         ^
1 error generated.
configure:4567: $? = 1
configure: failed program was:
| /* confdefs.h */
| #define PACKAGE_NAME "readline"
| #define PACKAGE_TARNAME "readline"
| #define PACKAGE_VERSION "5.2"
| #define PACKAGE_STRING "readline 5.2"
| #define PACKAGE_BUGREPORT "bug-readline@gnu.org"
| #define PACKAGE_URL ""
| #define STDC_HEADERS 1
| #define HAVE_SYS_TYPES_H 1
| #define HAVE_SYS_STAT_H 1
| #define HAVE_STDLIB_H 1
| #define HAVE_STRING_H 1
| #define HAVE_MEMORY_H 1
| #define HAVE_STRINGS_H 1
| #define HAVE_INTTYPES_H 1
| #define HAVE_STDINT_H 1
| #define HAVE_UNISTD_H 1
| #define __EXTENSIONS__ 1
| #define _ALL_SOURCE 1
| #define _GNU_SOURCE 1
| #define _POSIX_PTHREAD_SEMANTICS 1
| #define _TANDEM_SOURCE 1
| #define PROTOTYPES 1
| #define __PROTOTYPES 1
| #define RETSIGTYPE void
| #define STDC_HEADERS 1
| #define HAVE_DIRENT_H 1
| #define HAVE_FCNTL 1
| #define HAVE_KILL 1
| #define HAVE_LSTAT 1
| #define HAVE_MEMMOVE 1
| #define HAVE_PUTENV 1
| #define HAVE_SELECT 1
| #define HAVE_SETENV 1
| #define HAVE_SETLOCALE 1
| #define HAVE_STRCASECMP 1
| #define HAVE_STRPBRK 1
| #define HAVE_TCGETATTR 1
| #define HAVE_VSNPRINTF 1
| #define HAVE_ISASCII 1
| #define HAVE_ISXDIGIT 1
| #define HAVE_GETPWENT 1
| #define HAVE_GETPWNAM 1
| #define HAVE_GETPWUID 1
| #define HAVE_STRCOLL 1
| #define HAVE_FCNTL_H 1
| #define HAVE_UNISTD_H 1
| #define HAVE_STDLIB_H 1
| #define HAVE_STDARG_H 1
| #define HAVE_STRING_H 1
| #define HAVE_STRINGS_H 1
| #define HAVE_LIMITS_H 1
| #define HAVE_LOCALE_H 1
| #define HAVE_PWD_H 1
| #define HAVE_MEMORY_H 1
| #define HAVE_TERMCAP_H 1
| #define HAVE_TERMIOS_H 1
| /* end confdefs.h.  */
| #include <stdio.h>
| #ifdef HAVE_SYS_TYPES_H
| # include <sys/types.h>
| #endif
| #ifdef HAVE_SYS_STAT_H
| # include <sys/stat.h>
| #endif
| #ifdef STDC_HEADERS
| # include <stdlib.h>
| # include <stddef.h>
| #else
| # ifdef HAVE_STDLIB_H
| #  include <stdlib.h>
| # endif
| #endif
| #ifdef HAVE_STRING_H
| # if !defined STDC_HEADERS && defined HAVE_MEMORY_H
| #  include <memory.h>
| # endif
| # include <string.h>
| #endif
| #ifdef HAVE_STRINGS_H
| # include <strings.h>
| #endif
| #ifdef HAVE_INTTYPES_H
| # include <inttypes.h>
| #endif
| #ifdef HAVE_STDINT_H
| # include <stdint.h>
| #endif
| #ifdef HAVE_UNISTD_H
| # include <unistd.h>
| #endif
| #include <sys/pte.h>
configure:4567: result: no
configure:4567: checking sys/pte.h presence
configure:4567: cc -E  conftest.c
conftest.c:59:10: fatal error: 'sys/pte.h' file not found
#include <sys/pte.h>
         ^
1 error generated.
configure:4567: $? = 1
configure: failed program was:
| /* confdefs.h */
| #define PACKAGE_NAME "readline"
| #define PACKAGE_TARNAME "readline"
| #define PACKAGE_VERSION "5.2"
| #define PACKAGE_STRING "readline 5.2"
| #define PACKAGE_BUGREPORT "bug-readline@gnu.org"
| #define PACKAGE_URL ""
| #define STDC_HEADERS 1
| #define HAVE_SYS_TYPES_H 1
| #define HAVE_SYS_STAT_H 1
| #define HAVE_STDLIB_H 1
| #define HAVE_STRING_H 1
| #define HAVE_MEMORY_H 1
| #define HAVE_STRINGS_H 1
| #define HAVE_INTTYPES_H 1
| #define HAVE_STDINT_H 1
| #define HAVE_UNISTD_H 1
| #define __EXTENSIONS__ 1
| #define _ALL_SOURCE 1
| #define _GNU_SOURCE 1
| #define _POSIX_PTHREAD_SEMANTICS 1
| #define _TANDEM_SOURCE 1
| #define PROTOTYPES 1
| #define __PROTOTYPES 1
| #define RETSIGTYPE void
| #define STDC_HEADERS 1
| #define HAVE_DIRENT_H 1
| #define HAVE_FCNTL 1
| #define HAVE_KILL 1
| #define HAVE_LSTAT 1
| #define HAVE_MEMMOVE 1
| #define HAVE_PUTENV 1
| #define HAVE_SELECT 1
| #define HAVE_SETENV 1
| #define HAVE_SETLOCALE 1
| #define HAVE_STRCASECMP 1
| #define HAVE_STRPBRK 1
| #define HAVE_TCGETATTR 1
| #define HAVE_VSNPRINTF 1
| #define HAVE_ISASCII 1
| #define HAVE_ISXDIGIT 1
| #define HAVE_GETPWENT 1
| #define HAVE_GETPWNAM 1
| #define HAVE_GETPWUID 1
| #define HAVE_STRCOLL 1
| #define HAVE_FCNTL_H 1
| #define HAVE_UNISTD_H 1
| #define HAVE_STDLIB_H 1
| #define HAVE_STDARG_H 1
| #define HAVE_STRING_H 1
| #define HAVE_STRINGS_H 1
| #define HAVE_LIMITS_H 1
| #define HAVE_LOCALE_H 1
| #define HAVE_PWD_H 1
| #define HAVE_MEMORY_H 1
| #define HAVE_TERMCAP_H 1
| #define HAVE_TERMIOS_H 1
| /* end confdefs.h.  */
| #include <sys/pte.h>
configure:4567: result: no
configure:4567: checking for sys/pte.h
configure:4567: result: no
configure:4567: checking sys/stream.h usability
configure:4567: cc -c -I/usr/local/include -I/home/sekai_cms/.rvm/usr/include  conftest.c >&5
conftest.c:92:10: fatal error: 'sys/stream.h' file not found
#include <sys/stream.h>
         ^
1 error generated.
configure:4567: $? = 1
configure: failed program was:
| /* confdefs.h */
| #define PACKAGE_NAME "readline"
| #define PACKAGE_TARNAME "readline"
| #define PACKAGE_VERSION "5.2"
| #define PACKAGE_STRING "readline 5.2"
| #define PACKAGE_BUGREPORT "bug-readline@gnu.org"
| #define PACKAGE_URL ""
| #define STDC_HEADERS 1
| #define HAVE_SYS_TYPES_H 1
| #define HAVE_SYS_STAT_H 1
| #define HAVE_STDLIB_H 1
| #define HAVE_STRING_H 1
| #define HAVE_MEMORY_H 1
| #define HAVE_STRINGS_H 1
| #define HAVE_INTTYPES_H 1
| #define HAVE_STDINT_H 1
| #define HAVE_UNISTD_H 1
| #define __EXTENSIONS__ 1
| #define _ALL_SOURCE 1
| #define _GNU_SOURCE 1
| #define _POSIX_PTHREAD_SEMANTICS 1
| #define _TANDEM_SOURCE 1
| #define PROTOTYPES 1
| #define __PROTOTYPES 1
| #define RETSIGTYPE void
| #define STDC_HEADERS 1
| #define HAVE_DIRENT_H 1
| #define HAVE_FCNTL 1
| #define HAVE_KILL 1
| #define HAVE_LSTAT 1
| #define HAVE_MEMMOVE 1
| #define HAVE_PUTENV 1
| #define HAVE_SELECT 1
| #define HAVE_SETENV 1
| #define HAVE_SETLOCALE 1
| #define HAVE_STRCASECMP 1
| #define HAVE_STRPBRK 1
| #define HAVE_TCGETATTR 1
| #define HAVE_VSNPRINTF 1
| #define HAVE_ISASCII 1
| #define HAVE_ISXDIGIT 1
| #define HAVE_GETPWENT 1
| #define HAVE_GETPWNAM 1
| #define HAVE_GETPWUID 1
| #define HAVE_STRCOLL 1
| #define HAVE_FCNTL_H 1
| #define HAVE_UNISTD_H 1
| #define HAVE_STDLIB_H 1
| #define HAVE_STDARG_H 1
| #define HAVE_STRING_H 1
| #define HAVE_STRINGS_H 1
| #define HAVE_LIMITS_H 1
| #define HAVE_LOCALE_H 1
| #define HAVE_PWD_H 1
| #define HAVE_MEMORY_H 1
| #define HAVE_TERMCAP_H 1
| #define HAVE_TERMIOS_H 1
| /* end confdefs.h.  */
| #include <stdio.h>
| #ifdef HAVE_SYS_TYPES_H
| # include <sys/types.h>
| #endif
| #ifdef HAVE_SYS_STAT_H
| # include <sys/stat.h>
| #endif
| #ifdef STDC_HEADERS
| # include <stdlib.h>
| # include <stddef.h>
| #else
| # ifdef HAVE_STDLIB_H
| #  include <stdlib.h>
| # endif
| #endif
| #ifdef HAVE_STRING_H
| # if !defined STDC_HEADERS && defined HAVE_MEMORY_H
| #  include <memory.h>
| # endif
| # include <string.h>
| #endif
| #ifdef HAVE_STRINGS_H
| # include <strings.h>
| #endif
| #ifdef HAVE_INTTYPES_H
| # include <inttypes.h>
| #endif
| #ifdef HAVE_STDINT_H
| # include <stdint.h>
| #endif
| #ifdef HAVE_UNISTD_H
| # include <unistd.h>
| #endif
| #include <sys/stream.h>
configure:4567: result: no
configure:4567: checking sys/stream.h presence
configure:4567: cc -E  conftest.c
conftest.c:59:10: fatal error: 'sys/stream.h' file not found
#include <sys/stream.h>
         ^
1 error generated.
configure:4567: $? = 1
configure: failed program was:
| /* confdefs.h */
| #define PACKAGE_NAME "readline"
| #define PACKAGE_TARNAME "readline"
| #define PACKAGE_VERSION "5.2"
| #define PACKAGE_STRING "readline 5.2"
| #define PACKAGE_BUGREPORT "bug-readline@gnu.org"
| #define PACKAGE_URL ""
| #define STDC_HEADERS 1
| #define HAVE_SYS_TYPES_H 1
| #define HAVE_SYS_STAT_H 1
| #define HAVE_STDLIB_H 1
| #define HAVE_STRING_H 1
| #define HAVE_MEMORY_H 1
| #define HAVE_STRINGS_H 1
| #define HAVE_INTTYPES_H 1
| #define HAVE_STDINT_H 1
| #define HAVE_UNISTD_H 1
| #define __EXTENSIONS__ 1
| #define _ALL_SOURCE 1
| #define _GNU_SOURCE 1
| #define _POSIX_PTHREAD_SEMANTICS 1
| #define _TANDEM_SOURCE 1
| #define PROTOTYPES 1
| #define __PROTOTYPES 1
| #define RETSIGTYPE void
| #define STDC_HEADERS 1
| #define HAVE_DIRENT_H 1
| #define HAVE_FCNTL 1
| #define HAVE_KILL 1
| #define HAVE_LSTAT 1
| #define HAVE_MEMMOVE 1
| #define HAVE_PUTENV 1
| #define HAVE_SELECT 1
| #define HAVE_SETENV 1
| #define HAVE_SETLOCALE 1
| #define HAVE_STRCASECMP 1
| #define HAVE_STRPBRK 1
| #define HAVE_TCGETATTR 1
| #define HAVE_VSNPRINTF 1
| #define HAVE_ISASCII 1
| #define HAVE_ISXDIGIT 1
| #define HAVE_GETPWENT 1
| #define HAVE_GETPWNAM 1
| #define HAVE_GETPWUID 1
| #define HAVE_STRCOLL 1
| #define HAVE_FCNTL_H 1
| #define HAVE_UNISTD_H 1
| #define HAVE_STDLIB_H 1
| #define HAVE_STDARG_H 1
| #define HAVE_STRING_H 1
| #define HAVE_STRINGS_H 1
| #define HAVE_LIMITS_H 1
| #define HAVE_LOCALE_H 1
| #define HAVE_PWD_H 1
| #define HAVE_MEMORY_H 1
| #define HAVE_TERMCAP_H 1
| #define HAVE_TERMIOS_H 1
| /* end confdefs.h.  */
| #include <sys/stream.h>
configure:4567: result: no
configure:4567: checking for sys/stream.h
configure:4567: result: no
configure:4567: checking sys/select.h usability
configure:4567: cc -c -I/usr/local/include -I/home/sekai_cms/.rvm/usr/include  conftest.c >&5
configure:4567: $? = 0
configure:4567: result: yes
configure:4567: checking sys/select.h presence
configure:4567: cc -E  conftest.c
configure:4567: $? = 0
configure:4567: result: yes
configure:4567: checking for sys/select.h
configure:4567: result: yes
configure:4567: checking sys/file.h usability
configure:4567: cc -c -I/usr/local/include -I/home/sekai_cms/.rvm/usr/include  conftest.c >&5
configure:4567: $? = 0
configure:4567: result: yes
configure:4567: checking sys/file.h presence
configure:4567: cc -E  conftest.c
configure:4567: $? = 0
configure:4567: result: yes
configure:4567: checking for sys/file.h
configure:4567: result: yes
configure:4580: checking for sys/ptem.h
configure:4580: cc -c -I/usr/local/include -I/home/sekai_cms/.rvm/usr/include  conftest.c >&5
conftest.c:67:10: fatal error: 'sys/ptem.h' file not found
#include <sys/ptem.h>
         ^
1 error generated.
configure:4580: $? = 1
configure: failed program was:
| /* confdefs.h */
| #define PACKAGE_NAME "readline"
| #define PACKAGE_TARNAME "readline"
| #define PACKAGE_VERSION "5.2"
| #define PACKAGE_STRING "readline 5.2"
| #define PACKAGE_BUGREPORT "bug-readline@gnu.org"
| #define PACKAGE_URL ""
| #define STDC_HEADERS 1
| #define HAVE_SYS_TYPES_H 1
| #define HAVE_SYS_STAT_H 1
| #define HAVE_STDLIB_H 1
| #define HAVE_STRING_H 1
| #define HAVE_MEMORY_H 1
| #define HAVE_STRINGS_H 1
| #define HAVE_INTTYPES_H 1
| #define HAVE_STDINT_H 1
| #define HAVE_UNISTD_H 1
| #define __EXTENSIONS__ 1
| #define _ALL_SOURCE 1
| #define _GNU_SOURCE 1
| #define _POSIX_PTHREAD_SEMANTICS 1
| #define _TANDEM_SOURCE 1
| #define PROTOTYPES 1
| #define __PROTOTYPES 1
| #define RETSIGTYPE void
| #define STDC_HEADERS 1
| #define HAVE_DIRENT_H 1
| #define HAVE_FCNTL 1
| #define HAVE_KILL 1
| #define HAVE_LSTAT 1
| #define HAVE_MEMMOVE 1
| #define HAVE_PUTENV 1
| #define HAVE_SELECT 1
| #define HAVE_SETENV 1
| #define HAVE_SETLOCALE 1
| #define HAVE_STRCASECMP 1
| #define HAVE_STRPBRK 1
| #define HAVE_TCGETATTR 1
| #define HAVE_VSNPRINTF 1
| #define HAVE_ISASCII 1
| #define HAVE_ISXDIGIT 1
| #define HAVE_GETPWENT 1
| #define HAVE_GETPWNAM 1
| #define HAVE_GETPWUID 1
| #define HAVE_STRCOLL 1
| #define HAVE_FCNTL_H 1
| #define HAVE_UNISTD_H 1
| #define HAVE_STDLIB_H 1
| #define HAVE_STDARG_H 1
| #define HAVE_STRING_H 1
| #define HAVE_STRINGS_H 1
| #define HAVE_LIMITS_H 1
| #define HAVE_LOCALE_H 1
| #define HAVE_PWD_H 1
| #define HAVE_MEMORY_H 1
| #define HAVE_TERMCAP_H 1
| #define HAVE_TERMIOS_H 1
| #define HAVE_SYS_SELECT_H 1
| #define HAVE_SYS_FILE_H 1
| /* end confdefs.h.  */
| 
| #if HAVE_SYS_STREAM_H
| #  include <sys/stream.h>
| #endif
| 
| 
| #include <sys/ptem.h>
configure:4580: result: no
configure:4597: checking for type of signal functions
configure:4620: cc -o conftest -I/usr/local/include -I/home/sekai_cms/.rvm/usr/include  -L/usr/local/lib -Wl,-rpath,/usr/local/lib -L/home/sekai_cms/.rvm/usr/lib -Wl,-rpath,/home/sekai_cms/.rvm/usr/lib conftest.c  >&5
configure:4620: $? = 0
configure:4678: result: posix
configure:4693: checking if signal handlers must be reinstalled when invoked
configure:4751: cc -o conftest -I/usr/local/include -I/home/sekai_cms/.rvm/usr/include  -L/usr/local/lib -Wl,-rpath,/usr/local/lib -L/home/sekai_cms/.rvm/usr/lib -Wl,-rpath,/home/sekai_cms/.rvm/usr/lib conftest.c  >&5
conftest.c:97:1: warning: type specifier missing, defaults to 'int' [-Wimplicit-int]
main()
^~~~
conftest.c:103:2: warning: implicitly declaring library function 'exit' with type 'void (int) __attribute__((noreturn))'
        exit(nsigint != 2);
        ^
conftest.c:103:2: note: please include the header <stdlib.h> or explicitly provide a declaration for 'exit'
2 warnings generated.
configure:4751: $? = 0
configure:4751: ./conftest
configure:4751: $? = 0
configure:4762: result: no
configure:4771: checking for presence of POSIX-style sigsetjmp/siglongjmp
configure:4823: cc -o conftest -I/usr/local/include -I/home/sekai_cms/.rvm/usr/include  -L/usr/local/lib -Wl,-rpath,/usr/local/lib -L/home/sekai_cms/.rvm/usr/lib -Wl,-rpath,/home/sekai_cms/.rvm/usr/lib conftest.c  >&5
conftest.c:70:1: warning: type specifier missing, defaults to 'int' [-Wimplicit-int]
main()
^~~~
conftest.c:89:3: warning: implicitly declaring library function 'exit' with type 'void (int) __attribute__((noreturn))'
  exit(0);      /* could get sigmask and compare to oset here. */
  ^
conftest.c:89:3: note: please include the header <stdlib.h> or explicitly provide a declaration for 'exit'
2 warnings generated.
configure:4823: $? = 0
configure:4823: ./conftest
configure:4823: $? = 0
configure:4834: result: present
configure:4841: checking for lstat
configure:4860: cc -o conftest -I/usr/local/include -I/home/sekai_cms/.rvm/usr/include  -L/usr/local/lib -Wl,-rpath,/usr/local/lib -L/home/sekai_cms/.rvm/usr/lib -Wl,-rpath,/home/sekai_cms/.rvm/usr/lib conftest.c  >&5
configure:4860: $? = 0
configure:4868: result: yes
configure:4876: checking whether or not strcoll and strcmp differ
configure:4926: cc -o conftest -I/usr/local/include -I/home/sekai_cms/.rvm/usr/include  -L/usr/local/lib -Wl,-rpath,/usr/local/lib -L/home/sekai_cms/.rvm/usr/lib -Wl,-rpath,/home/sekai_cms/.rvm/usr/lib conftest.c  >&5
conftest.c:70:1: warning: type specifier missing, defaults to 'int' [-Wimplicit-int]
main(c, v)
^~~~
conftest.c:84:14: warning: implicit declaration of function 'strcoll' is invalid in C99 [-Wimplicit-function-declaration]
        r1 = strcoll("abd", "aXd");
             ^
conftest.c:88:14: warning: implicitly declaring library function 'strcmp' with type 'int (const char *, const char *)'
        r2 = strcmp("abd", "aXd");
             ^
conftest.c:88:14: note: please include the header <string.h> or explicitly provide a declaration for 'strcmp'
conftest.c:97:2: warning: implicitly declaring library function 'exit' with type 'void (int) __attribute__((noreturn))'
        exit (r1 > 0 && r2 > 0);
        ^
conftest.c:97:2: note: please include the header <stdlib.h> or explicitly provide a declaration for 'exit'
4 warnings generated.
configure:4926: $? = 0
configure:4926: ./conftest
configure:4926: $? = 1
configure: program exited with status 1
configure: failed program was:
| /* confdefs.h */
| #define PACKAGE_NAME "readline"
| #define PACKAGE_TARNAME "readline"
| #define PACKAGE_VERSION "5.2"
| #define PACKAGE_STRING "readline 5.2"
| #define PACKAGE_BUGREPORT "bug-readline@gnu.org"
| #define PACKAGE_URL ""
| #define STDC_HEADERS 1
| #define HAVE_SYS_TYPES_H 1
| #define HAVE_SYS_STAT_H 1
| #define HAVE_STDLIB_H 1
| #define HAVE_STRING_H 1
| #define HAVE_MEMORY_H 1
| #define HAVE_STRINGS_H 1
| #define HAVE_INTTYPES_H 1
| #define HAVE_STDINT_H 1
| #define HAVE_UNISTD_H 1
| #define __EXTENSIONS__ 1
| #define _ALL_SOURCE 1
| #define _GNU_SOURCE 1
| #define _POSIX_PTHREAD_SEMANTICS 1
| #define _TANDEM_SOURCE 1
| #define PROTOTYPES 1
| #define __PROTOTYPES 1
| #define RETSIGTYPE void
| #define STDC_HEADERS 1
| #define HAVE_DIRENT_H 1
| #define HAVE_FCNTL 1
| #define HAVE_KILL 1
| #define HAVE_LSTAT 1
| #define HAVE_MEMMOVE 1
| #define HAVE_PUTENV 1
| #define HAVE_SELECT 1
| #define HAVE_SETENV 1
| #define HAVE_SETLOCALE 1
| #define HAVE_STRCASECMP 1
| #define HAVE_STRPBRK 1
| #define HAVE_TCGETATTR 1
| #define HAVE_VSNPRINTF 1
| #define HAVE_ISASCII 1
| #define HAVE_ISXDIGIT 1
| #define HAVE_GETPWENT 1
| #define HAVE_GETPWNAM 1
| #define HAVE_GETPWUID 1
| #define HAVE_STRCOLL 1
| #define HAVE_FCNTL_H 1
| #define HAVE_UNISTD_H 1
| #define HAVE_STDLIB_H 1
| #define HAVE_STDARG_H 1
| #define HAVE_STRING_H 1
| #define HAVE_STRINGS_H 1
| #define HAVE_LIMITS_H 1
| #define HAVE_LOCALE_H 1
| #define HAVE_PWD_H 1
| #define HAVE_MEMORY_H 1
| #define HAVE_TERMCAP_H 1
| #define HAVE_TERMIOS_H 1
| #define HAVE_SYS_SELECT_H 1
| #define HAVE_SYS_FILE_H 1
| #define HAVE_POSIX_SIGNALS 1
| #define HAVE_POSIX_SIGSETJMP 1
| #define HAVE_LSTAT 1
| /* end confdefs.h.  */
| 
| #include <stdio.h>
| #if defined (HAVE_LOCALE_H)
| #include <locale.h>
| #endif
| 
| main(c, v)
| int     c;
| char    *v[];
| {
|         int     r1, r2;
|         char    *deflocale, *defcoll;
| 
| #ifdef HAVE_SETLOCALE
|         deflocale = setlocale(LC_ALL, "");
| 	defcoll = setlocale(LC_COLLATE, "");
| #endif
| 
| #ifdef HAVE_STRCOLL
| 	/* These two values are taken from tests/glob-test. */
|         r1 = strcoll("abd", "aXd");
| #else
| 	r1 = 0;
| #endif
|         r2 = strcmp("abd", "aXd");
| 
| 	/* These two should both be greater than 0.  It is permissible for
| 	   a system to return different values, as long as the sign is the
| 	   same. */
| 
|         /* Exit with 1 (failure) if these two values are both > 0, since
| 	   this tests whether strcoll(3) is broken with respect to strcmp(3)
| 	   in the default locale. */
| 	exit (r1 > 0 && r2 > 0);
| }
| 
configure:4937: result: no
configure:4945: checking whether the ctype macros accept non-ascii characters
configure:4990: cc -o conftest -I/usr/local/include -I/home/sekai_cms/.rvm/usr/include  -L/usr/local/lib -Wl,-rpath,/usr/local/lib -L/home/sekai_cms/.rvm/usr/lib -Wl,-rpath,/home/sekai_cms/.rvm/usr/lib conftest.c  >&5
conftest.c:71:1: warning: type specifier missing, defaults to 'int' [-Wimplicit-int]
main(c, v)
^~~~
conftest.c:92:2: warning: implicitly declaring library function 'exit' with type 'void (int) __attribute__((noreturn))'
        exit (r1 == 0 || r2 == 0);
        ^
conftest.c:92:2: note: please include the header <stdlib.h> or explicitly provide a declaration for 'exit'
2 warnings generated.
configure:4990: $? = 0
configure:4990: ./conftest
configure:4990: $? = 0
configure:5001: result: yes
configure:5009: checking whether getpw functions are declared in pwd.h
configure:5034: result: yes
configure:5042: checking whether termios.h defines TIOCGWINSZ
configure:5065: result: yes
configure:5103: checking whether signal handlers are of type void
configure:5127: cc -c -I/usr/local/include -I/home/sekai_cms/.rvm/usr/include  conftest.c >&5
configure:5127: $? = 0
configure:5134: result: yes
configure:5141: checking for TIOCSTAT in sys/ioctl.h
configure:5158: cc -c -I/usr/local/include -I/home/sekai_cms/.rvm/usr/include  conftest.c >&5
configure:5158: $? = 0
configure:5166: result: yes
configure:5173: checking for FIONREAD in sys/ioctl.h
configure:5190: cc -c -I/usr/local/include -I/home/sekai_cms/.rvm/usr/include  conftest.c >&5
configure:5190: $? = 0
configure:5198: result: yes
configure:5205: checking for speed_t in sys/types.h
configure:5221: cc -c -I/usr/local/include -I/home/sekai_cms/.rvm/usr/include  conftest.c >&5
conftest.c:73:1: error: use of undeclared identifier 'speed_t'
speed_t x;
^
1 error generated.
configure:5221: $? = 1
configure: failed program was:
| /* confdefs.h */
| #define PACKAGE_NAME "readline"
| #define PACKAGE_TARNAME "readline"
| #define PACKAGE_VERSION "5.2"
| #define PACKAGE_STRING "readline 5.2"
| #define PACKAGE_BUGREPORT "bug-readline@gnu.org"
| #define PACKAGE_URL ""
| #define STDC_HEADERS 1
| #define HAVE_SYS_TYPES_H 1
| #define HAVE_SYS_STAT_H 1
| #define HAVE_STDLIB_H 1
| #define HAVE_STRING_H 1
| #define HAVE_MEMORY_H 1
| #define HAVE_STRINGS_H 1
| #define HAVE_INTTYPES_H 1
| #define HAVE_STDINT_H 1
| #define HAVE_UNISTD_H 1
| #define __EXTENSIONS__ 1
| #define _ALL_SOURCE 1
| #define _GNU_SOURCE 1
| #define _POSIX_PTHREAD_SEMANTICS 1
| #define _TANDEM_SOURCE 1
| #define PROTOTYPES 1
| #define __PROTOTYPES 1
| #define RETSIGTYPE void
| #define STDC_HEADERS 1
| #define HAVE_DIRENT_H 1
| #define HAVE_FCNTL 1
| #define HAVE_KILL 1
| #define HAVE_LSTAT 1
| #define HAVE_MEMMOVE 1
| #define HAVE_PUTENV 1
| #define HAVE_SELECT 1
| #define HAVE_SETENV 1
| #define HAVE_SETLOCALE 1
| #define HAVE_STRCASECMP 1
| #define HAVE_STRPBRK 1
| #define HAVE_TCGETATTR 1
| #define HAVE_VSNPRINTF 1
| #define HAVE_ISASCII 1
| #define HAVE_ISXDIGIT 1
| #define HAVE_GETPWENT 1
| #define HAVE_GETPWNAM 1
| #define HAVE_GETPWUID 1
| #define HAVE_STRCOLL 1
| #define HAVE_FCNTL_H 1
| #define HAVE_UNISTD_H 1
| #define HAVE_STDLIB_H 1
| #define HAVE_STDARG_H 1
| #define HAVE_STRING_H 1
| #define HAVE_STRINGS_H 1
| #define HAVE_LIMITS_H 1
| #define HAVE_LOCALE_H 1
| #define HAVE_PWD_H 1
| #define HAVE_MEMORY_H 1
| #define HAVE_TERMCAP_H 1
| #define HAVE_TERMIOS_H 1
| #define HAVE_SYS_SELECT_H 1
| #define HAVE_SYS_FILE_H 1
| #define HAVE_POSIX_SIGNALS 1
| #define HAVE_POSIX_SIGSETJMP 1
| #define HAVE_LSTAT 1
| #define CTYPE_NON_ASCII 1
| #define HAVE_GETPW_DECLS 1
| #define VOID_SIGHANDLER 1
| #define TIOCSTAT_IN_SYS_IOCTL 1
| #define FIONREAD_IN_SYS_IOCTL 1
| /* end confdefs.h.  */
| #include <sys/types.h>
| int
| main ()
| {
| speed_t x;
|   ;
|   return 0;
| }
configure:5229: result: no
configure:5236: checking for struct winsize in sys/ioctl.h and termios.h
configure:5253: cc -c -I/usr/local/include -I/home/sekai_cms/.rvm/usr/include  conftest.c >&5
configure:5253: $? = 0
configure:5280: result: sys/ioctl.h
configure:5295: checking for struct dirent.d_ino
configure:5333: cc -c -I/usr/local/include -I/home/sekai_cms/.rvm/usr/include  conftest.c >&5
configure:5333: $? = 0
configure:5341: result: yes
configure:5349: checking for struct dirent.d_fileno
configure:5387: cc -c -I/usr/local/include -I/home/sekai_cms/.rvm/usr/include  conftest.c >&5
configure:5387: $? = 0
configure:5395: result: yes
configure:5417: checking for tgetent
configure:5417: cc -o conftest -I/usr/local/include -I/home/sekai_cms/.rvm/usr/include  -L/usr/local/lib -Wl,-rpath,/usr/local/lib -L/home/sekai_cms/.rvm/usr/lib -Wl,-rpath,/home/sekai_cms/.rvm/usr/lib conftest.c  >&5
/tmp/conftest-Pa4XzU.o: In function `main':
conftest.c:(.text+0x12): undefined reference to `tgetent'
cc: error: linker command failed with exit code 1 (use -v to see invocation)
configure:5417: $? = 1
configure: failed program was:
| /* confdefs.h */
| #define PACKAGE_NAME "readline"
| #define PACKAGE_TARNAME "readline"
| #define PACKAGE_VERSION "5.2"
| #define PACKAGE_STRING "readline 5.2"
| #define PACKAGE_BUGREPORT "bug-readline@gnu.org"
| #define PACKAGE_URL ""
| #define STDC_HEADERS 1
| #define HAVE_SYS_TYPES_H 1
| #define HAVE_SYS_STAT_H 1
| #define HAVE_STDLIB_H 1
| #define HAVE_STRING_H 1
| #define HAVE_MEMORY_H 1
| #define HAVE_STRINGS_H 1
| #define HAVE_INTTYPES_H 1
| #define HAVE_STDINT_H 1
| #define HAVE_UNISTD_H 1
| #define __EXTENSIONS__ 1
| #define _ALL_SOURCE 1
| #define _GNU_SOURCE 1
| #define _POSIX_PTHREAD_SEMANTICS 1
| #define _TANDEM_SOURCE 1
| #define PROTOTYPES 1
| #define __PROTOTYPES 1
| #define RETSIGTYPE void
| #define STDC_HEADERS 1
| #define HAVE_DIRENT_H 1
| #define HAVE_FCNTL 1
| #define HAVE_KILL 1
| #define HAVE_LSTAT 1
| #define HAVE_MEMMOVE 1
| #define HAVE_PUTENV 1
| #define HAVE_SELECT 1
| #define HAVE_SETENV 1
| #define HAVE_SETLOCALE 1
| #define HAVE_STRCASECMP 1
| #define HAVE_STRPBRK 1
| #define HAVE_TCGETATTR 1
| #define HAVE_VSNPRINTF 1
| #define HAVE_ISASCII 1
| #define HAVE_ISXDIGIT 1
| #define HAVE_GETPWENT 1
| #define HAVE_GETPWNAM 1
| #define HAVE_GETPWUID 1
| #define HAVE_STRCOLL 1
| #define HAVE_FCNTL_H 1
| #define HAVE_UNISTD_H 1
| #define HAVE_STDLIB_H 1
| #define HAVE_STDARG_H 1
| #define HAVE_STRING_H 1
| #define HAVE_STRINGS_H 1
| #define HAVE_LIMITS_H 1
| #define HAVE_LOCALE_H 1
| #define HAVE_PWD_H 1
| #define HAVE_MEMORY_H 1
| #define HAVE_TERMCAP_H 1
| #define HAVE_TERMIOS_H 1
| #define HAVE_SYS_SELECT_H 1
| #define HAVE_SYS_FILE_H 1
| #define HAVE_POSIX_SIGNALS 1
| #define HAVE_POSIX_SIGSETJMP 1
| #define HAVE_LSTAT 1
| #define CTYPE_NON_ASCII 1
| #define HAVE_GETPW_DECLS 1
| #define VOID_SIGHANDLER 1
| #define TIOCSTAT_IN_SYS_IOCTL 1
| #define FIONREAD_IN_SYS_IOCTL 1
| #define STRUCT_WINSIZE_IN_SYS_IOCTL 1
| #define HAVE_STRUCT_DIRENT_D_INO 1
| #define HAVE_STRUCT_DIRENT_D_FILENO 1
| /* end confdefs.h.  */
| /* Define tgetent to an innocuous variant, in case <limits.h> declares tgetent.
|    For example, HP-UX 11i <limits.h> declares gettimeofday.  */
| #define tgetent innocuous_tgetent
| 
| /* System header to define __stub macros and hopefully few prototypes,
|     which can conflict with char tgetent (); below.
|     Prefer <limits.h> to <assert.h> if __STDC__ is defined, since
|     <limits.h> exists even on freestanding compilers.  */
| 
| #ifdef __STDC__
| # include <limits.h>
| #else
| # include <assert.h>
| #endif
| 
| #undef tgetent
| 
| /* Override any GCC internal prototype to avoid an error.
|    Use char because int might match the return type of a GCC
|    builtin and then its argument prototype would still apply.  */
| #ifdef __cplusplus
| extern "C"
| #endif
| char tgetent ();
| /* The GNU C library defines this for functions which it implements
|     to always fail with ENOSYS.  Some functions are actually named
|     something starting with __ and the normal name is an alias.  */
| #if defined __stub_tgetent || defined __stub___tgetent
| choke me
| #endif
| 
| int
| main ()
| {
| return tgetent ();
|   ;
|   return 0;
| }
configure:5417: result: no
configure:5421: checking for tgetent in -ltermcap
configure:5446: cc -o conftest -I/usr/local/include -I/home/sekai_cms/.rvm/usr/include  -L/usr/local/lib -Wl,-rpath,/usr/local/lib -L/home/sekai_cms/.rvm/usr/lib -Wl,-rpath,/home/sekai_cms/.rvm/usr/lib conftest.c -ltermcap   >&5
configure:5446: $? = 0
configure:5455: result: yes
configure:5591: checking which library has the termcap functions
configure:5594: result: using libtermcap
configure:5628: checking wctype.h usability
configure:5628: cc -c -I/usr/local/include -I/home/sekai_cms/.rvm/usr/include  conftest.c >&5
configure:5628: $? = 0
configure:5628: result: yes
configure:5628: checking wctype.h presence
configure:5628: cc -E  conftest.c
configure:5628: $? = 0
configure:5628: result: yes
configure:5628: checking for wctype.h
configure:5628: result: yes
configure:5640: checking wchar.h usability
configure:5640: cc -c -I/usr/local/include -I/home/sekai_cms/.rvm/usr/include  conftest.c >&5
configure:5640: $? = 0
configure:5640: result: yes
configure:5640: checking wchar.h presence
configure:5640: cc -E  conftest.c
configure:5640: $? = 0
configure:5640: result: yes
configure:5640: checking for wchar.h
configure:5640: result: yes
configure:5652: checking langinfo.h usability
configure:5652: cc -c -I/usr/local/include -I/home/sekai_cms/.rvm/usr/include  conftest.c >&5
configure:5652: $? = 0
configure:5652: result: yes
configure:5652: checking langinfo.h presence
configure:5652: cc -E  conftest.c
configure:5652: $? = 0
configure:5652: result: yes
configure:5652: checking for langinfo.h
configure:5652: result: yes
configure:5663: checking for mbsrtowcs
configure:5663: cc -o conftest -I/usr/local/include -I/home/sekai_cms/.rvm/usr/include  -L/usr/local/lib -Wl,-rpath,/usr/local/lib -L/home/sekai_cms/.rvm/usr/lib -Wl,-rpath,/home/sekai_cms/.rvm/usr/lib conftest.c  >&5
configure:5663: $? = 0
configure:5663: result: yes
configure:5669: checking for mbrlen
configure:5669: cc -o conftest -I/usr/local/include -I/home/sekai_cms/.rvm/usr/include  -L/usr/local/lib -Wl,-rpath,/usr/local/lib -L/home/sekai_cms/.rvm/usr/lib -Wl,-rpath,/home/sekai_cms/.rvm/usr/lib conftest.c  >&5
configure:5669: $? = 0
configure:5669: result: yes
configure:5676: checking for wcrtomb
configure:5676: cc -o conftest -I/usr/local/include -I/home/sekai_cms/.rvm/usr/include  -L/usr/local/lib -Wl,-rpath,/usr/local/lib -L/home/sekai_cms/.rvm/usr/lib -Wl,-rpath,/home/sekai_cms/.rvm/usr/lib conftest.c  >&5
configure:5676: $? = 0
configure:5676: result: yes
configure:5682: checking for wcscoll
configure:5682: cc -o conftest -I/usr/local/include -I/home/sekai_cms/.rvm/usr/include  -L/usr/local/lib -Wl,-rpath,/usr/local/lib -L/home/sekai_cms/.rvm/usr/lib -Wl,-rpath,/home/sekai_cms/.rvm/usr/lib conftest.c  >&5
configure:5682: $? = 0
configure:5682: result: yes
configure:5688: checking for wcsdup
configure:5688: cc -o conftest -I/usr/local/include -I/home/sekai_cms/.rvm/usr/include  -L/usr/local/lib -Wl,-rpath,/usr/local/lib -L/home/sekai_cms/.rvm/usr/lib -Wl,-rpath,/home/sekai_cms/.rvm/usr/lib conftest.c  >&5
configure:5688: $? = 0
configure:5688: result: yes
configure:5694: checking for wcwidth
configure:5694: cc -o conftest -I/usr/local/include -I/home/sekai_cms/.rvm/usr/include  -L/usr/local/lib -Wl,-rpath,/usr/local/lib -L/home/sekai_cms/.rvm/usr/lib -Wl,-rpath,/home/sekai_cms/.rvm/usr/lib conftest.c  >&5
configure:5694: $? = 0
configure:5694: result: yes
configure:5700: checking for wctype
configure:5700: cc -o conftest -I/usr/local/include -I/home/sekai_cms/.rvm/usr/include  -L/usr/local/lib -Wl,-rpath,/usr/local/lib -L/home/sekai_cms/.rvm/usr/lib -Wl,-rpath,/home/sekai_cms/.rvm/usr/lib conftest.c  >&5
configure:5700: $? = 0
configure:5700: result: yes
configure:5708: checking whether mbrtowc and mbstate_t are properly declared
configure:5728: cc -o conftest -I/usr/local/include -I/home/sekai_cms/.rvm/usr/include  -L/usr/local/lib -Wl,-rpath,/usr/local/lib -L/home/sekai_cms/.rvm/usr/lib -Wl,-rpath,/home/sekai_cms/.rvm/usr/lib conftest.c  >&5
configure:5728: $? = 0
configure:5736: result: yes
configure:5752: checking for iswlower
configure:5752: cc -o conftest -I/usr/local/include -I/home/sekai_cms/.rvm/usr/include  -L/usr/local/lib -Wl,-rpath,/usr/local/lib -L/home/sekai_cms/.rvm/usr/lib -Wl,-rpath,/home/sekai_cms/.rvm/usr/lib conftest.c  >&5
configure:5752: $? = 0
configure:5752: result: yes
configure:5752: checking for iswupper
configure:5752: cc -o conftest -I/usr/local/include -I/home/sekai_cms/.rvm/usr/include  -L/usr/local/lib -Wl,-rpath,/usr/local/lib -L/home/sekai_cms/.rvm/usr/lib -Wl,-rpath,/home/sekai_cms/.rvm/usr/lib conftest.c  >&5
configure:5752: $? = 0
configure:5752: result: yes
configure:5752: checking for towlower
configure:5752: cc -o conftest -I/usr/local/include -I/home/sekai_cms/.rvm/usr/include  -L/usr/local/lib -Wl,-rpath,/usr/local/lib -L/home/sekai_cms/.rvm/usr/lib -Wl,-rpath,/home/sekai_cms/.rvm/usr/lib conftest.c  >&5
configure:5752: $? = 0
configure:5752: result: yes
configure:5752: checking for towupper
configure:5752: cc -o conftest -I/usr/local/include -I/home/sekai_cms/.rvm/usr/include  -L/usr/local/lib -Wl,-rpath,/usr/local/lib -L/home/sekai_cms/.rvm/usr/lib -Wl,-rpath,/home/sekai_cms/.rvm/usr/lib conftest.c  >&5
configure:5752: $? = 0
configure:5752: result: yes
configure:5752: checking for iswctype
configure:5752: cc -o conftest -I/usr/local/include -I/home/sekai_cms/.rvm/usr/include  -L/usr/local/lib -Wl,-rpath,/usr/local/lib -L/home/sekai_cms/.rvm/usr/lib -Wl,-rpath,/home/sekai_cms/.rvm/usr/lib conftest.c  >&5
configure:5752: $? = 0
configure:5752: result: yes
configure:5762: checking for nl_langinfo and CODESET
configure:5778: cc -o conftest -I/usr/local/include -I/home/sekai_cms/.rvm/usr/include  -L/usr/local/lib -Wl,-rpath,/usr/local/lib -L/home/sekai_cms/.rvm/usr/lib -Wl,-rpath,/home/sekai_cms/.rvm/usr/lib conftest.c  >&5
configure:5778: $? = 0
configure:5786: result: yes
configure:5793: checking for wchar_t in wchar.h
configure:5813: cc -c -I/usr/local/include -I/home/sekai_cms/.rvm/usr/include  conftest.c >&5
configure:5813: $? = 0
configure:5820: result: yes
configure:5828: checking for wctype_t in wctype.h
configure:5847: cc -c -I/usr/local/include -I/home/sekai_cms/.rvm/usr/include  conftest.c >&5
configure:5847: $? = 0
configure:5854: result: yes
configure:5862: checking for wint_t in wctype.h
configure:5881: cc -c -I/usr/local/include -I/home/sekai_cms/.rvm/usr/include  conftest.c >&5
configure:5881: $? = 0
configure:5888: result: yes
configure:5913: checking configuration for building shared libraries
configure:5937: result: unsupported
configure:6114: creating ./config.status

## ---------------------- ##
## Running config.status. ##
## ---------------------- ##

This file was extended by readline config.status 5.2, which was
generated by GNU Autoconf 2.69.  Invocation command line was

  CONFIG_FILES    = 
  CONFIG_HEADERS  = 
  CONFIG_LINKS    = 
  CONFIG_COMMANDS = 
  $ ./config.status 

on EVA01

config.status:926: creating Makefile
config.status:1029: WARNING:  'Makefile.in' seems to ignore the --datarootdir setting
config.status:926: creating doc/Makefile
config.status:1029: WARNING:  'doc/Makefile.in' seems to ignore the --datarootdir setting
config.status:926: creating examples/Makefile
config.status:926: creating shlib/Makefile
config.status:1029: WARNING:  'shlib/Makefile.in' seems to ignore the --datarootdir setting
config.status:926: creating config.h
config.status:1115: executing default commands
configure:7293: WARNING: unrecognized options: --disable-dependency-tracking

## ---------------- ##
## Cache variables. ##
## ---------------- ##

ac_cv_build=x86_64-unknown-freebsd
ac_cv_c_char_unsigned=no
ac_cv_c_compiler_gnu=yes
ac_cv_c_const=yes
ac_cv_env_CC_set=''
ac_cv_env_CC_value=''
ac_cv_env_CFLAGS_set=set
ac_cv_env_CFLAGS_value='-I/usr/local/include -I/home/sekai_cms/.rvm/usr/include'
ac_cv_env_CPPFLAGS_set=''
ac_cv_env_CPPFLAGS_value=''
ac_cv_env_CPP_set=''
ac_cv_env_CPP_value=''
ac_cv_env_LDFLAGS_set=set
ac_cv_env_LDFLAGS_value='-L/usr/local/lib -Wl,-rpath,/usr/local/lib -L/home/sekai_cms/.rvm/usr/lib -Wl,-rpath,/home/sekai_cms/.rvm/usr/lib'
ac_cv_env_LIBS_set=''
ac_cv_env_LIBS_value=''
ac_cv_env_build_alias_set=''
ac_cv_env_build_alias_value=''
ac_cv_env_host_alias_set=''
ac_cv_env_host_alias_value=''
ac_cv_env_target_alias_set=''
ac_cv_env_target_alias_value=''
ac_cv_func_fcntl=yes
ac_cv_func_getpwent=yes
ac_cv_func_getpwnam=yes
ac_cv_func_getpwuid=yes
ac_cv_func_isascii=yes
ac_cv_func_iswctype=yes
ac_cv_func_iswlower=yes
ac_cv_func_iswupper=yes
ac_cv_func_isxdigit=yes
ac_cv_func_kill=yes
ac_cv_func_lstat=yes
ac_cv_func_mbrlen=yes
ac_cv_func_mbrtowc=yes
ac_cv_func_mbsrtowcs=yes
ac_cv_func_memmove=yes
ac_cv_func_putenv=yes
ac_cv_func_select=yes
ac_cv_func_setenv=yes
ac_cv_func_setlocale=yes
ac_cv_func_strcasecmp=yes
ac_cv_func_strcoll_works=yes
ac_cv_func_strpbrk=yes
ac_cv_func_tcgetattr=yes
ac_cv_func_tgetent=no
ac_cv_func_towlower=yes
ac_cv_func_towupper=yes
ac_cv_func_vsnprintf=yes
ac_cv_func_wcrtomb=yes
ac_cv_func_wcscoll=yes
ac_cv_func_wcsdup=yes
ac_cv_func_wctype=yes
ac_cv_func_wcwidth=yes
ac_cv_header_dirent_dirent_h=yes
ac_cv_header_fcntl_h=yes
ac_cv_header_inttypes_h=yes
ac_cv_header_langinfo_h=yes
ac_cv_header_limits_h=yes
ac_cv_header_locale_h=yes
ac_cv_header_memory_h=yes
ac_cv_header_minix_config_h=no
ac_cv_header_pwd_h=yes
ac_cv_header_stat_broken=no
ac_cv_header_stdarg_h=yes
ac_cv_header_stdc=yes
ac_cv_header_stdint_h=yes
ac_cv_header_stdlib_h=yes
ac_cv_header_string_h=yes
ac_cv_header_strings_h=yes
ac_cv_header_sys_file_h=yes
ac_cv_header_sys_pte_h=no
ac_cv_header_sys_ptem_h=no
ac_cv_header_sys_select_h=yes
ac_cv_header_sys_stat_h=yes
ac_cv_header_sys_stream_h=no
ac_cv_header_sys_types_h=yes
ac_cv_header_termcap_h=yes
ac_cv_header_termio_h=no
ac_cv_header_termios_h=yes
ac_cv_header_unistd_h=yes
ac_cv_header_varargs_h=no
ac_cv_header_wchar_h=yes
ac_cv_header_wctype_h=yes
ac_cv_host=x86_64-unknown-freebsd
ac_cv_lib_termcap_tgetent=yes
ac_cv_objext=o
ac_cv_path_EGREP='/usr/bin/grep -E'
ac_cv_path_GREP=/usr/bin/grep
ac_cv_path_install='/usr/bin/install -c'
ac_cv_prog_AR=ar
ac_cv_prog_CC=cc
ac_cv_prog_CPP='cc -E'
ac_cv_prog_ac_ct_RANLIB=ranlib
ac_cv_prog_cc_c89=''
ac_cv_prog_cc_g=yes
ac_cv_prog_gcc_traditional=no
ac_cv_prog_make_make_set=yes
ac_cv_safe_to_define___extensions__=yes
ac_cv_search_opendir='none required'
ac_cv_sys_tiocgwinsz_in_termios_h=yes
ac_cv_type_signal=void
ac_cv_type_size_t=yes
ac_cv_type_ssize_t=yes
bash_cv_dirent_has_d_fileno=yes
bash_cv_dirent_has_dino=yes
bash_cv_fionread_in_ioctl=yes
bash_cv_func_ctype_nonascii=yes
bash_cv_func_lstat=yes
bash_cv_func_sigsetjmp=present
bash_cv_func_strcoll_broken=no
bash_cv_getpw_declared=yes
bash_cv_langinfo_codeset=yes
bash_cv_must_reinstall_sighandlers=no
bash_cv_signal_vintage=posix
bash_cv_speed_t_in_sys_types=no
bash_cv_struct_winsize_header=ioctl_h
bash_cv_termcap_lib=libtermcap
bash_cv_tiocstat_in_ioctl=yes
bash_cv_type_wchar_t=yes
bash_cv_type_wctype_t=yes
bash_cv_type_wint_t=yes
bash_cv_void_sighandler=yes

## ----------------- ##
## Output variables. ##
## ----------------- ##

AR='ar'
ARFLAGS='cr'
BUILD_DIR='/home/sekai_cms/.rvm/src/readline-5.2'
CC='cc'
CFLAGS='-I/usr/local/include -I/home/sekai_cms/.rvm/usr/include'
CPP='cc -E'
CPPFLAGS=''
CROSS_COMPILE=''
DEFS='-DHAVE_CONFIG_H'
ECHO_C=''
ECHO_N='-n'
ECHO_T=''
EGREP='/usr/bin/grep -E'
EXEEXT=''
GREP='/usr/bin/grep'
INSTALL_DATA='${INSTALL} -m 644'
INSTALL_PROGRAM='${INSTALL}'
INSTALL_SCRIPT='${INSTALL}'
LDFLAGS='-L/usr/local/lib -Wl,-rpath,/usr/local/lib -L/home/sekai_cms/.rvm/usr/lib -Wl,-rpath,/home/sekai_cms/.rvm/usr/lib'
LIBOBJS=''
LIBS=''
LIBVERSION='5.2'
LOCAL_CFLAGS=''
LOCAL_DEFS=''
LOCAL_LDFLAGS=''
LTLIBOBJS=''
MAKE_SHELL='/bin/sh'
OBJEXT='o'
PACKAGE_BUGREPORT='bug-readline@gnu.org'
PACKAGE_NAME='readline'
PACKAGE_STRING='readline 5.2'
PACKAGE_TARNAME='readline'
PACKAGE_URL=''
PACKAGE_VERSION='5.2'
PATH_SEPARATOR=':'
PURIFY=''
RANLIB='ranlib'
SET_MAKE=''
SHARED_INSTALL_TARGET=''
SHARED_TARGET=''
SHELL='/bin/sh'
SHLIB_DLLVERSION='$(SHLIB_MAJOR)'
SHLIB_DOT='.'
SHLIB_LIBPREF='lib'
SHLIB_LIBS=''
SHLIB_LIBSUFF='so'
SHLIB_LIBVERSION='$(SHLIB_LIBSUFF)'
SHLIB_MAJOR='5'
SHLIB_MINOR='2'
SHLIB_STATUS='unsupported'
SHLIB_XLDFLAGS=''
SHOBJ_CC='cc'
SHOBJ_CFLAGS=''
SHOBJ_LD=''
SHOBJ_LDFLAGS=''
SHOBJ_LIBS=''
SHOBJ_STATUS='unsupported'
SHOBJ_XLDFLAGS=''
STATIC_INSTALL_TARGET=''
STATIC_TARGET=''
TERMCAP_LIB='-ltermcap'
ac_ct_CC=''
bindir='${exec_prefix}/bin'
build='x86_64-unknown-freebsd'
build_alias=''
build_cpu='x86_64'
build_os='freebsd'
build_vendor='unknown'
datadir='${datarootdir}'
datarootdir='${prefix}/share'
docdir='${datarootdir}/doc/${PACKAGE_TARNAME}'
dvidir='${docdir}'
exec_prefix='${prefix}'
host='x86_64-unknown-freebsd'
host_alias=''
host_cpu='x86_64'
host_os='freebsd'
host_vendor='unknown'
htmldir='${docdir}'
includedir='${prefix}/include'
infodir='${datarootdir}/info'
libdir='${exec_prefix}/lib'
libexecdir='${exec_prefix}/libexec'
localedir='${datarootdir}/locale'
localstatedir='${prefix}/var'
mandir='${datarootdir}/man'
oldincludedir='/usr/include'
pdfdir='${docdir}'
prefix='/home/sekai_cms/.rvm/usr'
program_transform_name='s,x,x,'
psdir='${docdir}'
sbindir='${exec_prefix}/sbin'
sharedstatedir='${prefix}/com'
sysconfdir='${prefix}/etc'
target_alias=''

## ----------- ##
## confdefs.h. ##
## ----------- ##

/* confdefs.h */
#define PACKAGE_NAME "readline"
#define PACKAGE_TARNAME "readline"
#define PACKAGE_VERSION "5.2"
#define PACKAGE_STRING "readline 5.2"
#define PACKAGE_BUGREPORT "bug-readline@gnu.org"
#define PACKAGE_URL ""
#define STDC_HEADERS 1
#define HAVE_SYS_TYPES_H 1
#define HAVE_SYS_STAT_H 1
#define HAVE_STDLIB_H 1
#define HAVE_STRING_H 1
#define HAVE_MEMORY_H 1
#define HAVE_STRINGS_H 1
#define HAVE_INTTYPES_H 1
#define HAVE_STDINT_H 1
#define HAVE_UNISTD_H 1
#define __EXTENSIONS__ 1
#define _ALL_SOURCE 1
#define _GNU_SOURCE 1
#define _POSIX_PTHREAD_SEMANTICS 1
#define _TANDEM_SOURCE 1
#define PROTOTYPES 1
#define __PROTOTYPES 1
#define RETSIGTYPE void
#define STDC_HEADERS 1
#define HAVE_DIRENT_H 1
#define HAVE_FCNTL 1
#define HAVE_KILL 1
#define HAVE_LSTAT 1
#define HAVE_MEMMOVE 1
#define HAVE_PUTENV 1
#define HAVE_SELECT 1
#define HAVE_SETENV 1
#define HAVE_SETLOCALE 1
#define HAVE_STRCASECMP 1
#define HAVE_STRPBRK 1
#define HAVE_TCGETATTR 1
#define HAVE_VSNPRINTF 1
#define HAVE_ISASCII 1
#define HAVE_ISXDIGIT 1
#define HAVE_GETPWENT 1
#define HAVE_GETPWNAM 1
#define HAVE_GETPWUID 1
#define HAVE_STRCOLL 1
#define HAVE_FCNTL_H 1
#define HAVE_UNISTD_H 1
#define HAVE_STDLIB_H 1
#define HAVE_STDARG_H 1
#define HAVE_STRING_H 1
#define HAVE_STRINGS_H 1
#define HAVE_LIMITS_H 1
#define HAVE_LOCALE_H 1
#define HAVE_PWD_H 1
#define HAVE_MEMORY_H 1
#define HAVE_TERMCAP_H 1
#define HAVE_TERMIOS_H 1
#define HAVE_SYS_SELECT_H 1
#define HAVE_SYS_FILE_H 1
#define HAVE_POSIX_SIGNALS 1
#define HAVE_POSIX_SIGSETJMP 1
#define HAVE_LSTAT 1
#define CTYPE_NON_ASCII 1
#define HAVE_GETPW_DECLS 1
#define VOID_SIGHANDLER 1
#define TIOCSTAT_IN_SYS_IOCTL 1
#define FIONREAD_IN_SYS_IOCTL 1
#define STRUCT_WINSIZE_IN_SYS_IOCTL 1
#define HAVE_STRUCT_DIRENT_D_INO 1
#define HAVE_STRUCT_DIRENT_D_FILENO 1
#define HAVE_WCTYPE_H 1
#define HAVE_WCHAR_H 1
#define HAVE_LANGINFO_H 1
#define HAVE_MBSRTOWCS 1
#define HAVE_MBRLEN 1
#define HAVE_WCRTOMB 1
#define HAVE_WCSCOLL 1
#define HAVE_WCSDUP 1
#define HAVE_WCWIDTH 1
#define HAVE_WCTYPE 1
#define HAVE_MBRTOWC 1
#define HAVE_MBSTATE_T 1
#define HAVE_ISWLOWER 1
#define HAVE_ISWUPPER 1
#define HAVE_TOWLOWER 1
#define HAVE_TOWUPPER 1
#define HAVE_ISWCTYPE 1
#define HAVE_LANGINFO_CODESET 1
#define HAVE_WCHAR_T 1
#define HAVE_WCTYPE_T 1
#define HAVE_WINT_T 1

configure: exit 0
