This file contains any messages produced by compilers while
running configure, to aid debugging if configure makes a mistake.

It was created by readline configure 6.2, which was
generated by GNU Autoconf 2.69.  Invocation command line was

  $ ./configure --disable-dependency-tracking --prefix=/home/sekai_cms/.rvm/usr --disable-static --enable-shared

## --------- ##
## Platform. ##
## --------- ##

hostname = EVA01
uname -m = amd64
uname -r = 10.0-RELEASE
uname -s = FreeBSD
uname -v = FreeBSD 10.0-RELEASE #0 r260789: Thu Jan 16 22:34:59 UTC 2014     root@snap.freebsd.org:/usr/obj/usr/src/sys/GENERIC 

/usr/bin/uname -p = amd64
/bin/uname -X     = unknown

/bin/arch              = unknown
/usr/bin/arch -k       = unknown
/usr/convex/getsysinfo = unknown
/usr/bin/hostinfo      = unknown
/bin/machine           = unknown
/usr/bin/oslevel       = unknown
/bin/universe          = unknown

PATH: /sbin
PATH: /bin
PATH: /usr/sbin
PATH: /usr/games
PATH: /usr/local/sbin
PATH: /usr/local/bin
PATH: /home/sekai_cms/bin
PATH: /home/sekai_cms/.rvm/bin
PATH: /usr/bin


## ----------- ##
## Core tests. ##
## ----------- ##

configure:2254: checking build system type
configure:2268: result: x86_64-unknown-freebsd10.0
configure:2288: checking host system type
configure:2301: result: x86_64-unknown-freebsd10.0
configure:2406: checking whether make sets $(MAKE)
configure:2428: result: yes
configure:2485: checking for gcc
configure:2515: result: no
configure:2578: checking for cc
configure:2599: found /usr/bin/cc
configure:2622: result: cc
configure:2741: checking for C compiler version
configure:2750: cc --version >&5
FreeBSD clang version 3.3 (tags/RELEASE_33/final 183502) 20130610
Target: x86_64-unknown-freebsd10.0
Thread model: posix
configure:2761: $? = 0
configure:2750: cc -v >&5
FreeBSD clang version 3.3 (tags/RELEASE_33/final 183502) 20130610
Target: x86_64-unknown-freebsd10.0
Thread model: posix
configure:2761: $? = 0
configure:2750: cc -V >&5
cc: error: argument to '-V' is missing (expected 1 value)
cc: error: no input files
configure:2761: $? = 1
configure:2750: cc -qversion >&5
cc: error: no input files
configure:2761: $? = 1
configure:2781: checking whether the C compiler works
configure:2803: cc -I/usr/local/include -I/home/sekai_cms/.rvm/usr/include  -L/usr/local/lib -Wl,-rpath,/usr/local/lib -L/home/sekai_cms/.rvm/usr/lib -Wl,-rpath,/home/sekai_cms/.rvm/usr/lib conftest.c  >&5
configure:2807: $? = 0
configure:2855: result: yes
configure:2858: checking for C compiler default output file name
configure:2860: result: a.out
configure:2866: checking for suffix of executables
configure:2873: cc -o conftest -I/usr/local/include -I/home/sekai_cms/.rvm/usr/include  -L/usr/local/lib -Wl,-rpath,/usr/local/lib -L/home/sekai_cms/.rvm/usr/lib -Wl,-rpath,/home/sekai_cms/.rvm/usr/lib conftest.c  >&5
configure:2877: $? = 0
configure:2899: result: 
configure:2921: checking whether we are cross compiling
configure:2929: cc -o conftest -I/usr/local/include -I/home/sekai_cms/.rvm/usr/include  -L/usr/local/lib -Wl,-rpath,/usr/local/lib -L/home/sekai_cms/.rvm/usr/lib -Wl,-rpath,/home/sekai_cms/.rvm/usr/lib conftest.c  >&5
configure:2933: $? = 0
configure:2940: ./conftest
configure:2944: $? = 0
configure:2959: result: no
configure:2964: checking for suffix of object files
configure:2986: cc -c -I/usr/local/include -I/home/sekai_cms/.rvm/usr/include  conftest.c >&5
configure:2990: $? = 0
configure:3011: result: o
configure:3015: checking whether we are using the GNU C compiler
configure:3034: cc -c -I/usr/local/include -I/home/sekai_cms/.rvm/usr/include  conftest.c >&5
configure:3034: $? = 0
configure:3043: result: yes
configure:3052: checking whether cc accepts -g
configure:3072: cc -c -g  conftest.c >&5
configure:3072: $? = 0
configure:3113: result: yes
configure:3130: checking for cc option to accept ISO C89
configure:3193: cc  -c -I/usr/local/include -I/home/sekai_cms/.rvm/usr/include  conftest.c >&5
configure:3193: $? = 0
configure:3206: result: none needed
configure:3232: checking how to run the C preprocessor
configure:3263: cc -E  conftest.c
configure:3263: $? = 0
configure:3277: cc -E  conftest.c
conftest.c:9:10: fatal error: 'ac_nonexistent.h' file not found
#include <ac_nonexistent.h>
         ^
1 error generated.
configure:3277: $? = 1
configure: failed program was:
| /* confdefs.h */
| #define PACKAGE_NAME "readline"
| #define PACKAGE_TARNAME "readline"
| #define PACKAGE_VERSION "6.2"
| #define PACKAGE_STRING "readline 6.2"
| #define PACKAGE_BUGREPORT "bug-readline@gnu.org"
| #define PACKAGE_URL ""
| /* end confdefs.h.  */
| #include <ac_nonexistent.h>
configure:3302: result: cc -E
configure:3322: cc -E  conftest.c
configure:3322: $? = 0
configure:3336: cc -E  conftest.c
conftest.c:9:10: fatal error: 'ac_nonexistent.h' file not found
#include <ac_nonexistent.h>
         ^
1 error generated.
configure:3336: $? = 1
configure: failed program was:
| /* confdefs.h */
| #define PACKAGE_NAME "readline"
| #define PACKAGE_TARNAME "readline"
| #define PACKAGE_VERSION "6.2"
| #define PACKAGE_STRING "readline 6.2"
| #define PACKAGE_BUGREPORT "bug-readline@gnu.org"
| #define PACKAGE_URL ""
| /* end confdefs.h.  */
| #include <ac_nonexistent.h>
configure:3365: checking for grep that handles long lines and -e
configure:3423: result: /usr/bin/grep
configure:3428: checking for egrep
configure:3490: result: /usr/bin/grep -E
configure:3495: checking for ANSI C header files
configure:3515: cc -c -I/usr/local/include -I/home/sekai_cms/.rvm/usr/include  conftest.c >&5
configure:3515: $? = 0
configure:3588: cc -o conftest -I/usr/local/include -I/home/sekai_cms/.rvm/usr/include  -L/usr/local/lib -Wl,-rpath,/usr/local/lib -L/home/sekai_cms/.rvm/usr/lib -Wl,-rpath,/home/sekai_cms/.rvm/usr/lib conftest.c  >&5
configure:3588: $? = 0
configure:3588: ./conftest
configure:3588: $? = 0
configure:3599: result: yes
configure:3612: checking for sys/types.h
configure:3612: cc -c -I/usr/local/include -I/home/sekai_cms/.rvm/usr/include  conftest.c >&5
configure:3612: $? = 0
configure:3612: result: yes
configure:3612: checking for sys/stat.h
configure:3612: cc -c -I/usr/local/include -I/home/sekai_cms/.rvm/usr/include  conftest.c >&5
configure:3612: $? = 0
configure:3612: result: yes
configure:3612: checking for stdlib.h
configure:3612: cc -c -I/usr/local/include -I/home/sekai_cms/.rvm/usr/include  conftest.c >&5
configure:3612: $? = 0
configure:3612: result: yes
configure:3612: checking for string.h
configure:3612: cc -c -I/usr/local/include -I/home/sekai_cms/.rvm/usr/include  conftest.c >&5
configure:3612: $? = 0
configure:3612: result: yes
configure:3612: checking for memory.h
configure:3612: cc -c -I/usr/local/include -I/home/sekai_cms/.rvm/usr/include  conftest.c >&5
configure:3612: $? = 0
configure:3612: result: yes
configure:3612: checking for strings.h
configure:3612: cc -c -I/usr/local/include -I/home/sekai_cms/.rvm/usr/include  conftest.c >&5
configure:3612: $? = 0
configure:3612: result: yes
configure:3612: checking for inttypes.h
configure:3612: cc -c -I/usr/local/include -I/home/sekai_cms/.rvm/usr/include  conftest.c >&5
configure:3612: $? = 0
configure:3612: result: yes
configure:3612: checking for stdint.h
configure:3612: cc -c -I/usr/local/include -I/home/sekai_cms/.rvm/usr/include  conftest.c >&5
configure:3612: $? = 0
configure:3612: result: yes
configure:3612: checking for unistd.h
configure:3612: cc -c -I/usr/local/include -I/home/sekai_cms/.rvm/usr/include  conftest.c >&5
configure:3612: $? = 0
configure:3612: result: yes
configure:3625: checking minix/config.h usability
configure:3625: cc -c -I/usr/local/include -I/home/sekai_cms/.rvm/usr/include  conftest.c >&5
conftest.c:52:10: fatal error: 'minix/config.h' file not found
#include <minix/config.h>
         ^
1 error generated.
configure:3625: $? = 1
configure: failed program was:
| /* confdefs.h */
| #define PACKAGE_NAME "readline"
| #define PACKAGE_TARNAME "readline"
| #define PACKAGE_VERSION "6.2"
| #define PACKAGE_STRING "readline 6.2"
| #define PACKAGE_BUGREPORT "bug-readline@gnu.org"
| #define PACKAGE_URL ""
| #define STDC_HEADERS 1
| #define HAVE_SYS_TYPES_H 1
| #define HAVE_SYS_STAT_H 1
| #define HAVE_STDLIB_H 1
| #define HAVE_STRING_H 1
| #define HAVE_MEMORY_H 1
| #define HAVE_STRINGS_H 1
| #define HAVE_INTTYPES_H 1
| #define HAVE_STDINT_H 1
| #define HAVE_UNISTD_H 1
| /* end confdefs.h.  */
| #include <stdio.h>
| #ifdef HAVE_SYS_TYPES_H
| # include <sys/types.h>
| #endif
| #ifdef HAVE_SYS_STAT_H
| # include <sys/stat.h>
| #endif
| #ifdef STDC_HEADERS
| # include <stdlib.h>
| # include <stddef.h>
| #else
| # ifdef HAVE_STDLIB_H
| #  include <stdlib.h>
| # endif
| #endif
| #ifdef HAVE_STRING_H
| # if !defined STDC_HEADERS && defined HAVE_MEMORY_H
| #  include <memory.h>
| # endif
| # include <string.h>
| #endif
| #ifdef HAVE_STRINGS_H
| # include <strings.h>
| #endif
| #ifdef HAVE_INTTYPES_H
| # include <inttypes.h>
| #endif
| #ifdef HAVE_STDINT_H
| # include <stdint.h>
| #endif
| #ifdef HAVE_UNISTD_H
| # include <unistd.h>
| #endif
| #include <minix/config.h>
configure:3625: result: no
configure:3625: checking minix/config.h presence
configure:3625: cc -E  conftest.c
conftest.c:19:10: fatal error: 'minix/config.h' file not found
#include <minix/config.h>
         ^
1 error generated.
configure:3625: $? = 1
configure: failed program was:
| /* confdefs.h */
| #define PACKAGE_NAME "readline"
| #define PACKAGE_TARNAME "readline"
| #define PACKAGE_VERSION "6.2"
| #define PACKAGE_STRING "readline 6.2"
| #define PACKAGE_BUGREPORT "bug-readline@gnu.org"
| #define PACKAGE_URL ""
| #define STDC_HEADERS 1
| #define HAVE_SYS_TYPES_H 1
| #define HAVE_SYS_STAT_H 1
| #define HAVE_STDLIB_H 1
| #define HAVE_STRING_H 1
| #define HAVE_MEMORY_H 1
| #define HAVE_STRINGS_H 1
| #define HAVE_INTTYPES_H 1
| #define HAVE_STDINT_H 1
| #define HAVE_UNISTD_H 1
| /* end confdefs.h.  */
| #include <minix/config.h>
configure:3625: result: no
configure:3625: checking for minix/config.h
configure:3625: result: no
configure:3646: checking whether it is safe to define __EXTENSIONS__
configure:3664: cc -c -I/usr/local/include -I/home/sekai_cms/.rvm/usr/include  conftest.c >&5
configure:3664: $? = 0
configure:3671: result: yes
configure:3691: checking whether cc needs -traditional
conftest.c:24:10: fatal error: 'sgtty.h' file not found
#include <sgtty.h>
         ^
1 error generated.
conftest.c:24:10: fatal error: 'termio.h' file not found
#include <termio.h>
         ^
1 error generated.
configure:3725: result: no
configure:3746: checking for a BSD-compatible install
configure:3814: result: /usr/bin/install -c
configure:3827: checking for ar
configure:3843: found /usr/bin/ar
configure:3855: result: ar
configure:3907: checking for ranlib
configure:3923: found /usr/bin/ranlib
configure:3934: result: ranlib
configure:3960: checking for an ANSI C-conforming const
configure:4026: cc -c -I/usr/local/include -I/home/sekai_cms/.rvm/usr/include  conftest.c >&5
configure:4026: $? = 0
configure:4033: result: yes
configure:4041: checking for function prototypes
configure:4044: result: yes
configure:4057: checking whether char is unsigned
configure:4076: cc -c -I/usr/local/include -I/home/sekai_cms/.rvm/usr/include  conftest.c >&5
configure:4076: $? = 0
configure:4083: result: no
configure:4090: checking for working volatile
configure:4109: cc -c -I/usr/local/include -I/home/sekai_cms/.rvm/usr/include  conftest.c >&5
configure:4109: $? = 0
configure:4116: result: yes
configure:4125: checking return type of signal handlers
configure:4143: cc -c -I/usr/local/include -I/home/sekai_cms/.rvm/usr/include  conftest.c >&5
conftest.c:32:8: error: indirection requires pointer operand ('void' invalid)
return *(signal (0, 0)) (0) == 1;
       ^~~~~~~~~~~~~~~~~~~~
1 error generated.
configure:4143: $? = 1
configure: failed program was:
| /* confdefs.h */
| #define PACKAGE_NAME "readline"
| #define PACKAGE_TARNAME "readline"
| #define PACKAGE_VERSION "6.2"
| #define PACKAGE_STRING "readline 6.2"
| #define PACKAGE_BUGREPORT "bug-readline@gnu.org"
| #define PACKAGE_URL ""
| #define STDC_HEADERS 1
| #define HAVE_SYS_TYPES_H 1
| #define HAVE_SYS_STAT_H 1
| #define HAVE_STDLIB_H 1
| #define HAVE_STRING_H 1
| #define HAVE_MEMORY_H 1
| #define HAVE_STRINGS_H 1
| #define HAVE_INTTYPES_H 1
| #define HAVE_STDINT_H 1
| #define HAVE_UNISTD_H 1
| #define __EXTENSIONS__ 1
| #define _ALL_SOURCE 1
| #define _GNU_SOURCE 1
| #define _POSIX_PTHREAD_SEMANTICS 1
| #define _TANDEM_SOURCE 1
| #define PROTOTYPES 1
| #define __PROTOTYPES 1
| /* end confdefs.h.  */
| #include <sys/types.h>
| #include <signal.h>
| 
| int
| main ()
| {
| return *(signal (0, 0)) (0) == 1;
|   ;
|   return 0;
| }
configure:4150: result: void
configure:4159: checking for size_t
configure:4159: cc -c -I/usr/local/include -I/home/sekai_cms/.rvm/usr/include  conftest.c >&5
configure:4159: $? = 0
configure:4159: cc -c -I/usr/local/include -I/home/sekai_cms/.rvm/usr/include  conftest.c >&5
conftest.c:63:21: error: expected expression
if (sizeof ((size_t)))
                    ^
1 error generated.
configure:4159: $? = 1
configure: failed program was:
| /* confdefs.h */
| #define PACKAGE_NAME "readline"
| #define PACKAGE_TARNAME "readline"
| #define PACKAGE_VERSION "6.2"
| #define PACKAGE_STRING "readline 6.2"
| #define PACKAGE_BUGREPORT "bug-readline@gnu.org"
| #define PACKAGE_URL ""
| #define STDC_HEADERS 1
| #define HAVE_SYS_TYPES_H 1
| #define HAVE_SYS_STAT_H 1
| #define HAVE_STDLIB_H 1
| #define HAVE_STRING_H 1
| #define HAVE_MEMORY_H 1
| #define HAVE_STRINGS_H 1
| #define HAVE_INTTYPES_H 1
| #define HAVE_STDINT_H 1
| #define HAVE_UNISTD_H 1
| #define __EXTENSIONS__ 1
| #define _ALL_SOURCE 1
| #define _GNU_SOURCE 1
| #define _POSIX_PTHREAD_SEMANTICS 1
| #define _TANDEM_SOURCE 1
| #define PROTOTYPES 1
| #define __PROTOTYPES 1
| #define RETSIGTYPE void
| /* end confdefs.h.  */
| #include <stdio.h>
| #ifdef HAVE_SYS_TYPES_H
| # include <sys/types.h>
| #endif
| #ifdef HAVE_SYS_STAT_H
| # include <sys/stat.h>
| #endif
| #ifdef STDC_HEADERS
| # include <stdlib.h>
| # include <stddef.h>
| #else
| # ifdef HAVE_STDLIB_H
| #  include <stdlib.h>
| # endif
| #endif
| #ifdef HAVE_STRING_H
| # if !defined STDC_HEADERS && defined HAVE_MEMORY_H
| #  include <memory.h>
| # endif
| # include <string.h>
| #endif
| #ifdef HAVE_STRINGS_H
| # include <strings.h>
| #endif
| #ifdef HAVE_INTTYPES_H
| # include <inttypes.h>
| #endif
| #ifdef HAVE_STDINT_H
| # include <stdint.h>
| #endif
| #ifdef HAVE_UNISTD_H
| # include <unistd.h>
| #endif
| int
| main ()
| {
| if (sizeof ((size_t)))
| 	    return 0;
|   ;
|   return 0;
| }
configure:4159: result: yes
configure:4170: checking for ssize_t
configure:4170: cc -c -I/usr/local/include -I/home/sekai_cms/.rvm/usr/include  conftest.c >&5
configure:4170: $? = 0
configure:4170: cc -c -I/usr/local/include -I/home/sekai_cms/.rvm/usr/include  conftest.c >&5
conftest.c:63:22: error: expected expression
if (sizeof ((ssize_t)))
                     ^
1 error generated.
configure:4170: $? = 1
configure: failed program was:
| /* confdefs.h */
| #define PACKAGE_NAME "readline"
| #define PACKAGE_TARNAME "readline"
| #define PACKAGE_VERSION "6.2"
| #define PACKAGE_STRING "readline 6.2"
| #define PACKAGE_BUGREPORT "bug-readline@gnu.org"
| #define PACKAGE_URL ""
| #define STDC_HEADERS 1
| #define HAVE_SYS_TYPES_H 1
| #define HAVE_SYS_STAT_H 1
| #define HAVE_STDLIB_H 1
| #define HAVE_STRING_H 1
| #define HAVE_MEMORY_H 1
| #define HAVE_STRINGS_H 1
| #define HAVE_INTTYPES_H 1
| #define HAVE_STDINT_H 1
| #define HAVE_UNISTD_H 1
| #define __EXTENSIONS__ 1
| #define _ALL_SOURCE 1
| #define _GNU_SOURCE 1
| #define _POSIX_PTHREAD_SEMANTICS 1
| #define _TANDEM_SOURCE 1
| #define PROTOTYPES 1
| #define __PROTOTYPES 1
| #define RETSIGTYPE void
| /* end confdefs.h.  */
| #include <stdio.h>
| #ifdef HAVE_SYS_TYPES_H
| # include <sys/types.h>
| #endif
| #ifdef HAVE_SYS_STAT_H
| # include <sys/stat.h>
| #endif
| #ifdef STDC_HEADERS
| # include <stdlib.h>
| # include <stddef.h>
| #else
| # ifdef HAVE_STDLIB_H
| #  include <stdlib.h>
| # endif
| #endif
| #ifdef HAVE_STRING_H
| # if !defined STDC_HEADERS && defined HAVE_MEMORY_H
| #  include <memory.h>
| # endif
| # include <string.h>
| #endif
| #ifdef HAVE_STRINGS_H
| # include <strings.h>
| #endif
| #ifdef HAVE_INTTYPES_H
| # include <inttypes.h>
| #endif
| #ifdef HAVE_STDINT_H
| # include <stdint.h>
| #endif
| #ifdef HAVE_UNISTD_H
| # include <unistd.h>
| #endif
| int
| main ()
| {
| if (sizeof ((ssize_t)))
| 	    return 0;
|   ;
|   return 0;
| }
configure:4170: result: yes
configure:4182: checking for ANSI C header files
configure:4286: result: yes
configure:4295: checking whether stat file-mode macros are broken
configure:4322: cc -c -I/usr/local/include -I/home/sekai_cms/.rvm/usr/include  conftest.c >&5
configure:4322: $? = 0
configure:4329: result: no
configure:4340: checking for dirent.h that defines DIR
configure:4359: cc -c -I/usr/local/include -I/home/sekai_cms/.rvm/usr/include  conftest.c >&5
configure:4359: $? = 0
configure:4367: result: yes
configure:4380: checking for library containing opendir
configure:4411: cc -o conftest -I/usr/local/include -I/home/sekai_cms/.rvm/usr/include  -L/usr/local/lib -Wl,-rpath,/usr/local/lib -L/home/sekai_cms/.rvm/usr/lib -Wl,-rpath,/home/sekai_cms/.rvm/usr/lib conftest.c  >&5
configure:4411: $? = 0
configure:4428: result: none required
configure:4499: checking for fcntl
configure:4499: cc -o conftest -I/usr/local/include -I/home/sekai_cms/.rvm/usr/include  -L/usr/local/lib -Wl,-rpath,/usr/local/lib -L/home/sekai_cms/.rvm/usr/lib -Wl,-rpath,/home/sekai_cms/.rvm/usr/lib conftest.c  >&5
configure:4499: $? = 0
configure:4499: result: yes
configure:4499: checking for kill
configure:4499: cc -o conftest -I/usr/local/include -I/home/sekai_cms/.rvm/usr/include  -L/usr/local/lib -Wl,-rpath,/usr/local/lib -L/home/sekai_cms/.rvm/usr/lib -Wl,-rpath,/home/sekai_cms/.rvm/usr/lib conftest.c  >&5
configure:4499: $? = 0
configure:4499: result: yes
configure:4499: checking for lstat
configure:4499: cc -o conftest -I/usr/local/include -I/home/sekai_cms/.rvm/usr/include  -L/usr/local/lib -Wl,-rpath,/usr/local/lib -L/home/sekai_cms/.rvm/usr/lib -Wl,-rpath,/home/sekai_cms/.rvm/usr/lib conftest.c  >&5
configure:4499: $? = 0
configure:4499: result: yes
configure:4512: checking for memmove
configure:4512: cc -o conftest -I/usr/local/include -I/home/sekai_cms/.rvm/usr/include  -L/usr/local/lib -Wl,-rpath,/usr/local/lib -L/home/sekai_cms/.rvm/usr/lib -Wl,-rpath,/home/sekai_cms/.rvm/usr/lib conftest.c  >&5
conftest.c:55:6: warning: incompatible redeclaration of library function 'memmove' [-Wincompatible-library-redeclaration]
char memmove ();
     ^
conftest.c:55:6: note: 'memmove' is a builtin with type 'void *(void *, const void *, unsigned long)'
1 warning generated.
configure:4512: $? = 0
configure:4512: result: yes
configure:4512: checking for putenv
configure:4512: cc -o conftest -I/usr/local/include -I/home/sekai_cms/.rvm/usr/include  -L/usr/local/lib -Wl,-rpath,/usr/local/lib -L/home/sekai_cms/.rvm/usr/lib -Wl,-rpath,/home/sekai_cms/.rvm/usr/lib conftest.c  >&5
configure:4512: $? = 0
configure:4512: result: yes
configure:4512: checking for select
configure:4512: cc -o conftest -I/usr/local/include -I/home/sekai_cms/.rvm/usr/include  -L/usr/local/lib -Wl,-rpath,/usr/local/lib -L/home/sekai_cms/.rvm/usr/lib -Wl,-rpath,/home/sekai_cms/.rvm/usr/lib conftest.c  >&5
configure:4512: $? = 0
configure:4512: result: yes
configure:4512: checking for setenv
configure:4512: cc -o conftest -I/usr/local/include -I/home/sekai_cms/.rvm/usr/include  -L/usr/local/lib -Wl,-rpath,/usr/local/lib -L/home/sekai_cms/.rvm/usr/lib -Wl,-rpath,/home/sekai_cms/.rvm/usr/lib conftest.c  >&5
configure:4512: $? = 0
configure:4512: result: yes
configure:4512: checking for setlocale
configure:4512: cc -o conftest -I/usr/local/include -I/home/sekai_cms/.rvm/usr/include  -L/usr/local/lib -Wl,-rpath,/usr/local/lib -L/home/sekai_cms/.rvm/usr/lib -Wl,-rpath,/home/sekai_cms/.rvm/usr/lib conftest.c  >&5
configure:4512: $? = 0
configure:4512: result: yes
configure:4512: checking for strcasecmp
configure:4512: cc -o conftest -I/usr/local/include -I/home/sekai_cms/.rvm/usr/include  -L/usr/local/lib -Wl,-rpath,/usr/local/lib -L/home/sekai_cms/.rvm/usr/lib -Wl,-rpath,/home/sekai_cms/.rvm/usr/lib conftest.c  >&5
conftest.c:60:6: warning: incompatible redeclaration of library function 'strcasecmp' [-Wincompatible-library-redeclaration]
char strcasecmp ();
     ^
conftest.c:60:6: note: 'strcasecmp' is a builtin with type 'int (const char *, const char *)'
1 warning generated.
configure:4512: $? = 0
configure:4512: result: yes
configure:4512: checking for strpbrk
configure:4512: cc -o conftest -I/usr/local/include -I/home/sekai_cms/.rvm/usr/include  -L/usr/local/lib -Wl,-rpath,/usr/local/lib -L/home/sekai_cms/.rvm/usr/lib -Wl,-rpath,/home/sekai_cms/.rvm/usr/lib conftest.c  >&5
conftest.c:61:6: warning: incompatible redeclaration of library function 'strpbrk' [-Wincompatible-library-redeclaration]
char strpbrk ();
     ^
conftest.c:61:6: note: 'strpbrk' is a builtin with type 'char *(const char *, const char *)'
1 warning generated.
configure:4512: $? = 0
configure:4512: result: yes
configure:4512: checking for tcgetattr
configure:4512: cc -o conftest -I/usr/local/include -I/home/sekai_cms/.rvm/usr/include  -L/usr/local/lib -Wl,-rpath,/usr/local/lib -L/home/sekai_cms/.rvm/usr/lib -Wl,-rpath,/home/sekai_cms/.rvm/usr/lib conftest.c  >&5
configure:4512: $? = 0
configure:4512: result: yes
configure:4512: checking for vsnprintf
configure:4512: cc -o conftest -I/usr/local/include -I/home/sekai_cms/.rvm/usr/include  -L/usr/local/lib -Wl,-rpath,/usr/local/lib -L/home/sekai_cms/.rvm/usr/lib -Wl,-rpath,/home/sekai_cms/.rvm/usr/lib conftest.c  >&5
conftest.c:63:6: warning: incompatible redeclaration of library function 'vsnprintf' [-Wincompatible-library-redeclaration]
char vsnprintf ();
     ^
conftest.c:63:6: note: 'vsnprintf' is a builtin with type 'int (char *, unsigned long, const char *, __va_list_tag *)'
1 warning generated.
configure:4512: $? = 0
configure:4512: result: yes
configure:4524: checking for isascii
configure:4524: cc -o conftest -I/usr/local/include -I/home/sekai_cms/.rvm/usr/include  -L/usr/local/lib -Wl,-rpath,/usr/local/lib -L/home/sekai_cms/.rvm/usr/lib -Wl,-rpath,/home/sekai_cms/.rvm/usr/lib conftest.c  >&5
configure:4524: $? = 0
configure:4524: result: yes
configure:4524: checking for isxdigit
configure:4524: cc -o conftest -I/usr/local/include -I/home/sekai_cms/.rvm/usr/include  -L/usr/local/lib -Wl,-rpath,/usr/local/lib -L/home/sekai_cms/.rvm/usr/lib -Wl,-rpath,/home/sekai_cms/.rvm/usr/lib conftest.c  >&5
configure:4524: $? = 0
configure:4524: result: yes
configure:4536: checking for getpwent
configure:4536: cc -o conftest -I/usr/local/include -I/home/sekai_cms/.rvm/usr/include  -L/usr/local/lib -Wl,-rpath,/usr/local/lib -L/home/sekai_cms/.rvm/usr/lib -Wl,-rpath,/home/sekai_cms/.rvm/usr/lib conftest.c  >&5
configure:4536: $? = 0
configure:4536: result: yes
configure:4536: checking for getpwnam
configure:4536: cc -o conftest -I/usr/local/include -I/home/sekai_cms/.rvm/usr/include  -L/usr/local/lib -Wl,-rpath,/usr/local/lib -L/home/sekai_cms/.rvm/usr/lib -Wl,-rpath,/home/sekai_cms/.rvm/usr/lib conftest.c  >&5
configure:4536: $? = 0
configure:4536: result: yes
configure:4536: checking for getpwuid
configure:4536: cc -o conftest -I/usr/local/include -I/home/sekai_cms/.rvm/usr/include  -L/usr/local/lib -Wl,-rpath,/usr/local/lib -L/home/sekai_cms/.rvm/usr/lib -Wl,-rpath,/home/sekai_cms/.rvm/usr/lib conftest.c  >&5
configure:4536: $? = 0
configure:4536: result: yes
configure:4546: checking for working strcoll
configure:4567: cc -o conftest -I/usr/local/include -I/home/sekai_cms/.rvm/usr/include  -L/usr/local/lib -Wl,-rpath,/usr/local/lib -L/home/sekai_cms/.rvm/usr/lib -Wl,-rpath,/home/sekai_cms/.rvm/usr/lib conftest.c  >&5
configure:4567: $? = 0
configure:4567: ./conftest
configure:4567: $? = 0
configure:4577: result: yes
configure:4590: checking fcntl.h usability
configure:4590: cc -c -I/usr/local/include -I/home/sekai_cms/.rvm/usr/include  conftest.c >&5
configure:4590: $? = 0
configure:4590: result: yes
configure:4590: checking fcntl.h presence
configure:4590: cc -E  conftest.c
configure:4590: $? = 0
configure:4590: result: yes
configure:4590: checking for fcntl.h
configure:4590: result: yes
configure:4590: checking for unistd.h
configure:4590: result: yes
configure:4590: checking for stdlib.h
configure:4590: result: yes
configure:4590: checking varargs.h usability
configure:4590: cc -c -I/usr/local/include -I/home/sekai_cms/.rvm/usr/include  conftest.c >&5
In file included from conftest.c:83:
/usr/include/varargs.h:34:2: error: "<varargs.h> is obsolete with this version of GCC."
#error "<varargs.h> is obsolete with this version of GCC."
 ^
/usr/include/varargs.h:35:2: error: "Change your code to use <stdarg.h> instead."
#error "Change your code to use <stdarg.h> instead."
 ^
2 errors generated.
configure:4590: $? = 1
configure: failed program was:
| /* confdefs.h */
| #define PACKAGE_NAME "readline"
| #define PACKAGE_TARNAME "readline"
| #define PACKAGE_VERSION "6.2"
| #define PACKAGE_STRING "readline 6.2"
| #define PACKAGE_BUGREPORT "bug-readline@gnu.org"
| #define PACKAGE_URL ""
| #define STDC_HEADERS 1
| #define HAVE_SYS_TYPES_H 1
| #define HAVE_SYS_STAT_H 1
| #define HAVE_STDLIB_H 1
| #define HAVE_STRING_H 1
| #define HAVE_MEMORY_H 1
| #define HAVE_STRINGS_H 1
| #define HAVE_INTTYPES_H 1
| #define HAVE_STDINT_H 1
| #define HAVE_UNISTD_H 1
| #define __EXTENSIONS__ 1
| #define _ALL_SOURCE 1
| #define _GNU_SOURCE 1
| #define _POSIX_PTHREAD_SEMANTICS 1
| #define _TANDEM_SOURCE 1
| #define PROTOTYPES 1
| #define __PROTOTYPES 1
| #define RETSIGTYPE void
| #define STDC_HEADERS 1
| #define HAVE_DIRENT_H 1
| #define HAVE_FCNTL 1
| #define HAVE_KILL 1
| #define HAVE_LSTAT 1
| #define HAVE_MEMMOVE 1
| #define HAVE_PUTENV 1
| #define HAVE_SELECT 1
| #define HAVE_SETENV 1
| #define HAVE_SETLOCALE 1
| #define HAVE_STRCASECMP 1
| #define HAVE_STRPBRK 1
| #define HAVE_TCGETATTR 1
| #define HAVE_VSNPRINTF 1
| #define HAVE_ISASCII 1
| #define HAVE_ISXDIGIT 1
| #define HAVE_GETPWENT 1
| #define HAVE_GETPWNAM 1
| #define HAVE_GETPWUID 1
| #define HAVE_STRCOLL 1
| #define HAVE_FCNTL_H 1
| #define HAVE_UNISTD_H 1
| #define HAVE_STDLIB_H 1
| /* end confdefs.h.  */
| #include <stdio.h>
| #ifdef HAVE_SYS_TYPES_H
| # include <sys/types.h>
| #endif
| #ifdef HAVE_SYS_STAT_H
| # include <sys/stat.h>
| #endif
| #ifdef STDC_HEADERS
| # include <stdlib.h>
| # include <stddef.h>
| #else
| # ifdef HAVE_STDLIB_H
| #  include <stdlib.h>
| # endif
| #endif
| #ifdef HAVE_STRING_H
| # if !defined STDC_HEADERS && defined HAVE_MEMORY_H
| #  include <memory.h>
| # endif
| # include <string.h>
| #endif
| #ifdef HAVE_STRINGS_H
| # include <strings.h>
| #endif
| #ifdef HAVE_INTTYPES_H
| # include <inttypes.h>
| #endif
| #ifdef HAVE_STDINT_H
| # include <stdint.h>
| #endif
| #ifdef HAVE_UNISTD_H
| # include <unistd.h>
| #endif
| #include <varargs.h>
configure:4590: result: no
configure:4590: checking varargs.h presence
configure:4590: cc -E  conftest.c
In file included from conftest.c:50:
/usr/include/varargs.h:34:2: error: "<varargs.h> is obsolete with this version of GCC."
#error "<varargs.h> is obsolete with this version of GCC."
 ^
/usr/include/varargs.h:35:2: error: "Change your code to use <stdarg.h> instead."
#error "Change your code to use <stdarg.h> instead."
 ^
2 errors generated.
configure:4590: $? = 1
configure: failed program was:
| /* confdefs.h */
| #define PACKAGE_NAME "readline"
| #define PACKAGE_TARNAME "readline"
| #define PACKAGE_VERSION "6.2"
| #define PACKAGE_STRING "readline 6.2"
| #define PACKAGE_BUGREPORT "bug-readline@gnu.org"
| #define PACKAGE_URL ""
| #define STDC_HEADERS 1
| #define HAVE_SYS_TYPES_H 1
| #define HAVE_SYS_STAT_H 1
| #define HAVE_STDLIB_H 1
| #define HAVE_STRING_H 1
| #define HAVE_MEMORY_H 1
| #define HAVE_STRINGS_H 1
| #define HAVE_INTTYPES_H 1
| #define HAVE_STDINT_H 1
| #define HAVE_UNISTD_H 1
| #define __EXTENSIONS__ 1
| #define _ALL_SOURCE 1
| #define _GNU_SOURCE 1
| #define _POSIX_PTHREAD_SEMANTICS 1
| #define _TANDEM_SOURCE 1
| #define PROTOTYPES 1
| #define __PROTOTYPES 1
| #define RETSIGTYPE void
| #define STDC_HEADERS 1
| #define HAVE_DIRENT_H 1
| #define HAVE_FCNTL 1
| #define HAVE_KILL 1
| #define HAVE_LSTAT 1
| #define HAVE_MEMMOVE 1
| #define HAVE_PUTENV 1
| #define HAVE_SELECT 1
| #define HAVE_SETENV 1
| #define HAVE_SETLOCALE 1
| #define HAVE_STRCASECMP 1
| #define HAVE_STRPBRK 1
| #define HAVE_TCGETATTR 1
| #define HAVE_VSNPRINTF 1
| #define HAVE_ISASCII 1
| #define HAVE_ISXDIGIT 1
| #define HAVE_GETPWENT 1
| #define HAVE_GETPWNAM 1
| #define HAVE_GETPWUID 1
| #define HAVE_STRCOLL 1
| #define HAVE_FCNTL_H 1
| #define HAVE_UNISTD_H 1
| #define HAVE_STDLIB_H 1
| /* end confdefs.h.  */
| #include <varargs.h>
configure:4590: result: no
configure:4590: checking for varargs.h
configure:4590: result: no
configure:4590: checking stdarg.h usability
configure:4590: cc -c -I/usr/local/include -I/home/sekai_cms/.rvm/usr/include  conftest.c >&5
configure:4590: $? = 0
configure:4590: result: yes
configure:4590: checking stdarg.h presence
configure:4590: cc -E  conftest.c
configure:4590: $? = 0
configure:4590: result: yes
configure:4590: checking for stdarg.h
configure:4590: result: yes
configure:4590: checking for string.h
configure:4590: result: yes
configure:4590: checking for strings.h
configure:4590: result: yes
configure:4590: checking limits.h usability
configure:4590: cc -c -I/usr/local/include -I/home/sekai_cms/.rvm/usr/include  conftest.c >&5
configure:4590: $? = 0
configure:4590: result: yes
configure:4590: checking limits.h presence
configure:4590: cc -E  conftest.c
configure:4590: $? = 0
configure:4590: result: yes
configure:4590: checking for limits.h
configure:4590: result: yes
configure:4590: checking locale.h usability
configure:4590: cc -c -I/usr/local/include -I/home/sekai_cms/.rvm/usr/include  conftest.c >&5
configure:4590: $? = 0
configure:4590: result: yes
configure:4590: checking locale.h presence
configure:4590: cc -E  conftest.c
configure:4590: $? = 0
configure:4590: result: yes
configure:4590: checking for locale.h
configure:4590: result: yes
configure:4590: checking pwd.h usability
configure:4590: cc -c -I/usr/local/include -I/home/sekai_cms/.rvm/usr/include  conftest.c >&5
configure:4590: $? = 0
configure:4590: result: yes
configure:4590: checking pwd.h presence
configure:4590: cc -E  conftest.c
configure:4590: $? = 0
configure:4590: result: yes
configure:4590: checking for pwd.h
configure:4590: result: yes
configure:4590: checking for memory.h
configure:4590: result: yes
configure:4590: checking termcap.h usability
configure:4590: cc -c -I/usr/local/include -I/home/sekai_cms/.rvm/usr/include  conftest.c >&5
configure:4590: $? = 0
configure:4590: result: yes
configure:4590: checking termcap.h presence
configure:4590: cc -E  conftest.c
configure:4590: $? = 0
configure:4590: result: yes
configure:4590: checking for termcap.h
configure:4590: result: yes
configure:4590: checking termios.h usability
configure:4590: cc -c -I/usr/local/include -I/home/sekai_cms/.rvm/usr/include  conftest.c >&5
configure:4590: $? = 0
configure:4590: result: yes
configure:4590: checking termios.h presence
configure:4590: cc -E  conftest.c
configure:4590: $? = 0
configure:4590: result: yes
configure:4590: checking for termios.h
configure:4590: result: yes
configure:4590: checking termio.h usability
configure:4590: cc -c -I/usr/local/include -I/home/sekai_cms/.rvm/usr/include  conftest.c >&5
conftest.c:92:10: fatal error: 'termio.h' file not found
#include <termio.h>
         ^
1 error generated.
configure:4590: $? = 1
configure: failed program was:
| /* confdefs.h */
| #define PACKAGE_NAME "readline"
| #define PACKAGE_TARNAME "readline"
| #define PACKAGE_VERSION "6.2"
| #define PACKAGE_STRING "readline 6.2"
| #define PACKAGE_BUGREPORT "bug-readline@gnu.org"
| #define PACKAGE_URL ""
| #define STDC_HEADERS 1
| #define HAVE_SYS_TYPES_H 1
| #define HAVE_SYS_STAT_H 1
| #define HAVE_STDLIB_H 1
| #define HAVE_STRING_H 1
| #define HAVE_MEMORY_H 1
| #define HAVE_STRINGS_H 1
| #define HAVE_INTTYPES_H 1
| #define HAVE_STDINT_H 1
| #define HAVE_UNISTD_H 1
| #define __EXTENSIONS__ 1
| #define _ALL_SOURCE 1
| #define _GNU_SOURCE 1
| #define _POSIX_PTHREAD_SEMANTICS 1
| #define _TANDEM_SOURCE 1
| #define PROTOTYPES 1
| #define __PROTOTYPES 1
| #define RETSIGTYPE void
| #define STDC_HEADERS 1
| #define HAVE_DIRENT_H 1
| #define HAVE_FCNTL 1
| #define HAVE_KILL 1
| #define HAVE_LSTAT 1
| #define HAVE_MEMMOVE 1
| #define HAVE_PUTENV 1
| #define HAVE_SELECT 1
| #define HAVE_SETENV 1
| #define HAVE_SETLOCALE 1
| #define HAVE_STRCASECMP 1
| #define HAVE_STRPBRK 1
| #define HAVE_TCGETATTR 1
| #define HAVE_VSNPRINTF 1
| #define HAVE_ISASCII 1
| #define HAVE_ISXDIGIT 1
| #define HAVE_GETPWENT 1
| #define HAVE_GETPWNAM 1
| #define HAVE_GETPWUID 1
| #define HAVE_STRCOLL 1
| #define HAVE_FCNTL_H 1
| #define HAVE_UNISTD_H 1
| #define HAVE_STDLIB_H 1
| #define HAVE_STDARG_H 1
| #define HAVE_STRING_H 1
| #define HAVE_STRINGS_H 1
| #define HAVE_LIMITS_H 1
| #define HAVE_LOCALE_H 1
| #define HAVE_PWD_H 1
| #define HAVE_MEMORY_H 1
| #define HAVE_TERMCAP_H 1
| #define HAVE_TERMIOS_H 1
| /* end confdefs.h.  */
| #include <stdio.h>
| #ifdef HAVE_SYS_TYPES_H
| # include <sys/types.h>
| #endif
| #ifdef HAVE_SYS_STAT_H
| # include <sys/stat.h>
| #endif
| #ifdef STDC_HEADERS
| # include <stdlib.h>
| # include <stddef.h>
| #else
| # ifdef HAVE_STDLIB_H
| #  include <stdlib.h>
| # endif
| #endif
| #ifdef HAVE_STRING_H
| # if !defined STDC_HEADERS && defined HAVE_MEMORY_H
| #  include <memory.h>
| # endif
| # include <string.h>
| #endif
| #ifdef HAVE_STRINGS_H
| # include <strings.h>
| #endif
| #ifdef HAVE_INTTYPES_H
| # include <inttypes.h>
| #endif
| #ifdef HAVE_STDINT_H
| # include <stdint.h>
| #endif
| #ifdef HAVE_UNISTD_H
| # include <unistd.h>
| #endif
| #include <termio.h>
configure:4590: result: no
configure:4590: checking termio.h presence
configure:4590: cc -E  conftest.c
conftest.c:59:10: fatal error: 'termio.h' file not found
#include <termio.h>
         ^
1 error generated.
configure:4590: $? = 1
configure: failed program was:
| /* confdefs.h */
| #define PACKAGE_NAME "readline"
| #define PACKAGE_TARNAME "readline"
| #define PACKAGE_VERSION "6.2"
| #define PACKAGE_STRING "readline 6.2"
| #define PACKAGE_BUGREPORT "bug-readline@gnu.org"
| #define PACKAGE_URL ""
| #define STDC_HEADERS 1
| #define HAVE_SYS_TYPES_H 1
| #define HAVE_SYS_STAT_H 1
| #define HAVE_STDLIB_H 1
| #define HAVE_STRING_H 1
| #define HAVE_MEMORY_H 1
| #define HAVE_STRINGS_H 1
| #define HAVE_INTTYPES_H 1
| #define HAVE_STDINT_H 1
| #define HAVE_UNISTD_H 1
| #define __EXTENSIONS__ 1
| #define _ALL_SOURCE 1
| #define _GNU_SOURCE 1
| #define _POSIX_PTHREAD_SEMANTICS 1
| #define _TANDEM_SOURCE 1
| #define PROTOTYPES 1
| #define __PROTOTYPES 1
| #define RETSIGTYPE void
| #define STDC_HEADERS 1
| #define HAVE_DIRENT_H 1
| #define HAVE_FCNTL 1
| #define HAVE_KILL 1
| #define HAVE_LSTAT 1
| #define HAVE_MEMMOVE 1
| #define HAVE_PUTENV 1
| #define HAVE_SELECT 1
| #define HAVE_SETENV 1
| #define HAVE_SETLOCALE 1
| #define HAVE_STRCASECMP 1
| #define HAVE_STRPBRK 1
| #define HAVE_TCGETATTR 1
| #define HAVE_VSNPRINTF 1
| #define HAVE_ISASCII 1
| #define HAVE_ISXDIGIT 1
| #define HAVE_GETPWENT 1
| #define HAVE_GETPWNAM 1
| #define HAVE_GETPWUID 1
| #define HAVE_STRCOLL 1
| #define HAVE_FCNTL_H 1
| #define HAVE_UNISTD_H 1
| #define HAVE_STDLIB_H 1
| #define HAVE_STDARG_H 1
| #define HAVE_STRING_H 1
| #define HAVE_STRINGS_H 1
| #define HAVE_LIMITS_H 1
| #define HAVE_LOCALE_H 1
| #define HAVE_PWD_H 1
| #define HAVE_MEMORY_H 1
| #define HAVE_TERMCAP_H 1
| #define HAVE_TERMIOS_H 1
| /* end confdefs.h.  */
| #include <termio.h>
configure:4590: result: no
configure:4590: checking for termio.h
configure:4590: result: no
configure:4603: checking sys/pte.h usability
configure:4603: cc -c -I/usr/local/include -I/home/sekai_cms/.rvm/usr/include  conftest.c >&5
conftest.c:92:10: fatal error: 'sys/pte.h' file not found
#include <sys/pte.h>
         ^
1 error generated.
configure:4603: $? = 1
configure: failed program was:
| /* confdefs.h */
| #define PACKAGE_NAME "readline"
| #define PACKAGE_TARNAME "readline"
| #define PACKAGE_VERSION "6.2"
| #define PACKAGE_STRING "readline 6.2"
| #define PACKAGE_BUGREPORT "bug-readline@gnu.org"
| #define PACKAGE_URL ""
| #define STDC_HEADERS 1
| #define HAVE_SYS_TYPES_H 1
| #define HAVE_SYS_STAT_H 1
| #define HAVE_STDLIB_H 1
| #define HAVE_STRING_H 1
| #define HAVE_MEMORY_H 1
| #define HAVE_STRINGS_H 1
| #define HAVE_INTTYPES_H 1
| #define HAVE_STDINT_H 1
| #define HAVE_UNISTD_H 1
| #define __EXTENSIONS__ 1
| #define _ALL_SOURCE 1
| #define _GNU_SOURCE 1
| #define _POSIX_PTHREAD_SEMANTICS 1
| #define _TANDEM_SOURCE 1
| #define PROTOTYPES 1
| #define __PROTOTYPES 1
| #define RETSIGTYPE void
| #define STDC_HEADERS 1
| #define HAVE_DIRENT_H 1
| #define HAVE_FCNTL 1
| #define HAVE_KILL 1
| #define HAVE_LSTAT 1
| #define HAVE_MEMMOVE 1
| #define HAVE_PUTENV 1
| #define HAVE_SELECT 1
| #define HAVE_SETENV 1
| #define HAVE_SETLOCALE 1
| #define HAVE_STRCASECMP 1
| #define HAVE_STRPBRK 1
| #define HAVE_TCGETATTR 1
| #define HAVE_VSNPRINTF 1
| #define HAVE_ISASCII 1
| #define HAVE_ISXDIGIT 1
| #define HAVE_GETPWENT 1
| #define HAVE_GETPWNAM 1
| #define HAVE_GETPWUID 1
| #define HAVE_STRCOLL 1
| #define HAVE_FCNTL_H 1
| #define HAVE_UNISTD_H 1
| #define HAVE_STDLIB_H 1
| #define HAVE_STDARG_H 1
| #define HAVE_STRING_H 1
| #define HAVE_STRINGS_H 1
| #define HAVE_LIMITS_H 1
| #define HAVE_LOCALE_H 1
| #define HAVE_PWD_H 1
| #define HAVE_MEMORY_H 1
| #define HAVE_TERMCAP_H 1
| #define HAVE_TERMIOS_H 1
| /* end confdefs.h.  */
| #include <stdio.h>
| #ifdef HAVE_SYS_TYPES_H
| # include <sys/types.h>
| #endif
| #ifdef HAVE_SYS_STAT_H
| # include <sys/stat.h>
| #endif
| #ifdef STDC_HEADERS
| # include <stdlib.h>
| # include <stddef.h>
| #else
| # ifdef HAVE_STDLIB_H
| #  include <stdlib.h>
| # endif
| #endif
| #ifdef HAVE_STRING_H
| # if !defined STDC_HEADERS && defined HAVE_MEMORY_H
| #  include <memory.h>
| # endif
| # include <string.h>
| #endif
| #ifdef HAVE_STRINGS_H
| # include <strings.h>
| #endif
| #ifdef HAVE_INTTYPES_H
| # include <inttypes.h>
| #endif
| #ifdef HAVE_STDINT_H
| # include <stdint.h>
| #endif
| #ifdef HAVE_UNISTD_H
| # include <unistd.h>
| #endif
| #include <sys/pte.h>
configure:4603: result: no
configure:4603: checking sys/pte.h presence
configure:4603: cc -E  conftest.c
conftest.c:59:10: fatal error: 'sys/pte.h' file not found
#include <sys/pte.h>
         ^
1 error generated.
configure:4603: $? = 1
configure: failed program was:
| /* confdefs.h */
| #define PACKAGE_NAME "readline"
| #define PACKAGE_TARNAME "readline"
| #define PACKAGE_VERSION "6.2"
| #define PACKAGE_STRING "readline 6.2"
| #define PACKAGE_BUGREPORT "bug-readline@gnu.org"
| #define PACKAGE_URL ""
| #define STDC_HEADERS 1
| #define HAVE_SYS_TYPES_H 1
| #define HAVE_SYS_STAT_H 1
| #define HAVE_STDLIB_H 1
| #define HAVE_STRING_H 1
| #define HAVE_MEMORY_H 1
| #define HAVE_STRINGS_H 1
| #define HAVE_INTTYPES_H 1
| #define HAVE_STDINT_H 1
| #define HAVE_UNISTD_H 1
| #define __EXTENSIONS__ 1
| #define _ALL_SOURCE 1
| #define _GNU_SOURCE 1
| #define _POSIX_PTHREAD_SEMANTICS 1
| #define _TANDEM_SOURCE 1
| #define PROTOTYPES 1
| #define __PROTOTYPES 1
| #define RETSIGTYPE void
| #define STDC_HEADERS 1
| #define HAVE_DIRENT_H 1
| #define HAVE_FCNTL 1
| #define HAVE_KILL 1
| #define HAVE_LSTAT 1
| #define HAVE_MEMMOVE 1
| #define HAVE_PUTENV 1
| #define HAVE_SELECT 1
| #define HAVE_SETENV 1
| #define HAVE_SETLOCALE 1
| #define HAVE_STRCASECMP 1
| #define HAVE_STRPBRK 1
| #define HAVE_TCGETATTR 1
| #define HAVE_VSNPRINTF 1
| #define HAVE_ISASCII 1
| #define HAVE_ISXDIGIT 1
| #define HAVE_GETPWENT 1
| #define HAVE_GETPWNAM 1
| #define HAVE_GETPWUID 1
| #define HAVE_STRCOLL 1
| #define HAVE_FCNTL_H 1
| #define HAVE_UNISTD_H 1
| #define HAVE_STDLIB_H 1
| #define HAVE_STDARG_H 1
| #define HAVE_STRING_H 1
| #define HAVE_STRINGS_H 1
| #define HAVE_LIMITS_H 1
| #define HAVE_LOCALE_H 1
| #define HAVE_PWD_H 1
| #define HAVE_MEMORY_H 1
| #define HAVE_TERMCAP_H 1
| #define HAVE_TERMIOS_H 1
| /* end confdefs.h.  */
| #include <sys/pte.h>
configure:4603: result: no
configure:4603: checking for sys/pte.h
configure:4603: result: no
configure:4603: checking sys/stream.h usability
configure:4603: cc -c -I/usr/local/include -I/home/sekai_cms/.rvm/usr/include  conftest.c >&5
conftest.c:92:10: fatal error: 'sys/stream.h' file not found
#include <sys/stream.h>
         ^
1 error generated.
configure:4603: $? = 1
configure: failed program was:
| /* confdefs.h */
| #define PACKAGE_NAME "readline"
| #define PACKAGE_TARNAME "readline"
| #define PACKAGE_VERSION "6.2"
| #define PACKAGE_STRING "readline 6.2"
| #define PACKAGE_BUGREPORT "bug-readline@gnu.org"
| #define PACKAGE_URL ""
| #define STDC_HEADERS 1
| #define HAVE_SYS_TYPES_H 1
| #define HAVE_SYS_STAT_H 1
| #define HAVE_STDLIB_H 1
| #define HAVE_STRING_H 1
| #define HAVE_MEMORY_H 1
| #define HAVE_STRINGS_H 1
| #define HAVE_INTTYPES_H 1
| #define HAVE_STDINT_H 1
| #define HAVE_UNISTD_H 1
| #define __EXTENSIONS__ 1
| #define _ALL_SOURCE 1
| #define _GNU_SOURCE 1
| #define _POSIX_PTHREAD_SEMANTICS 1
| #define _TANDEM_SOURCE 1
| #define PROTOTYPES 1
| #define __PROTOTYPES 1
| #define RETSIGTYPE void
| #define STDC_HEADERS 1
| #define HAVE_DIRENT_H 1
| #define HAVE_FCNTL 1
| #define HAVE_KILL 1
| #define HAVE_LSTAT 1
| #define HAVE_MEMMOVE 1
| #define HAVE_PUTENV 1
| #define HAVE_SELECT 1
| #define HAVE_SETENV 1
| #define HAVE_SETLOCALE 1
| #define HAVE_STRCASECMP 1
| #define HAVE_STRPBRK 1
| #define HAVE_TCGETATTR 1
| #define HAVE_VSNPRINTF 1
| #define HAVE_ISASCII 1
| #define HAVE_ISXDIGIT 1
| #define HAVE_GETPWENT 1
| #define HAVE_GETPWNAM 1
| #define HAVE_GETPWUID 1
| #define HAVE_STRCOLL 1
| #define HAVE_FCNTL_H 1
| #define HAVE_UNISTD_H 1
| #define HAVE_STDLIB_H 1
| #define HAVE_STDARG_H 1
| #define HAVE_STRING_H 1
| #define HAVE_STRINGS_H 1
| #define HAVE_LIMITS_H 1
| #define HAVE_LOCALE_H 1
| #define HAVE_PWD_H 1
| #define HAVE_MEMORY_H 1
| #define HAVE_TERMCAP_H 1
| #define HAVE_TERMIOS_H 1
| /* end confdefs.h.  */
| #include <stdio.h>
| #ifdef HAVE_SYS_TYPES_H
| # include <sys/types.h>
| #endif
| #ifdef HAVE_SYS_STAT_H
| # include <sys/stat.h>
| #endif
| #ifdef STDC_HEADERS
| # include <stdlib.h>
| # include <stddef.h>
| #else
| # ifdef HAVE_STDLIB_H
| #  include <stdlib.h>
| # endif
| #endif
| #ifdef HAVE_STRING_H
| # if !defined STDC_HEADERS && defined HAVE_MEMORY_H
| #  include <memory.h>
| # endif
| # include <string.h>
| #endif
| #ifdef HAVE_STRINGS_H
| # include <strings.h>
| #endif
| #ifdef HAVE_INTTYPES_H
| # include <inttypes.h>
| #endif
| #ifdef HAVE_STDINT_H
| # include <stdint.h>
| #endif
| #ifdef HAVE_UNISTD_H
| # include <unistd.h>
| #endif
| #include <sys/stream.h>
configure:4603: result: no
configure:4603: checking sys/stream.h presence
configure:4603: cc -E  conftest.c
conftest.c:59:10: fatal error: 'sys/stream.h' file not found
#include <sys/stream.h>
         ^
1 error generated.
configure:4603: $? = 1
configure: failed program was:
| /* confdefs.h */
| #define PACKAGE_NAME "readline"
| #define PACKAGE_TARNAME "readline"
| #define PACKAGE_VERSION "6.2"
| #define PACKAGE_STRING "readline 6.2"
| #define PACKAGE_BUGREPORT "bug-readline@gnu.org"
| #define PACKAGE_URL ""
| #define STDC_HEADERS 1
| #define HAVE_SYS_TYPES_H 1
| #define HAVE_SYS_STAT_H 1
| #define HAVE_STDLIB_H 1
| #define HAVE_STRING_H 1
| #define HAVE_MEMORY_H 1
| #define HAVE_STRINGS_H 1
| #define HAVE_INTTYPES_H 1
| #define HAVE_STDINT_H 1
| #define HAVE_UNISTD_H 1
| #define __EXTENSIONS__ 1
| #define _ALL_SOURCE 1
| #define _GNU_SOURCE 1
| #define _POSIX_PTHREAD_SEMANTICS 1
| #define _TANDEM_SOURCE 1
| #define PROTOTYPES 1
| #define __PROTOTYPES 1
| #define RETSIGTYPE void
| #define STDC_HEADERS 1
| #define HAVE_DIRENT_H 1
| #define HAVE_FCNTL 1
| #define HAVE_KILL 1
| #define HAVE_LSTAT 1
| #define HAVE_MEMMOVE 1
| #define HAVE_PUTENV 1
| #define HAVE_SELECT 1
| #define HAVE_SETENV 1
| #define HAVE_SETLOCALE 1
| #define HAVE_STRCASECMP 1
| #define HAVE_STRPBRK 1
| #define HAVE_TCGETATTR 1
| #define HAVE_VSNPRINTF 1
| #define HAVE_ISASCII 1
| #define HAVE_ISXDIGIT 1
| #define HAVE_GETPWENT 1
| #define HAVE_GETPWNAM 1
| #define HAVE_GETPWUID 1
| #define HAVE_STRCOLL 1
| #define HAVE_FCNTL_H 1
| #define HAVE_UNISTD_H 1
| #define HAVE_STDLIB_H 1
| #define HAVE_STDARG_H 1
| #define HAVE_STRING_H 1
| #define HAVE_STRINGS_H 1
| #define HAVE_LIMITS_H 1
| #define HAVE_LOCALE_H 1
| #define HAVE_PWD_H 1
| #define HAVE_MEMORY_H 1
| #define HAVE_TERMCAP_H 1
| #define HAVE_TERMIOS_H 1
| /* end confdefs.h.  */
| #include <sys/stream.h>
configure:4603: result: no
configure:4603: checking for sys/stream.h
configure:4603: result: no
configure:4603: checking sys/select.h usability
configure:4603: cc -c -I/usr/local/include -I/home/sekai_cms/.rvm/usr/include  conftest.c >&5
configure:4603: $? = 0
configure:4603: result: yes
configure:4603: checking sys/select.h presence
configure:4603: cc -E  conftest.c
configure:4603: $? = 0
configure:4603: result: yes
configure:4603: checking for sys/select.h
configure:4603: result: yes
configure:4603: checking sys/file.h usability
configure:4603: cc -c -I/usr/local/include -I/home/sekai_cms/.rvm/usr/include  conftest.c >&5
configure:4603: $? = 0
configure:4603: result: yes
configure:4603: checking sys/file.h presence
configure:4603: cc -E  conftest.c
configure:4603: $? = 0
configure:4603: result: yes
configure:4603: checking for sys/file.h
configure:4603: result: yes
configure:4616: checking for sys/ptem.h
configure:4616: cc -c -I/usr/local/include -I/home/sekai_cms/.rvm/usr/include  conftest.c >&5
conftest.c:67:10: fatal error: 'sys/ptem.h' file not found
#include <sys/ptem.h>
         ^
1 error generated.
configure:4616: $? = 1
configure: failed program was:
| /* confdefs.h */
| #define PACKAGE_NAME "readline"
| #define PACKAGE_TARNAME "readline"
| #define PACKAGE_VERSION "6.2"
| #define PACKAGE_STRING "readline 6.2"
| #define PACKAGE_BUGREPORT "bug-readline@gnu.org"
| #define PACKAGE_URL ""
| #define STDC_HEADERS 1
| #define HAVE_SYS_TYPES_H 1
| #define HAVE_SYS_STAT_H 1
| #define HAVE_STDLIB_H 1
| #define HAVE_STRING_H 1
| #define HAVE_MEMORY_H 1
| #define HAVE_STRINGS_H 1
| #define HAVE_INTTYPES_H 1
| #define HAVE_STDINT_H 1
| #define HAVE_UNISTD_H 1
| #define __EXTENSIONS__ 1
| #define _ALL_SOURCE 1
| #define _GNU_SOURCE 1
| #define _POSIX_PTHREAD_SEMANTICS 1
| #define _TANDEM_SOURCE 1
| #define PROTOTYPES 1
| #define __PROTOTYPES 1
| #define RETSIGTYPE void
| #define STDC_HEADERS 1
| #define HAVE_DIRENT_H 1
| #define HAVE_FCNTL 1
| #define HAVE_KILL 1
| #define HAVE_LSTAT 1
| #define HAVE_MEMMOVE 1
| #define HAVE_PUTENV 1
| #define HAVE_SELECT 1
| #define HAVE_SETENV 1
| #define HAVE_SETLOCALE 1
| #define HAVE_STRCASECMP 1
| #define HAVE_STRPBRK 1
| #define HAVE_TCGETATTR 1
| #define HAVE_VSNPRINTF 1
| #define HAVE_ISASCII 1
| #define HAVE_ISXDIGIT 1
| #define HAVE_GETPWENT 1
| #define HAVE_GETPWNAM 1
| #define HAVE_GETPWUID 1
| #define HAVE_STRCOLL 1
| #define HAVE_FCNTL_H 1
| #define HAVE_UNISTD_H 1
| #define HAVE_STDLIB_H 1
| #define HAVE_STDARG_H 1
| #define HAVE_STRING_H 1
| #define HAVE_STRINGS_H 1
| #define HAVE_LIMITS_H 1
| #define HAVE_LOCALE_H 1
| #define HAVE_PWD_H 1
| #define HAVE_MEMORY_H 1
| #define HAVE_TERMCAP_H 1
| #define HAVE_TERMIOS_H 1
| #define HAVE_SYS_SELECT_H 1
| #define HAVE_SYS_FILE_H 1
| /* end confdefs.h.  */
| 
| #if HAVE_SYS_STREAM_H
| #  include <sys/stream.h>
| #endif
| 
| 
| #include <sys/ptem.h>
configure:4616: result: no
configure:4639: checking for special C compiler options needed for large files
configure:4684: result: no
configure:4690: checking for _FILE_OFFSET_BITS value needed for large files
configure:4715: cc -c -I/usr/local/include -I/home/sekai_cms/.rvm/usr/include  conftest.c >&5
configure:4715: $? = 0
configure:4747: result: no
configure:4834: checking for type of signal functions
configure:4857: cc -o conftest -I/usr/local/include -I/home/sekai_cms/.rvm/usr/include  -L/usr/local/lib -Wl,-rpath,/usr/local/lib -L/home/sekai_cms/.rvm/usr/lib -Wl,-rpath,/home/sekai_cms/.rvm/usr/lib conftest.c  >&5
configure:4857: $? = 0
configure:4915: result: posix
configure:4930: checking if signal handlers must be reinstalled when invoked
configure:4988: cc -o conftest -I/usr/local/include -I/home/sekai_cms/.rvm/usr/include  -L/usr/local/lib -Wl,-rpath,/usr/local/lib -L/home/sekai_cms/.rvm/usr/lib -Wl,-rpath,/home/sekai_cms/.rvm/usr/lib conftest.c  >&5
conftest.c:97:1: warning: type specifier missing, defaults to 'int' [-Wimplicit-int]
main()
^~~~
conftest.c:103:2: warning: implicitly declaring library function 'exit' with type 'void (int) __attribute__((noreturn))'
        exit(nsigint != 2);
        ^
conftest.c:103:2: note: please include the header <stdlib.h> or explicitly provide a declaration for 'exit'
2 warnings generated.
configure:4988: $? = 0
configure:4988: ./conftest
configure:4988: $? = 0
configure:4999: result: no
configure:5008: checking for presence of POSIX-style sigsetjmp/siglongjmp
configure:5060: cc -o conftest -I/usr/local/include -I/home/sekai_cms/.rvm/usr/include  -L/usr/local/lib -Wl,-rpath,/usr/local/lib -L/home/sekai_cms/.rvm/usr/lib -Wl,-rpath,/home/sekai_cms/.rvm/usr/lib conftest.c  >&5
conftest.c:70:1: warning: type specifier missing, defaults to 'int' [-Wimplicit-int]
main()
^~~~
conftest.c:89:3: warning: implicitly declaring library function 'exit' with type 'void (int) __attribute__((noreturn))'
  exit(0);      /* could get sigmask and compare to oset here. */
  ^
conftest.c:89:3: note: please include the header <stdlib.h> or explicitly provide a declaration for 'exit'
2 warnings generated.
configure:5060: $? = 0
configure:5060: ./conftest
configure:5060: $? = 0
configure:5071: result: present
configure:5078: checking for lstat
configure:5097: cc -o conftest -I/usr/local/include -I/home/sekai_cms/.rvm/usr/include  -L/usr/local/lib -Wl,-rpath,/usr/local/lib -L/home/sekai_cms/.rvm/usr/lib -Wl,-rpath,/home/sekai_cms/.rvm/usr/lib conftest.c  >&5
configure:5097: $? = 0
configure:5105: result: yes
configure:5113: checking whether or not strcoll and strcmp differ
configure:5163: cc -o conftest -I/usr/local/include -I/home/sekai_cms/.rvm/usr/include  -L/usr/local/lib -Wl,-rpath,/usr/local/lib -L/home/sekai_cms/.rvm/usr/lib -Wl,-rpath,/home/sekai_cms/.rvm/usr/lib conftest.c  >&5
conftest.c:70:1: warning: type specifier missing, defaults to 'int' [-Wimplicit-int]
main(c, v)
^~~~
conftest.c:84:14: warning: implicit declaration of function 'strcoll' is invalid in C99 [-Wimplicit-function-declaration]
        r1 = strcoll("abd", "aXd");
             ^
conftest.c:88:14: warning: implicitly declaring library function 'strcmp' with type 'int (const char *, const char *)'
        r2 = strcmp("abd", "aXd");
             ^
conftest.c:88:14: note: please include the header <string.h> or explicitly provide a declaration for 'strcmp'
conftest.c:97:2: warning: implicitly declaring library function 'exit' with type 'void (int) __attribute__((noreturn))'
        exit (r1 > 0 && r2 > 0);
        ^
conftest.c:97:2: note: please include the header <stdlib.h> or explicitly provide a declaration for 'exit'
4 warnings generated.
configure:5163: $? = 0
configure:5163: ./conftest
configure:5163: $? = 1
configure: program exited with status 1
configure: failed program was:
| /* confdefs.h */
| #define PACKAGE_NAME "readline"
| #define PACKAGE_TARNAME "readline"
| #define PACKAGE_VERSION "6.2"
| #define PACKAGE_STRING "readline 6.2"
| #define PACKAGE_BUGREPORT "bug-readline@gnu.org"
| #define PACKAGE_URL ""
| #define STDC_HEADERS 1
| #define HAVE_SYS_TYPES_H 1
| #define HAVE_SYS_STAT_H 1
| #define HAVE_STDLIB_H 1
| #define HAVE_STRING_H 1
| #define HAVE_MEMORY_H 1
| #define HAVE_STRINGS_H 1
| #define HAVE_INTTYPES_H 1
| #define HAVE_STDINT_H 1
| #define HAVE_UNISTD_H 1
| #define __EXTENSIONS__ 1
| #define _ALL_SOURCE 1
| #define _GNU_SOURCE 1
| #define _POSIX_PTHREAD_SEMANTICS 1
| #define _TANDEM_SOURCE 1
| #define PROTOTYPES 1
| #define __PROTOTYPES 1
| #define RETSIGTYPE void
| #define STDC_HEADERS 1
| #define HAVE_DIRENT_H 1
| #define HAVE_FCNTL 1
| #define HAVE_KILL 1
| #define HAVE_LSTAT 1
| #define HAVE_MEMMOVE 1
| #define HAVE_PUTENV 1
| #define HAVE_SELECT 1
| #define HAVE_SETENV 1
| #define HAVE_SETLOCALE 1
| #define HAVE_STRCASECMP 1
| #define HAVE_STRPBRK 1
| #define HAVE_TCGETATTR 1
| #define HAVE_VSNPRINTF 1
| #define HAVE_ISASCII 1
| #define HAVE_ISXDIGIT 1
| #define HAVE_GETPWENT 1
| #define HAVE_GETPWNAM 1
| #define HAVE_GETPWUID 1
| #define HAVE_STRCOLL 1
| #define HAVE_FCNTL_H 1
| #define HAVE_UNISTD_H 1
| #define HAVE_STDLIB_H 1
| #define HAVE_STDARG_H 1
| #define HAVE_STRING_H 1
| #define HAVE_STRINGS_H 1
| #define HAVE_LIMITS_H 1
| #define HAVE_LOCALE_H 1
| #define HAVE_PWD_H 1
| #define HAVE_MEMORY_H 1
| #define HAVE_TERMCAP_H 1
| #define HAVE_TERMIOS_H 1
| #define HAVE_SYS_SELECT_H 1
| #define HAVE_SYS_FILE_H 1
| #define HAVE_POSIX_SIGNALS 1
| #define HAVE_POSIX_SIGSETJMP 1
| #define HAVE_LSTAT 1
| /* end confdefs.h.  */
| 
| #include <stdio.h>
| #if defined (HAVE_LOCALE_H)
| #include <locale.h>
| #endif
| 
| main(c, v)
| int     c;
| char    *v[];
| {
|         int     r1, r2;
|         char    *deflocale, *defcoll;
| 
| #ifdef HAVE_SETLOCALE
|         deflocale = setlocale(LC_ALL, "");
| 	defcoll = setlocale(LC_COLLATE, "");
| #endif
| 
| #ifdef HAVE_STRCOLL
| 	/* These two values are taken from tests/glob-test. */
|         r1 = strcoll("abd", "aXd");
| #else
| 	r1 = 0;
| #endif
|         r2 = strcmp("abd", "aXd");
| 
| 	/* These two should both be greater than 0.  It is permissible for
| 	   a system to return different values, as long as the sign is the
| 	   same. */
| 
|         /* Exit with 1 (failure) if these two values are both > 0, since
| 	   this tests whether strcoll(3) is broken with respect to strcmp(3)
| 	   in the default locale. */
| 	exit (r1 > 0 && r2 > 0);
| }
| 
configure:5174: result: no
configure:5182: checking whether the ctype macros accept non-ascii characters
configure:5227: cc -o conftest -I/usr/local/include -I/home/sekai_cms/.rvm/usr/include  -L/usr/local/lib -Wl,-rpath,/usr/local/lib -L/home/sekai_cms/.rvm/usr/lib -Wl,-rpath,/home/sekai_cms/.rvm/usr/lib conftest.c  >&5
conftest.c:71:1: warning: type specifier missing, defaults to 'int' [-Wimplicit-int]
main(c, v)
^~~~
conftest.c:92:2: warning: implicitly declaring library function 'exit' with type 'void (int) __attribute__((noreturn))'
        exit (r1 == 0 || r2 == 0);
        ^
conftest.c:92:2: note: please include the header <stdlib.h> or explicitly provide a declaration for 'exit'
2 warnings generated.
configure:5227: $? = 0
configure:5227: ./conftest
configure:5227: $? = 0
configure:5238: result: yes
configure:5246: checking whether getpw functions are declared in pwd.h
configure:5271: result: yes
configure:5279: checking whether termios.h defines TIOCGWINSZ
configure:5302: result: yes
configure:5340: checking for sig_atomic_t in signal.h
configure:5358: cc -o conftest -I/usr/local/include -I/home/sekai_cms/.rvm/usr/include  -L/usr/local/lib -Wl,-rpath,/usr/local/lib -L/home/sekai_cms/.rvm/usr/lib -Wl,-rpath,/home/sekai_cms/.rvm/usr/lib conftest.c  >&5
configure:5358: $? = 0
configure:5366: result: yes
configure:5383: checking whether signal handlers are of type void
configure:5407: cc -c -I/usr/local/include -I/home/sekai_cms/.rvm/usr/include  conftest.c >&5
configure:5407: $? = 0
configure:5414: result: yes
configure:5422: checking for TIOCSTAT in sys/ioctl.h
configure:5439: cc -c -I/usr/local/include -I/home/sekai_cms/.rvm/usr/include  conftest.c >&5
configure:5439: $? = 0
configure:5447: result: yes
configure:5454: checking for FIONREAD in sys/ioctl.h
configure:5471: cc -c -I/usr/local/include -I/home/sekai_cms/.rvm/usr/include  conftest.c >&5
configure:5471: $? = 0
configure:5479: result: yes
configure:5486: checking for speed_t in sys/types.h
configure:5502: cc -c -I/usr/local/include -I/home/sekai_cms/.rvm/usr/include  conftest.c >&5
conftest.c:73:1: error: use of undeclared identifier 'speed_t'
speed_t x;
^
1 error generated.
configure:5502: $? = 1
configure: failed program was:
| /* confdefs.h */
| #define PACKAGE_NAME "readline"
| #define PACKAGE_TARNAME "readline"
| #define PACKAGE_VERSION "6.2"
| #define PACKAGE_STRING "readline 6.2"
| #define PACKAGE_BUGREPORT "bug-readline@gnu.org"
| #define PACKAGE_URL ""
| #define STDC_HEADERS 1
| #define HAVE_SYS_TYPES_H 1
| #define HAVE_SYS_STAT_H 1
| #define HAVE_STDLIB_H 1
| #define HAVE_STRING_H 1
| #define HAVE_MEMORY_H 1
| #define HAVE_STRINGS_H 1
| #define HAVE_INTTYPES_H 1
| #define HAVE_STDINT_H 1
| #define HAVE_UNISTD_H 1
| #define __EXTENSIONS__ 1
| #define _ALL_SOURCE 1
| #define _GNU_SOURCE 1
| #define _POSIX_PTHREAD_SEMANTICS 1
| #define _TANDEM_SOURCE 1
| #define PROTOTYPES 1
| #define __PROTOTYPES 1
| #define RETSIGTYPE void
| #define STDC_HEADERS 1
| #define HAVE_DIRENT_H 1
| #define HAVE_FCNTL 1
| #define HAVE_KILL 1
| #define HAVE_LSTAT 1
| #define HAVE_MEMMOVE 1
| #define HAVE_PUTENV 1
| #define HAVE_SELECT 1
| #define HAVE_SETENV 1
| #define HAVE_SETLOCALE 1
| #define HAVE_STRCASECMP 1
| #define HAVE_STRPBRK 1
| #define HAVE_TCGETATTR 1
| #define HAVE_VSNPRINTF 1
| #define HAVE_ISASCII 1
| #define HAVE_ISXDIGIT 1
| #define HAVE_GETPWENT 1
| #define HAVE_GETPWNAM 1
| #define HAVE_GETPWUID 1
| #define HAVE_STRCOLL 1
| #define HAVE_FCNTL_H 1
| #define HAVE_UNISTD_H 1
| #define HAVE_STDLIB_H 1
| #define HAVE_STDARG_H 1
| #define HAVE_STRING_H 1
| #define HAVE_STRINGS_H 1
| #define HAVE_LIMITS_H 1
| #define HAVE_LOCALE_H 1
| #define HAVE_PWD_H 1
| #define HAVE_MEMORY_H 1
| #define HAVE_TERMCAP_H 1
| #define HAVE_TERMIOS_H 1
| #define HAVE_SYS_SELECT_H 1
| #define HAVE_SYS_FILE_H 1
| #define HAVE_POSIX_SIGNALS 1
| #define HAVE_POSIX_SIGSETJMP 1
| #define HAVE_LSTAT 1
| #define CTYPE_NON_ASCII 1
| #define HAVE_GETPW_DECLS 1
| #define VOID_SIGHANDLER 1
| #define TIOCSTAT_IN_SYS_IOCTL 1
| #define FIONREAD_IN_SYS_IOCTL 1
| /* end confdefs.h.  */
| #include <sys/types.h>
| int
| main ()
| {
| speed_t x;
|   ;
|   return 0;
| }
configure:5510: result: no
configure:5517: checking for struct winsize in sys/ioctl.h and termios.h
configure:5534: cc -c -I/usr/local/include -I/home/sekai_cms/.rvm/usr/include  conftest.c >&5
configure:5534: $? = 0
configure:5561: result: sys/ioctl.h
configure:5576: checking for struct dirent.d_ino
configure:5614: cc -c -I/usr/local/include -I/home/sekai_cms/.rvm/usr/include  conftest.c >&5
configure:5614: $? = 0
configure:5622: result: yes
configure:5630: checking for struct dirent.d_fileno
configure:5668: cc -c -I/usr/local/include -I/home/sekai_cms/.rvm/usr/include  conftest.c >&5
configure:5668: $? = 0
configure:5676: result: yes
configure:5698: checking for tgetent
configure:5698: cc -o conftest -I/usr/local/include -I/home/sekai_cms/.rvm/usr/include  -L/usr/local/lib -Wl,-rpath,/usr/local/lib -L/home/sekai_cms/.rvm/usr/lib -Wl,-rpath,/home/sekai_cms/.rvm/usr/lib conftest.c  >&5
/tmp/conftest-6tkLts.o: In function `main':
conftest.c:(.text+0x12): undefined reference to `tgetent'
cc: error: linker command failed with exit code 1 (use -v to see invocation)
configure:5698: $? = 1
configure: failed program was:
| /* confdefs.h */
| #define PACKAGE_NAME "readline"
| #define PACKAGE_TARNAME "readline"
| #define PACKAGE_VERSION "6.2"
| #define PACKAGE_STRING "readline 6.2"
| #define PACKAGE_BUGREPORT "bug-readline@gnu.org"
| #define PACKAGE_URL ""
| #define STDC_HEADERS 1
| #define HAVE_SYS_TYPES_H 1
| #define HAVE_SYS_STAT_H 1
| #define HAVE_STDLIB_H 1
| #define HAVE_STRING_H 1
| #define HAVE_MEMORY_H 1
| #define HAVE_STRINGS_H 1
| #define HAVE_INTTYPES_H 1
| #define HAVE_STDINT_H 1
| #define HAVE_UNISTD_H 1
| #define __EXTENSIONS__ 1
| #define _ALL_SOURCE 1
| #define _GNU_SOURCE 1
| #define _POSIX_PTHREAD_SEMANTICS 1
| #define _TANDEM_SOURCE 1
| #define PROTOTYPES 1
| #define __PROTOTYPES 1
| #define RETSIGTYPE void
| #define STDC_HEADERS 1
| #define HAVE_DIRENT_H 1
| #define HAVE_FCNTL 1
| #define HAVE_KILL 1
| #define HAVE_LSTAT 1
| #define HAVE_MEMMOVE 1
| #define HAVE_PUTENV 1
| #define HAVE_SELECT 1
| #define HAVE_SETENV 1
| #define HAVE_SETLOCALE 1
| #define HAVE_STRCASECMP 1
| #define HAVE_STRPBRK 1
| #define HAVE_TCGETATTR 1
| #define HAVE_VSNPRINTF 1
| #define HAVE_ISASCII 1
| #define HAVE_ISXDIGIT 1
| #define HAVE_GETPWENT 1
| #define HAVE_GETPWNAM 1
| #define HAVE_GETPWUID 1
| #define HAVE_STRCOLL 1
| #define HAVE_FCNTL_H 1
| #define HAVE_UNISTD_H 1
| #define HAVE_STDLIB_H 1
| #define HAVE_STDARG_H 1
| #define HAVE_STRING_H 1
| #define HAVE_STRINGS_H 1
| #define HAVE_LIMITS_H 1
| #define HAVE_LOCALE_H 1
| #define HAVE_PWD_H 1
| #define HAVE_MEMORY_H 1
| #define HAVE_TERMCAP_H 1
| #define HAVE_TERMIOS_H 1
| #define HAVE_SYS_SELECT_H 1
| #define HAVE_SYS_FILE_H 1
| #define HAVE_POSIX_SIGNALS 1
| #define HAVE_POSIX_SIGSETJMP 1
| #define HAVE_LSTAT 1
| #define CTYPE_NON_ASCII 1
| #define HAVE_GETPW_DECLS 1
| #define VOID_SIGHANDLER 1
| #define TIOCSTAT_IN_SYS_IOCTL 1
| #define FIONREAD_IN_SYS_IOCTL 1
| #define STRUCT_WINSIZE_IN_SYS_IOCTL 1
| #define HAVE_STRUCT_DIRENT_D_INO 1
| #define HAVE_STRUCT_DIRENT_D_FILENO 1
| /* end confdefs.h.  */
| /* Define tgetent to an innocuous variant, in case <limits.h> declares tgetent.
|    For example, HP-UX 11i <limits.h> declares gettimeofday.  */
| #define tgetent innocuous_tgetent
| 
| /* System header to define __stub macros and hopefully few prototypes,
|     which can conflict with char tgetent (); below.
|     Prefer <limits.h> to <assert.h> if __STDC__ is defined, since
|     <limits.h> exists even on freestanding compilers.  */
| 
| #ifdef __STDC__
| # include <limits.h>
| #else
| # include <assert.h>
| #endif
| 
| #undef tgetent
| 
| /* Override any GCC internal prototype to avoid an error.
|    Use char because int might match the return type of a GCC
|    builtin and then its argument prototype would still apply.  */
| #ifdef __cplusplus
| extern "C"
| #endif
| char tgetent ();
| /* The GNU C library defines this for functions which it implements
|     to always fail with ENOSYS.  Some functions are actually named
|     something starting with __ and the normal name is an alias.  */
| #if defined __stub_tgetent || defined __stub___tgetent
| choke me
| #endif
| 
| int
| main ()
| {
| return tgetent ();
|   ;
|   return 0;
| }
configure:5698: result: no
configure:5702: checking for tgetent in -ltermcap
configure:5727: cc -o conftest -I/usr/local/include -I/home/sekai_cms/.rvm/usr/include  -L/usr/local/lib -Wl,-rpath,/usr/local/lib -L/home/sekai_cms/.rvm/usr/lib -Wl,-rpath,/home/sekai_cms/.rvm/usr/lib conftest.c -ltermcap   >&5
configure:5727: $? = 0
configure:5736: result: yes
configure:5872: checking which library has the termcap functions
configure:5875: result: using libtermcap
configure:5909: checking wctype.h usability
configure:5909: cc -c -I/usr/local/include -I/home/sekai_cms/.rvm/usr/include  conftest.c >&5
configure:5909: $? = 0
configure:5909: result: yes
configure:5909: checking wctype.h presence
configure:5909: cc -E  conftest.c
configure:5909: $? = 0
configure:5909: result: yes
configure:5909: checking for wctype.h
configure:5909: result: yes
configure:5921: checking wchar.h usability
configure:5921: cc -c -I/usr/local/include -I/home/sekai_cms/.rvm/usr/include  conftest.c >&5
configure:5921: $? = 0
configure:5921: result: yes
configure:5921: checking wchar.h presence
configure:5921: cc -E  conftest.c
configure:5921: $? = 0
configure:5921: result: yes
configure:5921: checking for wchar.h
configure:5921: result: yes
configure:5933: checking langinfo.h usability
configure:5933: cc -c -I/usr/local/include -I/home/sekai_cms/.rvm/usr/include  conftest.c >&5
configure:5933: $? = 0
configure:5933: result: yes
configure:5933: checking langinfo.h presence
configure:5933: cc -E  conftest.c
configure:5933: $? = 0
configure:5933: result: yes
configure:5933: checking for langinfo.h
configure:5933: result: yes
configure:5944: checking for mbrlen
configure:5944: cc -o conftest -I/usr/local/include -I/home/sekai_cms/.rvm/usr/include  -L/usr/local/lib -Wl,-rpath,/usr/local/lib -L/home/sekai_cms/.rvm/usr/lib -Wl,-rpath,/home/sekai_cms/.rvm/usr/lib conftest.c  >&5
configure:5944: $? = 0
configure:5944: result: yes
configure:5950: checking for mbscasecmp
configure:5950: cc -o conftest -I/usr/local/include -I/home/sekai_cms/.rvm/usr/include  -L/usr/local/lib -Wl,-rpath,/usr/local/lib -L/home/sekai_cms/.rvm/usr/lib -Wl,-rpath,/home/sekai_cms/.rvm/usr/lib conftest.c  >&5
/tmp/conftest-mFUdLi.o: In function `main':
conftest.c:(.text+0x12): undefined reference to `mbscasecmp'
cc: error: linker command failed with exit code 1 (use -v to see invocation)
configure:5950: $? = 1
configure: failed program was:
| /* confdefs.h */
| #define PACKAGE_NAME "readline"
| #define PACKAGE_TARNAME "readline"
| #define PACKAGE_VERSION "6.2"
| #define PACKAGE_STRING "readline 6.2"
| #define PACKAGE_BUGREPORT "bug-readline@gnu.org"
| #define PACKAGE_URL ""
| #define STDC_HEADERS 1
| #define HAVE_SYS_TYPES_H 1
| #define HAVE_SYS_STAT_H 1
| #define HAVE_STDLIB_H 1
| #define HAVE_STRING_H 1
| #define HAVE_MEMORY_H 1
| #define HAVE_STRINGS_H 1
| #define HAVE_INTTYPES_H 1
| #define HAVE_STDINT_H 1
| #define HAVE_UNISTD_H 1
| #define __EXTENSIONS__ 1
| #define _ALL_SOURCE 1
| #define _GNU_SOURCE 1
| #define _POSIX_PTHREAD_SEMANTICS 1
| #define _TANDEM_SOURCE 1
| #define PROTOTYPES 1
| #define __PROTOTYPES 1
| #define RETSIGTYPE void
| #define STDC_HEADERS 1
| #define HAVE_DIRENT_H 1
| #define HAVE_FCNTL 1
| #define HAVE_KILL 1
| #define HAVE_LSTAT 1
| #define HAVE_MEMMOVE 1
| #define HAVE_PUTENV 1
| #define HAVE_SELECT 1
| #define HAVE_SETENV 1
| #define HAVE_SETLOCALE 1
| #define HAVE_STRCASECMP 1
| #define HAVE_STRPBRK 1
| #define HAVE_TCGETATTR 1
| #define HAVE_VSNPRINTF 1
| #define HAVE_ISASCII 1
| #define HAVE_ISXDIGIT 1
| #define HAVE_GETPWENT 1
| #define HAVE_GETPWNAM 1
| #define HAVE_GETPWUID 1
| #define HAVE_STRCOLL 1
| #define HAVE_FCNTL_H 1
| #define HAVE_UNISTD_H 1
| #define HAVE_STDLIB_H 1
| #define HAVE_STDARG_H 1
| #define HAVE_STRING_H 1
| #define HAVE_STRINGS_H 1
| #define HAVE_LIMITS_H 1
| #define HAVE_LOCALE_H 1
| #define HAVE_PWD_H 1
| #define HAVE_MEMORY_H 1
| #define HAVE_TERMCAP_H 1
| #define HAVE_TERMIOS_H 1
| #define HAVE_SYS_SELECT_H 1
| #define HAVE_SYS_FILE_H 1
| #define HAVE_POSIX_SIGNALS 1
| #define HAVE_POSIX_SIGSETJMP 1
| #define HAVE_LSTAT 1
| #define CTYPE_NON_ASCII 1
| #define HAVE_GETPW_DECLS 1
| #define VOID_SIGHANDLER 1
| #define TIOCSTAT_IN_SYS_IOCTL 1
| #define FIONREAD_IN_SYS_IOCTL 1
| #define STRUCT_WINSIZE_IN_SYS_IOCTL 1
| #define HAVE_STRUCT_DIRENT_D_INO 1
| #define HAVE_STRUCT_DIRENT_D_FILENO 1
| #define HAVE_WCTYPE_H 1
| #define HAVE_WCHAR_H 1
| #define HAVE_LANGINFO_H 1
| #define HAVE_MBRLEN 1
| /* end confdefs.h.  */
| /* Define mbscasecmp to an innocuous variant, in case <limits.h> declares mbscasecmp.
|    For example, HP-UX 11i <limits.h> declares gettimeofday.  */
| #define mbscasecmp innocuous_mbscasecmp
| 
| /* System header to define __stub macros and hopefully few prototypes,
|     which can conflict with char mbscasecmp (); below.
|     Prefer <limits.h> to <assert.h> if __STDC__ is defined, since
|     <limits.h> exists even on freestanding compilers.  */
| 
| #ifdef __STDC__
| # include <limits.h>
| #else
| # include <assert.h>
| #endif
| 
| #undef mbscasecmp
| 
| /* Override any GCC internal prototype to avoid an error.
|    Use char because int might match the return type of a GCC
|    builtin and then its argument prototype would still apply.  */
| #ifdef __cplusplus
| extern "C"
| #endif
| char mbscasecmp ();
| /* The GNU C library defines this for functions which it implements
|     to always fail with ENOSYS.  Some functions are actually named
|     something starting with __ and the normal name is an alias.  */
| #if defined __stub_mbscasecmp || defined __stub___mbscasecmp
| choke me
| #endif
| 
| int
| main ()
| {
| return mbscasecmp ();
|   ;
|   return 0;
| }
configure:5950: result: no
configure:5956: checking for mbscmp
configure:5956: cc -o conftest -I/usr/local/include -I/home/sekai_cms/.rvm/usr/include  -L/usr/local/lib -Wl,-rpath,/usr/local/lib -L/home/sekai_cms/.rvm/usr/lib -Wl,-rpath,/home/sekai_cms/.rvm/usr/lib conftest.c  >&5
/tmp/conftest-v3Lzas.o: In function `main':
conftest.c:(.text+0x12): undefined reference to `mbscmp'
cc: error: linker command failed with exit code 1 (use -v to see invocation)
configure:5956: $? = 1
configure: failed program was:
| /* confdefs.h */
| #define PACKAGE_NAME "readline"
| #define PACKAGE_TARNAME "readline"
| #define PACKAGE_VERSION "6.2"
| #define PACKAGE_STRING "readline 6.2"
| #define PACKAGE_BUGREPORT "bug-readline@gnu.org"
| #define PACKAGE_URL ""
| #define STDC_HEADERS 1
| #define HAVE_SYS_TYPES_H 1
| #define HAVE_SYS_STAT_H 1
| #define HAVE_STDLIB_H 1
| #define HAVE_STRING_H 1
| #define HAVE_MEMORY_H 1
| #define HAVE_STRINGS_H 1
| #define HAVE_INTTYPES_H 1
| #define HAVE_STDINT_H 1
| #define HAVE_UNISTD_H 1
| #define __EXTENSIONS__ 1
| #define _ALL_SOURCE 1
| #define _GNU_SOURCE 1
| #define _POSIX_PTHREAD_SEMANTICS 1
| #define _TANDEM_SOURCE 1
| #define PROTOTYPES 1
| #define __PROTOTYPES 1
| #define RETSIGTYPE void
| #define STDC_HEADERS 1
| #define HAVE_DIRENT_H 1
| #define HAVE_FCNTL 1
| #define HAVE_KILL 1
| #define HAVE_LSTAT 1
| #define HAVE_MEMMOVE 1
| #define HAVE_PUTENV 1
| #define HAVE_SELECT 1
| #define HAVE_SETENV 1
| #define HAVE_SETLOCALE 1
| #define HAVE_STRCASECMP 1
| #define HAVE_STRPBRK 1
| #define HAVE_TCGETATTR 1
| #define HAVE_VSNPRINTF 1
| #define HAVE_ISASCII 1
| #define HAVE_ISXDIGIT 1
| #define HAVE_GETPWENT 1
| #define HAVE_GETPWNAM 1
| #define HAVE_GETPWUID 1
| #define HAVE_STRCOLL 1
| #define HAVE_FCNTL_H 1
| #define HAVE_UNISTD_H 1
| #define HAVE_STDLIB_H 1
| #define HAVE_STDARG_H 1
| #define HAVE_STRING_H 1
| #define HAVE_STRINGS_H 1
| #define HAVE_LIMITS_H 1
| #define HAVE_LOCALE_H 1
| #define HAVE_PWD_H 1
| #define HAVE_MEMORY_H 1
| #define HAVE_TERMCAP_H 1
| #define HAVE_TERMIOS_H 1
| #define HAVE_SYS_SELECT_H 1
| #define HAVE_SYS_FILE_H 1
| #define HAVE_POSIX_SIGNALS 1
| #define HAVE_POSIX_SIGSETJMP 1
| #define HAVE_LSTAT 1
| #define CTYPE_NON_ASCII 1
| #define HAVE_GETPW_DECLS 1
| #define VOID_SIGHANDLER 1
| #define TIOCSTAT_IN_SYS_IOCTL 1
| #define FIONREAD_IN_SYS_IOCTL 1
| #define STRUCT_WINSIZE_IN_SYS_IOCTL 1
| #define HAVE_STRUCT_DIRENT_D_INO 1
| #define HAVE_STRUCT_DIRENT_D_FILENO 1
| #define HAVE_WCTYPE_H 1
| #define HAVE_WCHAR_H 1
| #define HAVE_LANGINFO_H 1
| #define HAVE_MBRLEN 1
| /* end confdefs.h.  */
| /* Define mbscmp to an innocuous variant, in case <limits.h> declares mbscmp.
|    For example, HP-UX 11i <limits.h> declares gettimeofday.  */
| #define mbscmp innocuous_mbscmp
| 
| /* System header to define __stub macros and hopefully few prototypes,
|     which can conflict with char mbscmp (); below.
|     Prefer <limits.h> to <assert.h> if __STDC__ is defined, since
|     <limits.h> exists even on freestanding compilers.  */
| 
| #ifdef __STDC__
| # include <limits.h>
| #else
| # include <assert.h>
| #endif
| 
| #undef mbscmp
| 
| /* Override any GCC internal prototype to avoid an error.
|    Use char because int might match the return type of a GCC
|    builtin and then its argument prototype would still apply.  */
| #ifdef __cplusplus
| extern "C"
| #endif
| char mbscmp ();
| /* The GNU C library defines this for functions which it implements
|     to always fail with ENOSYS.  Some functions are actually named
|     something starting with __ and the normal name is an alias.  */
| #if defined __stub_mbscmp || defined __stub___mbscmp
| choke me
| #endif
| 
| int
| main ()
| {
| return mbscmp ();
|   ;
|   return 0;
| }
configure:5956: result: no
configure:5962: checking for mbsnrtowcs
configure:5962: cc -o conftest -I/usr/local/include -I/home/sekai_cms/.rvm/usr/include  -L/usr/local/lib -Wl,-rpath,/usr/local/lib -L/home/sekai_cms/.rvm/usr/lib -Wl,-rpath,/home/sekai_cms/.rvm/usr/lib conftest.c  >&5
configure:5962: $? = 0
configure:5962: result: yes
configure:5968: checking for mbsrtowcs
configure:5968: cc -o conftest -I/usr/local/include -I/home/sekai_cms/.rvm/usr/include  -L/usr/local/lib -Wl,-rpath,/usr/local/lib -L/home/sekai_cms/.rvm/usr/lib -Wl,-rpath,/home/sekai_cms/.rvm/usr/lib conftest.c  >&5
configure:5968: $? = 0
configure:5968: result: yes
configure:5976: checking for mbschr
configure:5976: cc -o conftest -I/usr/local/include -I/home/sekai_cms/.rvm/usr/include  -L/usr/local/lib -Wl,-rpath,/usr/local/lib -L/home/sekai_cms/.rvm/usr/lib -Wl,-rpath,/home/sekai_cms/.rvm/usr/lib conftest.c  >&5
/tmp/conftest-CeOaar.o: In function `main':
conftest.c:(.text+0x12): undefined reference to `mbschr'
cc: error: linker command failed with exit code 1 (use -v to see invocation)
configure:5976: $? = 1
configure: failed program was:
| /* confdefs.h */
| #define PACKAGE_NAME "readline"
| #define PACKAGE_TARNAME "readline"
| #define PACKAGE_VERSION "6.2"
| #define PACKAGE_STRING "readline 6.2"
| #define PACKAGE_BUGREPORT "bug-readline@gnu.org"
| #define PACKAGE_URL ""
| #define STDC_HEADERS 1
| #define HAVE_SYS_TYPES_H 1
| #define HAVE_SYS_STAT_H 1
| #define HAVE_STDLIB_H 1
| #define HAVE_STRING_H 1
| #define HAVE_MEMORY_H 1
| #define HAVE_STRINGS_H 1
| #define HAVE_INTTYPES_H 1
| #define HAVE_STDINT_H 1
| #define HAVE_UNISTD_H 1
| #define __EXTENSIONS__ 1
| #define _ALL_SOURCE 1
| #define _GNU_SOURCE 1
| #define _POSIX_PTHREAD_SEMANTICS 1
| #define _TANDEM_SOURCE 1
| #define PROTOTYPES 1
| #define __PROTOTYPES 1
| #define RETSIGTYPE void
| #define STDC_HEADERS 1
| #define HAVE_DIRENT_H 1
| #define HAVE_FCNTL 1
| #define HAVE_KILL 1
| #define HAVE_LSTAT 1
| #define HAVE_MEMMOVE 1
| #define HAVE_PUTENV 1
| #define HAVE_SELECT 1
| #define HAVE_SETENV 1
| #define HAVE_SETLOCALE 1
| #define HAVE_STRCASECMP 1
| #define HAVE_STRPBRK 1
| #define HAVE_TCGETATTR 1
| #define HAVE_VSNPRINTF 1
| #define HAVE_ISASCII 1
| #define HAVE_ISXDIGIT 1
| #define HAVE_GETPWENT 1
| #define HAVE_GETPWNAM 1
| #define HAVE_GETPWUID 1
| #define HAVE_STRCOLL 1
| #define HAVE_FCNTL_H 1
| #define HAVE_UNISTD_H 1
| #define HAVE_STDLIB_H 1
| #define HAVE_STDARG_H 1
| #define HAVE_STRING_H 1
| #define HAVE_STRINGS_H 1
| #define HAVE_LIMITS_H 1
| #define HAVE_LOCALE_H 1
| #define HAVE_PWD_H 1
| #define HAVE_MEMORY_H 1
| #define HAVE_TERMCAP_H 1
| #define HAVE_TERMIOS_H 1
| #define HAVE_SYS_SELECT_H 1
| #define HAVE_SYS_FILE_H 1
| #define HAVE_POSIX_SIGNALS 1
| #define HAVE_POSIX_SIGSETJMP 1
| #define HAVE_LSTAT 1
| #define CTYPE_NON_ASCII 1
| #define HAVE_GETPW_DECLS 1
| #define VOID_SIGHANDLER 1
| #define TIOCSTAT_IN_SYS_IOCTL 1
| #define FIONREAD_IN_SYS_IOCTL 1
| #define STRUCT_WINSIZE_IN_SYS_IOCTL 1
| #define HAVE_STRUCT_DIRENT_D_INO 1
| #define HAVE_STRUCT_DIRENT_D_FILENO 1
| #define HAVE_WCTYPE_H 1
| #define HAVE_WCHAR_H 1
| #define HAVE_LANGINFO_H 1
| #define HAVE_MBRLEN 1
| #define HAVE_MBSNRTOWCS 1
| #define HAVE_MBSRTOWCS 1
| /* end confdefs.h.  */
| /* Define mbschr to an innocuous variant, in case <limits.h> declares mbschr.
|    For example, HP-UX 11i <limits.h> declares gettimeofday.  */
| #define mbschr innocuous_mbschr
| 
| /* System header to define __stub macros and hopefully few prototypes,
|     which can conflict with char mbschr (); below.
|     Prefer <limits.h> to <assert.h> if __STDC__ is defined, since
|     <limits.h> exists even on freestanding compilers.  */
| 
| #ifdef __STDC__
| # include <limits.h>
| #else
| # include <assert.h>
| #endif
| 
| #undef mbschr
| 
| /* Override any GCC internal prototype to avoid an error.
|    Use char because int might match the return type of a GCC
|    builtin and then its argument prototype would still apply.  */
| #ifdef __cplusplus
| extern "C"
| #endif
| char mbschr ();
| /* The GNU C library defines this for functions which it implements
|     to always fail with ENOSYS.  Some functions are actually named
|     something starting with __ and the normal name is an alias.  */
| #if defined __stub_mbschr || defined __stub___mbschr
| choke me
| #endif
| 
| int
| main ()
| {
| return mbschr ();
|   ;
|   return 0;
| }
configure:5976: result: no
configure:5991: checking for wcrtomb
configure:5991: cc -o conftest -I/usr/local/include -I/home/sekai_cms/.rvm/usr/include  -L/usr/local/lib -Wl,-rpath,/usr/local/lib -L/home/sekai_cms/.rvm/usr/lib -Wl,-rpath,/home/sekai_cms/.rvm/usr/lib conftest.c  >&5
configure:5991: $? = 0
configure:5991: result: yes
configure:5997: checking for wcscoll
configure:5997: cc -o conftest -I/usr/local/include -I/home/sekai_cms/.rvm/usr/include  -L/usr/local/lib -Wl,-rpath,/usr/local/lib -L/home/sekai_cms/.rvm/usr/lib -Wl,-rpath,/home/sekai_cms/.rvm/usr/lib conftest.c  >&5
configure:5997: $? = 0
configure:5997: result: yes
configure:6003: checking for wcsdup
configure:6003: cc -o conftest -I/usr/local/include -I/home/sekai_cms/.rvm/usr/include  -L/usr/local/lib -Wl,-rpath,/usr/local/lib -L/home/sekai_cms/.rvm/usr/lib -Wl,-rpath,/home/sekai_cms/.rvm/usr/lib conftest.c  >&5
configure:6003: $? = 0
configure:6003: result: yes
configure:6009: checking for wcwidth
configure:6009: cc -o conftest -I/usr/local/include -I/home/sekai_cms/.rvm/usr/include  -L/usr/local/lib -Wl,-rpath,/usr/local/lib -L/home/sekai_cms/.rvm/usr/lib -Wl,-rpath,/home/sekai_cms/.rvm/usr/lib conftest.c  >&5
configure:6009: $? = 0
configure:6009: result: yes
configure:6015: checking for wctype
configure:6015: cc -o conftest -I/usr/local/include -I/home/sekai_cms/.rvm/usr/include  -L/usr/local/lib -Wl,-rpath,/usr/local/lib -L/home/sekai_cms/.rvm/usr/lib -Wl,-rpath,/home/sekai_cms/.rvm/usr/lib conftest.c  >&5
configure:6015: $? = 0
configure:6015: result: yes
configure:6022: checking for wcswidth
configure:6022: cc -o conftest -I/usr/local/include -I/home/sekai_cms/.rvm/usr/include  -L/usr/local/lib -Wl,-rpath,/usr/local/lib -L/home/sekai_cms/.rvm/usr/lib -Wl,-rpath,/home/sekai_cms/.rvm/usr/lib conftest.c  >&5
configure:6022: $? = 0
configure:6022: result: yes
configure:6038: checking whether mbrtowc and mbstate_t are properly declared
configure:6058: cc -o conftest -I/usr/local/include -I/home/sekai_cms/.rvm/usr/include  -L/usr/local/lib -Wl,-rpath,/usr/local/lib -L/home/sekai_cms/.rvm/usr/lib -Wl,-rpath,/home/sekai_cms/.rvm/usr/lib conftest.c  >&5
configure:6058: $? = 0
configure:6066: result: yes
configure:6082: checking for iswlower
configure:6082: cc -o conftest -I/usr/local/include -I/home/sekai_cms/.rvm/usr/include  -L/usr/local/lib -Wl,-rpath,/usr/local/lib -L/home/sekai_cms/.rvm/usr/lib -Wl,-rpath,/home/sekai_cms/.rvm/usr/lib conftest.c  >&5
configure:6082: $? = 0
configure:6082: result: yes
configure:6082: checking for iswupper
configure:6082: cc -o conftest -I/usr/local/include -I/home/sekai_cms/.rvm/usr/include  -L/usr/local/lib -Wl,-rpath,/usr/local/lib -L/home/sekai_cms/.rvm/usr/lib -Wl,-rpath,/home/sekai_cms/.rvm/usr/lib conftest.c  >&5
configure:6082: $? = 0
configure:6082: result: yes
configure:6082: checking for towlower
configure:6082: cc -o conftest -I/usr/local/include -I/home/sekai_cms/.rvm/usr/include  -L/usr/local/lib -Wl,-rpath,/usr/local/lib -L/home/sekai_cms/.rvm/usr/lib -Wl,-rpath,/home/sekai_cms/.rvm/usr/lib conftest.c  >&5
configure:6082: $? = 0
configure:6082: result: yes
configure:6082: checking for towupper
configure:6082: cc -o conftest -I/usr/local/include -I/home/sekai_cms/.rvm/usr/include  -L/usr/local/lib -Wl,-rpath,/usr/local/lib -L/home/sekai_cms/.rvm/usr/lib -Wl,-rpath,/home/sekai_cms/.rvm/usr/lib conftest.c  >&5
configure:6082: $? = 0
configure:6082: result: yes
configure:6082: checking for iswctype
configure:6082: cc -o conftest -I/usr/local/include -I/home/sekai_cms/.rvm/usr/include  -L/usr/local/lib -Wl,-rpath,/usr/local/lib -L/home/sekai_cms/.rvm/usr/lib -Wl,-rpath,/home/sekai_cms/.rvm/usr/lib conftest.c  >&5
configure:6082: $? = 0
configure:6082: result: yes
configure:6092: checking for nl_langinfo and CODESET
configure:6108: cc -o conftest -I/usr/local/include -I/home/sekai_cms/.rvm/usr/include  -L/usr/local/lib -Wl,-rpath,/usr/local/lib -L/home/sekai_cms/.rvm/usr/lib -Wl,-rpath,/home/sekai_cms/.rvm/usr/lib conftest.c  >&5
configure:6108: $? = 0
configure:6116: result: yes
configure:6123: checking for wchar_t in wchar.h
configure:6143: cc -c -I/usr/local/include -I/home/sekai_cms/.rvm/usr/include  conftest.c >&5
configure:6143: $? = 0
configure:6150: result: yes
configure:6158: checking for wctype_t in wctype.h
configure:6177: cc -c -I/usr/local/include -I/home/sekai_cms/.rvm/usr/include  conftest.c >&5
configure:6177: $? = 0
configure:6184: result: yes
configure:6192: checking for wint_t in wctype.h
configure:6211: cc -c -I/usr/local/include -I/home/sekai_cms/.rvm/usr/include  conftest.c >&5
configure:6211: $? = 0
configure:6218: result: yes
configure:6260: checking configuration for building shared libraries
configure:6284: result: unsupported
configure:6461: creating ./config.status

## ---------------------- ##
## Running config.status. ##
## ---------------------- ##

This file was extended by readline config.status 6.2, which was
generated by GNU Autoconf 2.69.  Invocation command line was

  CONFIG_FILES    = 
  CONFIG_HEADERS  = 
  CONFIG_LINKS    = 
  CONFIG_COMMANDS = 
  $ ./config.status 

on EVA01

config.status:928: creating Makefile
config.status:928: creating doc/Makefile
config.status:928: creating examples/Makefile
config.status:928: creating shlib/Makefile
config.status:928: creating config.h
config.status:1117: executing default commands
configure:7640: WARNING: unrecognized options: --disable-dependency-tracking

## ---------------- ##
## Cache variables. ##
## ---------------- ##

ac_cv_build=x86_64-unknown-freebsd10.0
ac_cv_c_char_unsigned=no
ac_cv_c_compiler_gnu=yes
ac_cv_c_const=yes
ac_cv_c_volatile=yes
ac_cv_env_CC_set=''
ac_cv_env_CC_value=''
ac_cv_env_CFLAGS_set=set
ac_cv_env_CFLAGS_value='-I/usr/local/include -I/home/sekai_cms/.rvm/usr/include'
ac_cv_env_CPPFLAGS_set=''
ac_cv_env_CPPFLAGS_value=''
ac_cv_env_CPP_set=''
ac_cv_env_CPP_value=''
ac_cv_env_LDFLAGS_set=set
ac_cv_env_LDFLAGS_value='-L/usr/local/lib -Wl,-rpath,/usr/local/lib -L/home/sekai_cms/.rvm/usr/lib -Wl,-rpath,/home/sekai_cms/.rvm/usr/lib'
ac_cv_env_LIBS_set=''
ac_cv_env_LIBS_value=''
ac_cv_env_build_alias_set=''
ac_cv_env_build_alias_value=''
ac_cv_env_host_alias_set=''
ac_cv_env_host_alias_value=''
ac_cv_env_target_alias_set=''
ac_cv_env_target_alias_value=''
ac_cv_func_fcntl=yes
ac_cv_func_getpwent=yes
ac_cv_func_getpwnam=yes
ac_cv_func_getpwuid=yes
ac_cv_func_isascii=yes
ac_cv_func_iswctype=yes
ac_cv_func_iswlower=yes
ac_cv_func_iswupper=yes
ac_cv_func_isxdigit=yes
ac_cv_func_kill=yes
ac_cv_func_lstat=yes
ac_cv_func_mbrlen=yes
ac_cv_func_mbrtowc=yes
ac_cv_func_mbscasecmp=no
ac_cv_func_mbschr=no
ac_cv_func_mbscmp=no
ac_cv_func_mbsnrtowcs=yes
ac_cv_func_mbsrtowcs=yes
ac_cv_func_memmove=yes
ac_cv_func_putenv=yes
ac_cv_func_select=yes
ac_cv_func_setenv=yes
ac_cv_func_setlocale=yes
ac_cv_func_strcasecmp=yes
ac_cv_func_strcoll_works=yes
ac_cv_func_strpbrk=yes
ac_cv_func_tcgetattr=yes
ac_cv_func_tgetent=no
ac_cv_func_towlower=yes
ac_cv_func_towupper=yes
ac_cv_func_vsnprintf=yes
ac_cv_func_wcrtomb=yes
ac_cv_func_wcscoll=yes
ac_cv_func_wcsdup=yes
ac_cv_func_wcswidth=yes
ac_cv_func_wctype=yes
ac_cv_func_wcwidth=yes
ac_cv_have_sig_atomic_t=yes
ac_cv_header_dirent_dirent_h=yes
ac_cv_header_fcntl_h=yes
ac_cv_header_inttypes_h=yes
ac_cv_header_langinfo_h=yes
ac_cv_header_limits_h=yes
ac_cv_header_locale_h=yes
ac_cv_header_memory_h=yes
ac_cv_header_minix_config_h=no
ac_cv_header_pwd_h=yes
ac_cv_header_stat_broken=no
ac_cv_header_stdarg_h=yes
ac_cv_header_stdc=yes
ac_cv_header_stdint_h=yes
ac_cv_header_stdlib_h=yes
ac_cv_header_string_h=yes
ac_cv_header_strings_h=yes
ac_cv_header_sys_file_h=yes
ac_cv_header_sys_pte_h=no
ac_cv_header_sys_ptem_h=no
ac_cv_header_sys_select_h=yes
ac_cv_header_sys_stat_h=yes
ac_cv_header_sys_stream_h=no
ac_cv_header_sys_types_h=yes
ac_cv_header_termcap_h=yes
ac_cv_header_termio_h=no
ac_cv_header_termios_h=yes
ac_cv_header_unistd_h=yes
ac_cv_header_varargs_h=no
ac_cv_header_wchar_h=yes
ac_cv_header_wctype_h=yes
ac_cv_host=x86_64-unknown-freebsd10.0
ac_cv_lib_termcap_tgetent=yes
ac_cv_objext=o
ac_cv_path_EGREP='/usr/bin/grep -E'
ac_cv_path_GREP=/usr/bin/grep
ac_cv_path_install='/usr/bin/install -c'
ac_cv_prog_AR=ar
ac_cv_prog_CC=cc
ac_cv_prog_CPP='cc -E'
ac_cv_prog_ac_ct_RANLIB=ranlib
ac_cv_prog_cc_c89=''
ac_cv_prog_cc_g=yes
ac_cv_prog_gcc_traditional=no
ac_cv_prog_make_make_set=yes
ac_cv_safe_to_define___extensions__=yes
ac_cv_search_opendir='none required'
ac_cv_sys_file_offset_bits=no
ac_cv_sys_largefile_CC=no
ac_cv_sys_tiocgwinsz_in_termios_h=yes
ac_cv_type_signal=void
ac_cv_type_size_t=yes
ac_cv_type_ssize_t=yes
bash_cv_dirent_has_d_fileno=yes
bash_cv_dirent_has_dino=yes
bash_cv_fionread_in_ioctl=yes
bash_cv_func_ctype_nonascii=yes
bash_cv_func_lstat=yes
bash_cv_func_sigsetjmp=present
bash_cv_func_strcoll_broken=no
bash_cv_getpw_declared=yes
bash_cv_langinfo_codeset=yes
bash_cv_must_reinstall_sighandlers=no
bash_cv_signal_vintage=posix
bash_cv_speed_t_in_sys_types=no
bash_cv_struct_winsize_header=ioctl_h
bash_cv_termcap_lib=libtermcap
bash_cv_tiocstat_in_ioctl=yes
bash_cv_type_wchar_t=yes
bash_cv_type_wctype_t=yes
bash_cv_type_wint_t=yes
bash_cv_void_sighandler=yes

## ----------------- ##
## Output variables. ##
## ----------------- ##

AR='ar'
ARFLAGS='cr'
BUILD_DIR='/home/sekai_cms/.rvm/src/readline-6.2'
CC='cc'
CFLAGS='-I/usr/local/include -I/home/sekai_cms/.rvm/usr/include'
CPP='cc -E'
CPPFLAGS=''
CROSS_COMPILE=''
DEFS='-DHAVE_CONFIG_H'
ECHO_C=''
ECHO_N='-n'
ECHO_T=''
EGREP='/usr/bin/grep -E'
EXEEXT=''
GREP='/usr/bin/grep'
INSTALL_DATA='${INSTALL} -m 644'
INSTALL_PROGRAM='${INSTALL}'
INSTALL_SCRIPT='${INSTALL}'
LDFLAGS='-L/usr/local/lib -Wl,-rpath,/usr/local/lib -L/home/sekai_cms/.rvm/usr/lib -Wl,-rpath,/home/sekai_cms/.rvm/usr/lib'
LIBOBJS=' ${LIBOBJDIR}mbschr$U.o'
LIBS=''
LIBVERSION='6.2'
LOCAL_CFLAGS=''
LOCAL_DEFS=''
LOCAL_LDFLAGS=''
LTLIBOBJS=' ${LIBOBJDIR}mbschr$U.lo'
MAKE_SHELL='/bin/sh'
OBJEXT='o'
PACKAGE_BUGREPORT='bug-readline@gnu.org'
PACKAGE_NAME='readline'
PACKAGE_STRING='readline 6.2'
PACKAGE_TARNAME='readline'
PACKAGE_URL=''
PACKAGE_VERSION='6.2'
PATH_SEPARATOR=':'
PURIFY=''
RANLIB='ranlib'
SET_MAKE=''
SHARED_INSTALL_TARGET=''
SHARED_TARGET=''
SHELL='/bin/sh'
SHLIB_DLLVERSION='$(SHLIB_MAJOR)'
SHLIB_DOT='.'
SHLIB_LIBPREF='lib'
SHLIB_LIBS=''
SHLIB_LIBSUFF='so'
SHLIB_LIBVERSION='$(SHLIB_LIBSUFF)'
SHLIB_MAJOR='6'
SHLIB_MINOR='2'
SHLIB_STATUS='unsupported'
SHLIB_XLDFLAGS=''
SHOBJ_CC='cc'
SHOBJ_CFLAGS=''
SHOBJ_LD=''
SHOBJ_LDFLAGS=''
SHOBJ_LIBS=''
SHOBJ_STATUS='unsupported'
SHOBJ_XLDFLAGS=''
STATIC_INSTALL_TARGET=''
STATIC_TARGET=''
TERMCAP_LIB='-ltermcap'
ac_ct_CC=''
bindir='${exec_prefix}/bin'
build='x86_64-unknown-freebsd10.0'
build_alias=''
build_cpu='x86_64'
build_os='freebsd10.0'
build_vendor='unknown'
datadir='${datarootdir}'
datarootdir='${prefix}/share'
docdir='${datarootdir}/doc/${PACKAGE_TARNAME}'
dvidir='${docdir}'
exec_prefix='${prefix}'
host='x86_64-unknown-freebsd10.0'
host_alias=''
host_cpu='x86_64'
host_os='freebsd10.0'
host_vendor='unknown'
htmldir='${docdir}'
includedir='${prefix}/include'
infodir='${datarootdir}/info'
libdir='${exec_prefix}/lib'
libexecdir='${exec_prefix}/libexec'
localedir='${datarootdir}/locale'
localstatedir='${prefix}/var'
mandir='${datarootdir}/man'
oldincludedir='/usr/include'
pdfdir='${docdir}'
prefix='/home/sekai_cms/.rvm/usr'
program_transform_name='s,x,x,'
psdir='${docdir}'
sbindir='${exec_prefix}/sbin'
sharedstatedir='${prefix}/com'
sysconfdir='${prefix}/etc'
target_alias=''

## ----------- ##
## confdefs.h. ##
## ----------- ##

/* confdefs.h */
#define PACKAGE_NAME "readline"
#define PACKAGE_TARNAME "readline"
#define PACKAGE_VERSION "6.2"
#define PACKAGE_STRING "readline 6.2"
#define PACKAGE_BUGREPORT "bug-readline@gnu.org"
#define PACKAGE_URL ""
#define STDC_HEADERS 1
#define HAVE_SYS_TYPES_H 1
#define HAVE_SYS_STAT_H 1
#define HAVE_STDLIB_H 1
#define HAVE_STRING_H 1
#define HAVE_MEMORY_H 1
#define HAVE_STRINGS_H 1
#define HAVE_INTTYPES_H 1
#define HAVE_STDINT_H 1
#define HAVE_UNISTD_H 1
#define __EXTENSIONS__ 1
#define _ALL_SOURCE 1
#define _GNU_SOURCE 1
#define _POSIX_PTHREAD_SEMANTICS 1
#define _TANDEM_SOURCE 1
#define PROTOTYPES 1
#define __PROTOTYPES 1
#define RETSIGTYPE void
#define STDC_HEADERS 1
#define HAVE_DIRENT_H 1
#define HAVE_FCNTL 1
#define HAVE_KILL 1
#define HAVE_LSTAT 1
#define HAVE_MEMMOVE 1
#define HAVE_PUTENV 1
#define HAVE_SELECT 1
#define HAVE_SETENV 1
#define HAVE_SETLOCALE 1
#define HAVE_STRCASECMP 1
#define HAVE_STRPBRK 1
#define HAVE_TCGETATTR 1
#define HAVE_VSNPRINTF 1
#define HAVE_ISASCII 1
#define HAVE_ISXDIGIT 1
#define HAVE_GETPWENT 1
#define HAVE_GETPWNAM 1
#define HAVE_GETPWUID 1
#define HAVE_STRCOLL 1
#define HAVE_FCNTL_H 1
#define HAVE_UNISTD_H 1
#define HAVE_STDLIB_H 1
#define HAVE_STDARG_H 1
#define HAVE_STRING_H 1
#define HAVE_STRINGS_H 1
#define HAVE_LIMITS_H 1
#define HAVE_LOCALE_H 1
#define HAVE_PWD_H 1
#define HAVE_MEMORY_H 1
#define HAVE_TERMCAP_H 1
#define HAVE_TERMIOS_H 1
#define HAVE_SYS_SELECT_H 1
#define HAVE_SYS_FILE_H 1
#define HAVE_POSIX_SIGNALS 1
#define HAVE_POSIX_SIGSETJMP 1
#define HAVE_LSTAT 1
#define CTYPE_NON_ASCII 1
#define HAVE_GETPW_DECLS 1
#define VOID_SIGHANDLER 1
#define TIOCSTAT_IN_SYS_IOCTL 1
#define FIONREAD_IN_SYS_IOCTL 1
#define STRUCT_WINSIZE_IN_SYS_IOCTL 1
#define HAVE_STRUCT_DIRENT_D_INO 1
#define HAVE_STRUCT_DIRENT_D_FILENO 1
#define HAVE_WCTYPE_H 1
#define HAVE_WCHAR_H 1
#define HAVE_LANGINFO_H 1
#define HAVE_MBRLEN 1
#define HAVE_MBSNRTOWCS 1
#define HAVE_MBSRTOWCS 1
#define HAVE_WCRTOMB 1
#define HAVE_WCSCOLL 1
#define HAVE_WCSDUP 1
#define HAVE_WCWIDTH 1
#define HAVE_WCTYPE 1
#define HAVE_WCSWIDTH 1
#define HAVE_MBRTOWC 1
#define HAVE_MBSTATE_T 1
#define HAVE_ISWLOWER 1
#define HAVE_ISWUPPER 1
#define HAVE_TOWLOWER 1
#define HAVE_TOWUPPER 1
#define HAVE_ISWCTYPE 1
#define HAVE_LANGINFO_CODESET 1
#define HAVE_WCHAR_T 1
#define HAVE_WCTYPE_T 1
#define HAVE_WINT_T 1

configure: exit 0
